A	C	G	T	N	IUPAC	Other	GC	GC_stdev
0.2596	0.2263	0.2730	0.2411	0.0000	0.0000	0.0000	0.4993	0.0570

Main genome scaffold total:         	3729
Main genome contig total:           	3729
Main genome scaffold sequence total:	3154014
Main genome contig sequence total:  	3154014  	0.000% gap
Main genome scaffold N/L50:         	1015/1098
Main genome contig N/L50:           	1015/1098
Main genome scaffold N/L90:         	2667/474
Main genome contig N/L90:           	2667/474
Max scaffold length:                	4557
Max contig length:                  	4557
Number of scaffolds > 50 KB:        	0
% main genome in scaffolds > 50 KB: 	0.00%


Minimum 	Number        	Number        	Total         	Total         	Scaffold
Scaffold	of            	of            	Scaffold      	Contig        	Contig  
Length  	Scaffolds     	Contigs       	Length        	Length        	Coverage
--------	--------------	--------------	--------------	--------------	--------
    All 	          3729	          3729	       3154014	       3154014	 100.00%
     50 	          3729	          3729	       3154014	       3154014	 100.00%
    100 	          3714	          3714	       3152616	       3152616	 100.00%
    250 	          3307	          3307	       3076839	       3076839	 100.00%
    500 	          2561	          2561	       2791839	       2791839	 100.00%
   1000 	          1200	          1200	       1774212	       1774212	 100.00%
   2500 	            58	            58	        182424	        182424	 100.00%

