[13:56:54] This is prokka 1.14.6
[13:56:54] Written by Torsten Seemann <torsten.seemann@gmail.com>
[13:56:54] Homepage is https://github.com/tseemann/prokka
[13:56:54] Local time is Wed Jul 12 13:56:54 2023
[13:56:54] You are sbraganza
[13:56:54] Operating system is linux
[13:56:54] You have BioPerl 1.007002
[13:56:54] System has 28 cores.
[13:56:54] Will use maximum of 8 cores.
[13:56:54] Annotating as >>> Bacteria <<<
[13:56:54] Generating locus_tag from '/home/sbraganza/projects/geobacillus_pangenome/geobacillus_thermodenitrificans_pangenome/prepped_fasta/Geobacillus_thermodenitrificans_T12.fna' contents.
[13:56:54] Setting --locustag FLBMOKII from MD5 f5b68422fa1a29626a11f69c3e8eeb4c
[13:56:54] Creating new output folder: prokka_run_data/Geobacillus_thermodenitrificans_T12/
[13:56:54] Running: mkdir -p prokka_run_data\/Geobacillus_thermodenitrificans_T12\/
[13:56:54] Using filename prefix: PROKKA_07122023.XXX
[13:56:54] Setting HMMER_NCPU=1
[13:56:54] Writing log to: prokka_run_data/Geobacillus_thermodenitrificans_T12//PROKKA_07122023.log
[13:56:54] Command: /home/sbraganza/prokka/bin/prokka --outdir prokka_run_data/Geobacillus_thermodenitrificans_T12/ --genus geobacillus --kingdom Bacteria /home/sbraganza/projects/geobacillus_pangenome/geobacillus_thermodenitrificans_pangenome/prepped_fasta/Geobacillus_thermodenitrificans_T12.fna --force
[13:56:54] Appending to PATH: /home/sbraganza/prokka/bin/../binaries/linux
[13:56:54] Appending to PATH: /home/sbraganza/prokka/bin/../binaries/linux/../common
[13:56:54] Appending to PATH: /home/sbraganza/prokka/bin
[13:56:54] Looking for 'aragorn' - found /usr/bin/aragorn
[13:56:54] Determined aragorn version is 001002 from 'ARAGORN v1.2.38 Dean Laslett'
[13:56:54] Looking for 'blastp' - found /usr/bin/blastp
[13:56:54] Determined blastp version is 002014 from 'blastp: 2.14.0+'
[13:56:54] Looking for 'cmpress' - found /usr/bin/cmpress
[13:56:54] Determined cmpress version is 001001 from '# INFERNAL 1.1.2 (July 2016)'
[13:56:54] Looking for 'cmscan' - found /usr/bin/cmscan
[13:56:54] Determined cmscan version is 001001 from '# INFERNAL 1.1.2 (July 2016)'
[13:56:54] Looking for 'egrep' - found /bin/egrep
[13:56:54] Looking for 'find' - found /usr/bin/find
[13:56:54] Looking for 'grep' - found /bin/grep
[13:56:54] Looking for 'hmmpress' - found /usr/bin/hmmpress
[13:56:54] Determined hmmpress version is 003001 from '# HMMER 3.1b2 (February 2015); http://hmmer.org/'
[13:56:54] Looking for 'hmmscan' - found /usr/bin/hmmscan
[13:56:54] Determined hmmscan version is 003001 from '# HMMER 3.1b2 (February 2015); http://hmmer.org/'
[13:56:54] Looking for 'java' - found /usr/bin/java
[13:56:54] Looking for 'makeblastdb' - found /usr/bin/makeblastdb
[13:56:54] Determined makeblastdb version is 002014 from 'makeblastdb: 2.14.0+'
[13:56:54] Looking for 'minced' - found /home/sbraganza/prokka/bin/../binaries/linux/../common/minced
[13:56:54] Determined minced version is 002000 from 'minced 0.2.0'
[13:56:54] Looking for 'parallel' - found /home/sbraganza/prokka/bin/../binaries/linux/../common/parallel
[13:56:54] Determined parallel version is 20150122 from 'GNU parallel 20150122'
[13:56:54] Looking for 'prodigal' - found /usr/bin/prodigal
[13:56:54] Determined prodigal version is 002006 from 'Prodigal V2.6.3: February, 2016'
[13:56:54] Looking for 'prokka-genbank_to_fasta_db' - found /home/sbraganza/prokka/bin/prokka-genbank_to_fasta_db
[13:56:54] Looking for 'sed' - found /bin/sed
[13:56:54] Looking for 'tbl2asn' - found /home/sbraganza/prokka/bin/../binaries/linux/tbl2asn
[13:56:54] Determined tbl2asn version is 025008 from 'tbl2asn 25.8   arguments:'
[13:56:54] Using genetic code table 11.
[13:56:54] Loading and checking input file: /home/sbraganza/projects/geobacillus_pangenome/geobacillus_thermodenitrificans_pangenome/prepped_fasta/Geobacillus_thermodenitrificans_T12.fna
[13:56:55] Wrote 3 contigs totalling 3756491 bp.
[13:56:55] Predicting tRNAs and tmRNAs
[13:56:55] Running: aragorn -l -gc11  -w prokka_run_data\/Geobacillus_thermodenitrificans_T12\/\/PROKKA_07122023\.fna
[13:56:56] 1 tRNA-Ile [12181,12257] 36 (gat)
[13:56:56] 2 tRNA-Ala [12267,12342] 34 (tgc)
[13:56:56] 3 tRNA-Ile [30986,31063] 36 (gat)
[13:56:56] 4 tRNA-Ala [31072,31147] 34 (tgc)
[13:56:56] 5 tRNA-Met [68523,68597] 35 (cat)
[13:56:56] 6 tRNA-Glu [68610,68684] 35 (ttc)
[13:56:56] 7 tRNA-Val [87893,87968] 34 (tac)
[13:56:56] 8 tRNA-Lys [88110,88185] 34 (ttt)
[13:56:56] 9 tRNA-Leu [88195,88281] 36 (cag)
[13:56:56] 10 tRNA-Gly [88292,88366] 33 (gcc)
[13:56:56] 11 tRNA-Leu [88382,88468] 35 (taa)
[13:56:56] 12 tRNA-Arg [88470,88545] 36 (acg)
[13:56:56] 13 tRNA-Pro [88549,88622] 35 (tgg)
[13:56:56] 14 tRNA-Ala [88634,88710] 35 (tgc)
[13:56:56] 15 tRNA-Asn [156824,156898] 33 (gtt)
[13:56:56] 16 tRNA-Thr [156906,156981] 34 (ggt)
[13:56:56] 17 tRNA-Glu [156992,157064] 34 (ttc)
[13:56:56] 18 tRNA-Gln [157167,157241] 33 (ttg)
[13:56:56] 19 tRNA-Lys [157373,157448] 35 (ttt)
[13:56:56] 20 tRNA-Gly [157454,157525] 33 (gcc)
[13:56:56] 21 tRNA-Ala [157532,157604] 34 (tgc)
[13:56:56] 22 tRNA-Asn [256165,256239] 33 (gtt)
[13:56:56] 23 tRNA-Ser [256246,256338] 35 (gct)
[13:56:56] 24 tRNA-Glu [256355,256427] 34 (ttc)
[13:56:56] 25 tRNA-Asp [256458,256533] 34 (gtc)
[13:56:56] 26 tRNA-Gln [256547,256621] 33 (ttg)
[13:56:56] 27 tRNA-Lys [256784,256859] 34 (ttt)
[13:56:56] 28 tRNA-Leu [256865,256947] 35 (tag)
[13:56:56] 29 tRNA-Leu [256958,257040] 34 (gag)
[13:56:56] 30 tRNA-Arg [257113,257188] 36 (acg)
[13:56:56] 31 tRNA-Pro [257192,257265] 35 (tgg)
[13:56:56] 32 tRNA-Gly [257281,257354] 33 (tcc)
[13:56:56] 33 tRNA-Val [635987,636062] 34 (tac)
[13:56:56] 34 tRNA-Met [636074,636150] 35 (cat)
[13:56:56] 35 tRNA-Asp [636155,636230] 34 (gtc)
[13:56:56] 36 tRNA-Phe [636408,636483] 34 (gaa)
[13:56:56] 37 tRNA-Thr [636496,636572] 35 (tgt)
[13:56:56] 38 tRNA-Lys [636579,636654] 35 (ttt)
[13:56:56] 39 tRNA-Gly [636660,636734] 33 (gcc)
[13:56:56] 40 tRNA-Leu [636742,636828] 35 (taa)
[13:56:56] 41 tRNA-Arg [636830,636905] 36 (acg)
[13:56:56] 42 tRNA-Pro [636909,636982] 35 (cgg)
[13:56:56] 43 tRNA-Ala [636992,637067] 34 (tgc)
[13:56:56] 44 tRNA-Met [637084,637159] 36 (cat)
[13:56:56] 45 tRNA-Met [637167,637243] 35 (cat)
[13:56:56] 46 tRNA-Ser [637261,637351] 35 (tga)
[13:56:56] 47 tRNA-Thr [637382,637457] 34 (tgt)
[13:56:56] 48 tRNA-His [637466,637539] 34 (gtg)
[13:56:56] 49 tRNA-Gly [637569,637639] 33 (tcc)
[13:56:56] 50 tRNA-Ile [637645,637721] 35 (gat)
[13:56:56] 51 tRNA-Asn [637964,638038] 33 (gtt)
[13:56:56] 52 tRNA-Ser [638043,638135] 35 (gct)
[13:56:56] 53 tRNA-Glu [638140,638214] 35 (ttc)
[13:56:56] 54 tRNA-Val [900546,900619] 34 (gac)
[13:56:56] 55 tRNA-Arg [1413207,1413282] 34 (cct)
[13:56:56] 56 tRNA-Pro [1687756,1687829] 35 (cgg)
[13:56:56] 57 tRNA-Ala [1687841,1687913] 34 (cgc)
[13:56:56] 58 tRNA-Ser [1687923,1688015] 37 (cga)
[13:56:56] 59 tRNA-Ile c[1829134,1829207] 35 (gat)
[13:56:56] 60 tRNA-Tyr c[1829225,1829308] 36 (gta)
[13:56:56] 61 tRNA-Thr c[1829318,1829392] 35 (cgt)
[13:56:56] 62 tRNA-Ser c[1829429,1829521] 37 (cga)
[13:56:56] 63 tRNA-Leu c[1829537,1829622] 35 (gag)
[13:56:56] 64 tRNA-Ala c[1829629,1829702] 34 (ggc)
[13:56:56] 65 tRNA-Val c[1829706,1829780] 33 (gac)
[13:56:56] 66 tRNA-Gln c[1878081,1878153] 33 (ttg)
[13:56:56] 67 tRNA-Pro [2255789,2255865] 36 (ggg)
[13:56:56] 68 tRNA-Arg c[2283930,2284006] 35 (tct)
[13:56:56] 69 tRNA-Gly c[2284029,2284099] 33 (ccc)
[13:56:56] 70 tRNA-Arg c[2284202,2284277] 36 (acg)
[13:56:56] 71 tRNA-Gly c[2284286,2284357] 33 (gcc)
[13:56:56] 72 tRNA-Ala c[2287715,2287790] 34 (tgc)
[13:56:56] 73 tRNA-Ile c[2287800,2287876] 36 (gat)
[13:56:56] 74 tRNA-Leu c[3007603,3007685] 35 (caa)
[13:56:56] 75 tRNA-Cys c[3007742,3007815] 33 (gca)
[13:56:56] 76 tRNA-Gly c[3007824,3007896] 33 (gcc)
[13:56:56] 77 tRNA-Gln c[3007902,3007976] 33 (ttg)
[13:56:56] 78 tRNA-His c[3007992,3008065] 34 (gtg)
[13:56:56] 79 tRNA-Trp c[3008083,3008156] 33 (cca)
[13:56:56] 80 tRNA-Tyr c[3008163,3008247] 35 (gta)
[13:56:56] 81 tRNA-Thr c[3008254,3008329] 34 (cgt)
[13:56:56] 82 tRNA-Phe c[3008367,3008442] 34 (gaa)
[13:56:56] 83 tRNA-Asp c[3008478,3008553] 34 (gtc)
[13:56:56] 84 tRNA-Met c[3008558,3008634] 35 (cat)
[13:56:56] 85 tRNA-Val c[3008646,3008721] 34 (tac)
[13:56:56] 86 tRNA-Glu c[3008730,3008802] 34 (ttc)
[13:56:56] 87 tRNA-Ser c[3008816,3008906] 35 (gga)
[13:56:56] 88 tRNA-Asn c[3008911,3008985] 33 (gtt)
[13:56:56] 89 tRNA-Ala c[3012402,3012477] 34 (tgc)
[13:56:56] 90 tRNA-Ile c[3012487,3012563] 36 (gat)
[13:56:56] 91 tRNA-Ala [3017508,3017582] 35 (ggc)
[13:56:56] 92 tmRNA c[3129805,3130153] 90,119 GKENYALAA*
[13:56:56] 93 tRNA-Arg c[3145906,3145980] 35 (ccg)
[13:56:56] 1 tRNA-Cys [32376,32446] 33 (gca)
[13:56:56] Found 94 tRNAs
[13:56:56] Predicting Ribosomal RNAs
[13:56:56] You need either Barrnap or RNAmmer installed to predict rRNAs!
[13:56:56] Skipping ncRNA search, enable with --rfam if desired.
[13:56:56] Total of 93 tRNA + rRNA features
[13:56:56] Searching for CRISPR repeats
[13:56:56] CRISPR1 NZ_CP020030.1 345230 with 11 spacers
[13:56:56] CRISPR2 NZ_CP020030.1 393185 with 16 spacers
[13:56:56] Found 2 CRISPRs
[13:56:56] Predicting coding sequences
[13:56:56] Contigs total 3756491 bp, so using single mode
[13:56:56] Running: prodigal -i prokka_run_data\/Geobacillus_thermodenitrificans_T12\/\/PROKKA_07122023\.fna -c -m -g 11 -p single -f sco -q
[13:57:04] Found 3692 CDS
[13:57:04] Connecting features back to sequences
[13:57:04] Not using genus-specific database. Try --usegenus to enable it.
[13:57:04] Annotating CDS, please be patient.
[13:57:04] Will use 8 CPUs for similarity searching.
[13:57:05] There are still 3692 unannotated CDS left (started with 3692)
[13:57:05] Will use blast to search against /home/sbraganza/prokka/db/kingdom/Bacteria/IS with 8 CPUs
[13:57:05] Running: cat prokka_run_data\/Geobacillus_thermodenitrificans_T12\/\/PROKKA_07122023\.IS\.tmp\.9412\.faa | parallel --gnu --plain -j 8 --block 67594 --recstart '>' --pipe blastp -query - -db /home/sbraganza/prokka/db/kingdom/Bacteria/IS -evalue 1e-30 -qcov_hsp_perc 90 -num_threads 1 -num_descriptions 1 -num_alignments 1 -seg no > prokka_run_data\/Geobacillus_thermodenitrificans_T12\/\/PROKKA_07122023\.IS\.tmp\.9412\.blast 2> /dev/null
[13:57:14] Deleting unwanted file: prokka_run_data/Geobacillus_thermodenitrificans_T12//PROKKA_07122023.IS.tmp.9412.faa
[13:57:14] Deleting unwanted file: prokka_run_data/Geobacillus_thermodenitrificans_T12//PROKKA_07122023.IS.tmp.9412.blast
[13:57:16] There are still 3548 unannotated CDS left (started with 3692)
[13:57:16] Will use blast to search against /home/sbraganza/prokka/db/kingdom/Bacteria/AMR with 8 CPUs
[13:57:16] Running: cat prokka_run_data\/Geobacillus_thermodenitrificans_T12\/\/PROKKA_07122023\.AMR\.tmp\.9412\.faa | parallel --gnu --plain -j 8 --block 64600 --recstart '>' --pipe blastp -query - -db /home/sbraganza/prokka/db/kingdom/Bacteria/AMR -evalue 9.99999999999999e-301 -qcov_hsp_perc 90 -num_threads 1 -num_descriptions 1 -num_alignments 1 -seg no > prokka_run_data\/Geobacillus_thermodenitrificans_T12\/\/PROKKA_07122023\.AMR\.tmp\.9412\.blast 2> /dev/null
[13:57:22] Deleting unwanted file: prokka_run_data/Geobacillus_thermodenitrificans_T12//PROKKA_07122023.AMR.tmp.9412.faa
[13:57:22] Deleting unwanted file: prokka_run_data/Geobacillus_thermodenitrificans_T12//PROKKA_07122023.AMR.tmp.9412.blast
[13:57:24] There are still 3548 unannotated CDS left (started with 3692)
[13:57:24] Will use blast to search against /home/sbraganza/prokka/db/kingdom/Bacteria/sprot with 8 CPUs
[13:57:24] Running: cat prokka_run_data\/Geobacillus_thermodenitrificans_T12\/\/PROKKA_07122023\.sprot\.tmp\.9412\.faa | parallel --gnu --plain -j 8 --block 64600 --recstart '>' --pipe blastp -query - -db /home/sbraganza/prokka/db/kingdom/Bacteria/sprot -evalue 1e-09 -qcov_hsp_perc 80 -num_threads 1 -num_descriptions 1 -num_alignments 1 -seg no > prokka_run_data\/Geobacillus_thermodenitrificans_T12\/\/PROKKA_07122023\.sprot\.tmp\.9412\.blast 2> /dev/null
[13:57:51] Modify product: Nucleoid-associated protein Cthe_2143 => Nucleoid-associated protein
[13:57:51] Modify product: Uncharacterized protein HP_1423 => putative protein
[13:57:51] Modify product: Probable serine/threonine-protein kinase YabT => putative serine/threonine-protein kinase YabT
[13:57:51] Modify product: Uncharacterized PIN and TRAM-domain containing protein YacL => putative PIN and TRAM-domain containing protein YacL
[13:57:51] Modify product: Uncharacterized protein YacP => putative protein YacP
[13:57:51] Modify product: Ribosome-associated protein L7Ae-like => Ribosome-associated protein L7Ae-like protein
[13:57:51] Modify product: Peptidoglycan-N-acetylglucosamine deacetylase BC_3618 => Peptidoglycan-N-acetylglucosamine deacetylase
[13:57:51] Modify product: Probable flavin reductase => putative flavin reductase
[13:57:51] Modify product: Uncharacterized protein YbbA => putative protein YbbA
[13:57:51] Modify product: Uncharacterized membrane protein Rv2637 => putative membrane protein
[13:57:51] Modify product: Probable siderophore transport system permease protein YfhA => putative siderophore transport system permease protein YfhA
[13:57:51] Modify product: Probable siderophore transport system ATP-binding protein YusV => putative siderophore transport system ATP-binding protein YusV
[13:57:51] Modify product: Uncharacterized protein YjoA => putative protein YjoA
[13:57:51] Modify product: Probable sporulation protein YtaF => putative sporulation protein YtaF
[13:57:51] Modify product: Uncharacterized ABC transporter ATP-binding protein YheS => putative ABC transporter ATP-binding protein YheS
[13:57:51] Modify product: Probable succinyl-diaminopimelate desuccinylase => putative succinyl-diaminopimelate desuccinylase
[13:57:51] Modify product: Probable tartrate dehydrogenase/decarboxylase TtuC' => putative tartrate dehydrogenase/decarboxylase TtuC'
[13:57:51] Modify product: Uncharacterized membrane protein YuaF => putative membrane protein YuaF
[13:57:51] Modify product: Probable xanthine dehydrogenase subunit A => putative xanthine dehydrogenase subunit A
[13:57:51] Modify product: UPF0053 inner membrane protein YoaE => hypothetical protein
[13:57:51] Modify product: Uncharacterized FAD-linked oxidoreductase Rv2280 => putative FAD-linked oxidoreductase
[13:57:51] Modify product: Probable peptidoglycan endopeptidase LytE => putative peptidoglycan endopeptidase LytE
[13:57:51] Modify product: Probable N-acetyl-alpha-D-glucosaminyl L-malate deacetylase 2 => putative N-acetyl-alpha-D-glucosaminyl L-malate deacetylase 2
[13:57:51] Modify product: Uncharacterized protein YojF => putative protein YojF
[13:57:51] Modify product: Probable adenylyl-sulfate kinase => putative adenylyl-sulfate kinase
[13:57:51] Modify product: UPF0435 protein YfkK => hypothetical protein
[13:57:51] Modify product: Uncharacterized MFS-type transporter YcaD => putative MFS-type transporter YcaD
[13:57:51] Modify product: Uncharacterized protein YfkD => putative protein YfkD
[13:57:51] Modify product: Probable transport protein HsrA => putative transport protein HsrA
[13:57:51] Modify product: Epimerase family protein SA0724 => Epimerase family protein
[13:57:51] Modify product: Uncharacterized protein YfhH => putative protein YfhH
[13:57:51] Modify product: Uncharacterized protein YfhP => putative protein YfhP
[13:57:51] Modify product: Putative formate dehydrogenase SA2102 => Putative formate dehydrogenase
[13:57:51] Modify product: Uncharacterized protein YfhS => putative protein YfhS
[13:57:51] Modify product: UPF0374 protein SP_1903 => hypothetical protein
[13:57:51] Modify product: Putative multidrug export ATP-binding/permease protein SAV1866 => Putative multidrug export ATP-binding/permease protein
[13:57:51] Modify product: Stress response UPF0229 protein YhbH => hypothetical protein
[13:57:51] Modify product: Uncharacterized oxidoreductase YtbE => putative oxidoreductase YtbE
[13:57:51] Modify product: UPF0053 protein Rv1842c => hypothetical protein
[13:57:51] Modify product: Uncharacterized MFS-type transporter YhhS => putative MFS-type transporter YhhS
[13:57:51] Modify product: UPF0053 protein Rv2366c => hypothetical protein
[13:57:51] Modify product: UPF0754 membrane protein SA1664 => hypothetical protein
[13:57:51] Modify product: UPF0342 protein GK0640 => hypothetical protein
[13:57:51] Modify product: Uncharacterized protein YhaP => putative protein YhaP
[13:57:51] Modify product: Probable tryptophan transport protein => putative tryptophan transport protein
[13:57:51] Modify product: Uncharacterized protein YhaI => putative protein YhaI
[13:57:51] Modify product: Uncharacterized protein Rv1339 => putative protein
[13:57:51] Modify product: SCO1 protein homolog => SCO1 protein 
[13:57:51] Modify product: Probable spore germination protein GerPF => putative spore germination protein GerPF
[13:57:51] Modify product: Probable spore germination protein GerPE => putative spore germination protein GerPE
[13:57:51] Modify product: Probable spore germination protein GerPD => putative spore germination protein GerPD
[13:57:51] Modify product: Probable spore germination protein GerPC => putative spore germination protein GerPC
[13:57:51] Modify product: Probable spore germination protein GerPB => putative spore germination protein GerPB
[13:57:51] Modify product: Probable spore germination protein GerPA => putative spore germination protein GerPA
[13:57:51] Modify product: Probable spore germination protein GerPF => putative spore germination protein GerPF
[13:57:51] Modify product: Probable spore germination protein GerPF => putative spore germination protein GerPF
[13:57:51] Modify product: Uncharacterized protein YisK => putative protein YisK
[13:57:51] Modify product: Probable FMN/FAD exporter YeeO => putative FMN/FAD exporter YeeO
[13:57:51] Modify product: UPF0234 protein Rv0566c => hypothetical protein
[13:57:51] Modify product: Fatty acid-binding protein TM_1468 => Fatty acid-binding protein
[13:57:51] Modify product: Probable molybdenum cofactor guanylyltransferase => putative molybdenum cofactor guanylyltransferase
[13:57:51] Modify product: Probable nitrate transporter NarT => putative nitrate transporter NarT
[13:57:51] Modify product: Probable cardiolipin synthase YwiE => putative cardiolipin synthase YwiE
[13:57:51] Modify product: UPF0413 protein GK0824 => hypothetical protein
[13:57:51] Modify product: Acetyltransferase SACOL1063 => Acetyltransferase
[13:57:51] Modify product: Uncharacterized HTH-type transcriptional regulator YtcD => putative HTH-type transcriptional regulator YtcD
[13:57:51] Modify product: Uncharacterized oxidoreductase YtbE => putative oxidoreductase YtbE
[13:57:51] Modify product: Uncharacterized oxidoreductase YtbE => putative oxidoreductase YtbE
[13:57:51] Modify product: UPF0316 protein SA1727 => hypothetical protein
[13:57:51] Modify product: Uncharacterized amino acid permease YhdG => putative amino acid permease YhdG
[13:57:51] Modify product: Probable HTH-type transcriptional repressor ExuR => putative HTH-type transcriptional repressor ExuR
[13:57:51] Modify product: Probable arabinose-binding protein => putative arabinose-binding protein
[13:57:51] Modify product: Probable multidrug ABC transporter ATP-binding protein YbhF => putative multidrug ABC transporter ATP-binding protein YbhF
[13:57:51] Modify product: Probable multidrug ABC transporter permease YbhR => putative multidrug ABC transporter permease YbhR
[13:57:51] Modify product: Uncharacterized HTH-type transcriptional regulator SACOL2360 => putative HTH-type transcriptional regulator
[13:57:51] Modify product: Probable 2-phosphosulfolactate phosphatase => putative 2-phosphosulfolactate phosphatase
[13:57:51] Modify product: Probable N-acetyl-LL-diaminopimelate aminotransferase => putative N-acetyl-LL-diaminopimelate aminotransferase
[13:57:51] Modify product: Probable 2,4-dienoyl-CoA reductase => putative 2,4-dienoyl-CoA reductase
[13:57:51] Modify product: Uncharacterized EAL-domain containing protein YkuI => putative EAL-domain containing protein YkuI
[13:57:51] Modify product: Uncharacterized protein YkzF => putative protein YkzF
[13:57:51] Modify product: UPF0356 protein M6_Spy1605 => hypothetical protein
[13:57:51] Modify product: UPF0358 protein YlaN => hypothetical protein
[13:57:51] Modify product: Probable peptidoglycan glycosyltransferase FtsW => putative peptidoglycan glycosyltransferase FtsW
[13:57:51] Modify product: Uncharacterized NTE family protein Rv1063c => putative NTE family protein
[13:57:51] Modify product: Uncharacterized protein YlbL => putative protein YlbL
[13:57:51] Modify product: Probable peptidoglycan glycosyltransferase FtsW => putative peptidoglycan glycosyltransferase FtsW
[13:57:51] Modify product: UPF0749 protein YlxW => hypothetical protein
[13:57:51] Modify product: Probable sporulation protein YlmC => putative sporulation protein YlmC
[13:57:51] Modify product: Rqc2 homolog RqcH => Rqc2 RqcH
[13:57:51] Modify product: UPF0701 protein HI_0467 => hypothetical protein
[13:57:51] Modify product: Probable dual-specificity RNA methyltransferase RlmN => putative dual-specificity RNA methyltransferase RlmN
[13:57:51] Modify product: Uncharacterized protein Spy1614 => putative protein
[13:57:51] Modify product: Uncharacterized protein SA1069 => putative protein
[13:57:51] Modify product: UPF0122 protein SAV1236 => hypothetical protein
[13:57:51] Modify product: Probable ATP synthase YscN => putative ATP synthase YscN
[13:57:51] Modify product: Probable ribosomal protein YlxQ => putative ribosomal protein YlxQ
[13:57:51] Modify product: Uncharacterized zinc protease Rv2782c => putative zinc protease
[13:57:51] Modify product: Probable sporulation protein YlmC => putative sporulation protein YlmC
[13:57:51] Modify product: Probable riboflavin import permease protein RfuD => putative riboflavin import permease protein RfuD
[13:57:51] Modify product: Uncharacterized protein YflH => putative protein YflH
[13:57:51] Modify product: Uncharacterized protein YmcA => putative protein YmcA
[13:57:51] Modify product: Probable peptidoglycan endopeptidase LytE => putative peptidoglycan endopeptidase LytE
[13:57:51] Modify product: Putative acyltransferase Rv0859 => Putative acyltransferase
[13:57:51] Modify product: Resolvase homolog YneB => Resolvase YneB
[13:57:51] Modify product: UPF0291 protein YnzC => hypothetical protein
[13:57:51] Modify product: UPF0154 protein SA1178 => hypothetical protein
[13:57:51] Modify product: Probable multidrug resistance ABC transporter ATP-binding/permease protein YheI => putative multidrug resistance ABC transporter ATP-binding/permease protein YheI
[13:57:51] Modify product: Probable multidrug resistance ABC transporter ATP-binding/permease protein YheH => putative multidrug resistance ABC transporter ATP-binding/permease protein YheH
[13:57:51] Modify product: UPF0394 inner membrane protein YeeE => hypothetical protein
[13:57:51] Modify product: Probable malate:quinone oxidoreductase 1 => putative malate:quinone oxidoreductase 1
[13:57:51] Modify product: UPF0302 protein BA_1542/GBAA_1542/BAS1430 => hypothetical protein
[13:57:51] Modify product: UPF0145 protein BCE33L0904 => hypothetical protein
[13:57:51] Modify product: Probable ketoamine kinase lp_1983 => putative ketoamine kinase
[13:57:51] Modify product: UPF0309 protein BH3325 => hypothetical protein
[13:57:51] Modify product: TelA-like protein SA1238 => TelA-like protein
[13:57:51] Modify product: Probable siderophore-binding lipoprotein YfiY => putative siderophore-binding lipoprotein YfiY
[13:57:51] Modify product: Probable siderophore transport system permease protein YfiZ => putative siderophore transport system permease protein YfiZ
[13:57:51] Modify product: Probable siderophore transport system permease protein YfhA => putative siderophore transport system permease protein YfhA
[13:57:51] Modify product: Probable siderophore transport system ATP-binding protein YusV => putative siderophore transport system ATP-binding protein YusV
[13:57:51] Modify product: Uncharacterized glycosyltransferase YkoT => putative glycosyltransferase YkoT
[13:57:52] Modify product: Uncharacterized protein YetJ => putative protein YetJ
[13:57:52] Modify product: Multidrug efflux system ATP-binding protein Rv1218c => Multidrug efflux system ATP-binding protein
[13:57:52] Modify product: Uncharacterized FAD-linked oxidoreductase Rv2280 => putative FAD-linked oxidoreductase
[13:57:52] Modify product: Probable ATP-dependent DNA helicase YoaA => putative ATP-dependent DNA helicase YoaA
[13:57:52] Modify product: Uncharacterized ABC transporter permease Rv0072 => putative ABC transporter permease
[13:57:52] Modify product: Putative esterase PA1618 => Putative esterase
[13:57:52] Modify product: UPF0346 protein YozE => hypothetical protein
[13:57:52] Modify product: Uncharacterized ABC transporter ATP-binding protein Rv1273c => putative ABC transporter ATP-binding protein
[13:57:52] Modify product: Uncharacterized ABC transporter ATP-binding protein TM_0288 => putative ABC transporter ATP-binding protein
[13:57:52] Modify product: Uncharacterized ABC transporter ATP-binding protein YlmA => putative ABC transporter ATP-binding protein YlmA
[13:57:52] Modify product: Probable serine/threonine-protein kinase YbdM => putative serine/threonine-protein kinase YbdM
[13:57:52] Modify product: Uncharacterized amino acid permease YvbW => putative amino acid permease YvbW
[13:57:52] Modify product: Probable cyclic di-GMP phosphodiesterase PdeI => putative cyclic di-GMP phosphodiesterase PdeI
[13:57:52] Modify product: Acetyltransferase PA3944 => Acetyltransferase
[13:57:52] Modify product: Uncharacterized protein YccU => putative protein YccU
[13:57:52] Modify product: Probable protein kinase UbiB => putative protein kinase UbiB
[13:57:52] Modify product: Probable metallo-hydrolase YflN => putative metallo-hydrolase YflN
[13:57:52] Modify product: SCO1 protein homolog => SCO1 protein 
[13:57:52] Modify product: UPF0403 protein YphP => hypothetical protein
[13:57:52] Modify product: Glutathione peroxidase homolog BsaA => Glutathione peroxidase BsaA
[13:57:52] Modify product: Probable nitrate reductase molybdenum cofactor assembly chaperone NarW => putative nitrate reductase molybdenum cofactor assembly chaperone NarW
[13:57:52] Modify product: Probable fructose-bisphosphate aldolase => putative fructose-bisphosphate aldolase
[13:57:52] Modify product: Probable 3-hydroxybutyryl-CoA dehydrogenase => putative 3-hydroxybutyryl-CoA dehydrogenase
[13:57:52] Modify product: Probable iron-sulfur-binding oxidoreductase FadF => putative iron-sulfur-binding oxidoreductase FadF
[13:57:52] Modify product: Uncharacterized beta-barrel protein YwiB => putative beta-barrel protein YwiB
[13:57:52] Modify product: Putative heme-dependent peroxidase GK3416 => Putative heme-dependent peroxidase
[13:57:52] Modify product: UPF0382 membrane protein YwdK => hypothetical protein
[13:57:52] Modify product: Uncharacterized protein YwdI => putative protein YwdI
[13:57:52] Modify product: Probable transport protein YifK => putative transport protein YifK
[13:57:52] Modify product: Peptidoglycan-N-acetylglucosamine deacetylase BC_3618 => Peptidoglycan-N-acetylglucosamine deacetylase
[13:57:52] Modify product: Uncharacterized MFS-type transporter YcaD => putative MFS-type transporter YcaD
[13:57:52] Modify product: Probable multidrug ABC transporter permease YbhR => putative multidrug ABC transporter permease YbhR
[13:57:52] Modify product: Uncharacterized membrane protein YdfK => putative membrane protein YdfK
[13:57:52] Modify product: UPF0758 protein YsxA => hypothetical protein
[13:57:52] Modify product: UPF0173 metal-dependent hydrolase SA1529 => hypothetical protein
[13:57:52] Modify product: Uncharacterized multiple-sugar transport system permease YteP => putative multiple-sugar transport system permease YteP
[13:57:52] Modify product: Probable anti-sigma-M factor YhdL => putative anti-sigma-M factor YhdL
[13:57:52] Modify product: Probable type I restriction enzyme BthVORF4518P M protein => putative type I restriction enzymeP M protein
[13:57:52] Modify product: Probable 6-phospho-beta-glucosidase => putative 6-phospho-beta-glucosidase
[13:57:52] Modify product: Uncharacterized FAD-linked oxidoreductase Rv2280 => putative FAD-linked oxidoreductase
[13:57:52] Modify product: Antitoxin BC_0921 => Antitoxin
[13:57:52] Modify product: Uncharacterized symporter YodF => putative symporter YodF
[13:57:52] Modify product: Uncharacterized protein Rv1899c => putative protein
[13:57:52] Modify product: Uncharacterized HTH-type transcriptional regulator YdjF => putative HTH-type transcriptional regulator YdjF
[13:57:52] Modify product: Uncharacterized sugar transferase EpsL => putative sugar transferase EpsL
[13:57:52] Modify product: Probable capsular polysaccharide biosynthesis protein YwqC => putative capsular polysaccharide biosynthesis protein YwqC
[13:57:52] Modify product: Uncharacterized protein YwmB => putative protein YwmB
[13:57:52] Modify product: UPF0340 protein YwlG => hypothetical protein
[13:57:52] Modify product: Probable manganese efflux pump MntP => putative manganese efflux pump MntP
[13:57:52] Modify product: Uncharacterized protein YqeY => putative protein YqeY
[13:57:52] Modify product: Uncharacterized protein YqeN => putative protein YqeN
[13:57:52] Modify product: Uncharacterized protein YqeH => putative protein YqeH
[13:57:52] Modify product: Uncharacterized methyltransferase YrrT => putative methyltransferase YrrT
[13:57:52] Modify product: 23S rRNA 5-hydroxycytidine C2501 synthase => 23S rRNA 5-hydroxycytidine synthase
[13:57:52] Modify product: UPF0473 protein SP_0194 => hypothetical protein
[13:57:52] Modify product: UPF0297 protein EF_1202 => hypothetical protein
[13:57:52] Modify product: Putative transport protein Rv0205 => Putative transport protein
[13:57:52] Modify product: Uncharacterized AAA domain-containing protein Rv2559c => putative AAA domain-containing protein
[13:57:52] Modify product: Probable transcriptional regulatory protein YebC => putative transcriptional regulatory protein YebC
[13:57:52] Modify product: Probable nicotinate-nucleotide pyrophosphorylase [carboxylating] => putative nicotinate-nucleotide pyrophosphorylase [carboxylating]
[13:57:52] Modify product: UPF0758 protein YsxA => hypothetical protein
[13:57:52] Modify product: Probable GTP-binding protein EngB => putative GTP-binding protein EngB
[13:57:52] Modify product: Putative metallophosphoesterase MG207 homolog => Putative metallophosphoesterase MG207 
[13:57:52] Modify product: Uncharacterized protein YslB => putative protein YslB
[13:57:52] Modify product: Probable enoyl-CoA hydratase => putative enoyl-CoA hydratase
[13:57:52] Modify product: Probable L-asparaginase => putative L-asparaginase
[13:57:52] Modify product: Uncharacterized protein YpbG => putative protein YpbG
[13:57:52] Modify product: Uncharacterized protein YpuA => putative protein YpuA
[13:57:52] Modify product: Uncharacterized transporter YycB => putative transporter YycB
[13:57:52] Modify product: Uncharacterized oxidoreductase SA2266 => putative oxidoreductase
[13:57:52] Modify product: UPF0403 protein SA1345 => hypothetical protein
[13:57:52] Modify product: Uncharacterized protein YycC => putative protein YycC
[13:57:52] Modify product: Bifunctional protein FolD => Bifunctional protein FolD protein
[13:57:52] Modify product: Uncharacterized protein Spy1535 => putative protein
[13:57:52] Modify product: Probable glycine dehydrogenase (decarboxylating) subunit 2 => putative glycine dehydrogenase (decarboxylating) subunit 2
[13:57:52] Modify product: Probable glycine dehydrogenase (decarboxylating) subunit 1 => putative glycine dehydrogenase (decarboxylating) subunit 1
[13:57:52] Modify product: Uncharacterized protein Rv2581c => putative protein
[13:57:52] Modify product: Uncharacterized protein YqgQ => putative protein YqgQ
[13:57:52] Modify product: Uncharacterized protein YqgN => putative protein YqgN
[13:57:52] Modify product: Phosphate-specific transport system accessory protein PhoU homolog => Phosphate-specific transport system accessory protein PhoU 
[13:57:52] Modify product: Nucleotidase CA_C3379 => Nucleotidase
[13:57:52] Modify product: Probable endonuclease 4 => putative endonuclease 4
[13:57:52] Modify product: GTP cyclohydrolase 1 type 2 homolog => GTP cyclohydrolase 1 type 2 
[13:57:52] Modify product: UPF0173 metal-dependent hydrolase SA1529 => hypothetical protein
[13:57:52] Modify product: Uncharacterized peptidase SA1530 => putative peptidase
[13:57:52] Modify product: Putative universal stress protein SA1532 => Putative universal stress protein
[13:57:52] Modify product: Uncharacterized spore protein YtfJ => putative spore protein YtfJ
[13:57:52] Modify product: Probable tRNA sulfurtransferase => putative tRNA sulfurtransferase
[13:57:52] Modify product: UPF0478 protein SA1560 => hypothetical protein
[13:57:52] Modify product: UPF0354 protein SA1564 => hypothetical protein
[13:57:52] Modify product: Probable quorum-quenching lactonase YtnP => putative quorum-quenching lactonase YtnP
[13:57:52] Modify product: Putative dipeptidase SA1572 => Putative dipeptidase
[13:57:52] Modify product: Uncharacterized HTH-type transcriptional regulator YtzE => putative HTH-type transcriptional regulator YtzE
[13:57:52] Modify product: Uncharacterized protein HI_0933 => putative protein
[13:57:52] Modify product: Sulfurtransferase Alvin_2599 => Sulfurtransferase
[13:57:52] Modify product: Uncharacterized protein YtmB => putative protein YtmB
[13:57:52] Modify product: Uncharacterized protein M6_Spy0233 => putative protein
[13:57:52] Modify product: Uncharacterized protein YcbX => putative protein YcbX
[13:57:52] Modify product: Probable N-acetyl-LL-diaminopimelate aminotransferase => putative N-acetyl-LL-diaminopimelate aminotransferase
[13:57:52] Modify product: Putative esterase aq_1494 => Putative esterase
[13:57:52] Modify product: Probable 3-hydroxybutyryl-CoA dehydrogenase => putative 3-hydroxybutyryl-CoA dehydrogenase
[13:57:52] Modify product: Probable enoyl-CoA hydratase echA8 => putative enoyl-CoA hydratase echA8
[13:57:52] Modify product: Sulfurtransferase Alvin_2599 => Sulfurtransferase
[13:57:52] Modify product: Probable ABC transporter-binding protein DR_1438 => putative ABC transporter-binding protein
[13:57:52] Modify product: Uncharacterized protein YppE => putative protein YppE
[13:57:52] Modify product: Uncharacterized protein YpoC => putative protein YpoC
[13:57:52] Modify product: Uncharacterized protein YpmB => putative protein YpmB
[13:57:52] Modify product: Uncharacterized protein YpjD => putative protein YpjD
[13:57:52] Modify product: UPF0302 protein BA_1542/GBAA_1542/BAS1430 => hypothetical protein
[13:57:52] Modify product: 30S ribosomal protein S1 homolog => 30S ribosomal protein S1 
[13:57:52] Modify product: Uncharacterized protein YpfA => putative protein YpfA
[13:57:52] Modify product: Uncharacterized protein YuiC => putative protein YuiC
[13:57:52] Modify product: NADH dehydrogenase-like protein SAOUHSC_00878 => NADH dehydrogenase-like protein
[13:57:52] Modify product: Uncharacterized protein YpjQ => putative protein YpjQ
[13:57:52] Modify product: UPF0331 protein YutE => hypothetical protein
[13:57:52] Modify product: Uncharacterized protein YutD => putative protein YutD
[13:57:52] Modify product: UPF0051 protein SA0778 => hypothetical protein
[13:57:52] Modify product: UPF0051 protein SA0778 => hypothetical protein
[13:57:52] Modify product: Probable acyl-CoA dehydrogenase => putative acyl-CoA dehydrogenase
[13:57:52] Modify product: Probable 3-hydroxyacyl-CoA dehydrogenase => putative 3-hydroxyacyl-CoA dehydrogenase
[13:57:52] Modify product: Probable manganese catalase => putative manganese catalase
[13:57:52] Modify product: Glutathione peroxidase homolog BsaA => Glutathione peroxidase BsaA
[13:57:52] Modify product: Probable protein-export membrane protein SecG => putative protein-export membrane protein SecG
[13:57:52] Modify product: Probable cell division protein WhiA => putative cell division protein WhiA
[13:57:52] Modify product: Uncharacterized protein YviE => putative protein YviE
[13:57:52] Modify product: Uncharacterized protein YvyG => putative protein YvyG
[13:57:52] Modify product: Probable undecaprenyl-phosphate N-acetylglucosaminyl 1-phosphate transferase => putative undecaprenyl-phosphate N-acetylglucosaminyl 1-phosphate transferase
[13:57:52] Modify product: Probable lipid II flippase MurJ => putative lipid II flippase MurJ
[13:57:52] Modify product: Probable sugar-binding periplasmic protein => putative sugar-binding periplasmic protein
[13:57:52] Modify product: Probable ABC transporter binding protein NosD => putative ABC transporter binding protein NosD
[13:57:52] Modify product: Uncharacterized protein YesV => putative protein YesV
[13:57:52] Modify product: Uncharacterized oxidoreductase UxuB => putative oxidoreductase UxuB
[13:57:52] Modify product: Uncharacterized multiple-sugar transport system permease YteP => putative multiple-sugar transport system permease YteP
[13:57:52] Modify product: Peptidoglycan-N-acetylglucosamine deacetylase BC_3618 => Peptidoglycan-N-acetylglucosamine deacetylase
[13:57:52] Modify product: Uncharacterized response regulatory protein SACOL0201 => putative response regulatory protein
[13:57:52] Modify product: Probable arabinose-binding protein => putative arabinose-binding protein
[13:57:52] Modify product: Probable fructose-bisphosphate aldolase => putative fructose-bisphosphate aldolase
[13:57:53] Modify product: Probable HTH-type transcriptional repressor ExuR => putative HTH-type transcriptional repressor ExuR
[13:57:53] Modify product: Probable 2-dehydro-3-deoxy-D-pentonate aldolase YjhH => putative 2-dehydro-3-deoxy-D-pentonate aldolase YjhH
[13:57:53] Modify product: Solute-binding protein Veis_3954 => Solute-binding protein
[13:57:53] Modify product: Uncharacterized protein HI_0052 => putative protein
[13:57:53] Modify product: PTS system EIIBC component SA0186 => PTS system EIIBC component
[13:57:53] Modify product: UPF0312 protein SA2479 => hypothetical protein
[13:57:53] Cleaned 263 /product names
[13:57:53] Deleting unwanted file: prokka_run_data/Geobacillus_thermodenitrificans_T12//PROKKA_07122023.sprot.tmp.9412.faa
[13:57:53] Deleting unwanted file: prokka_run_data/Geobacillus_thermodenitrificans_T12//PROKKA_07122023.sprot.tmp.9412.blast
[13:57:53] There are still 1487 unannotated CDS left (started with 3692)
[13:57:53] Will use hmmer3 to search against /home/sbraganza/prokka/db/hmm/HAMAP.hmm with 8 CPUs
[13:57:53] Running: cat prokka_run_data\/Geobacillus_thermodenitrificans_T12\/\/PROKKA_07122023\.HAMAP\.hmm\.tmp\.9412\.faa | parallel --gnu --plain -j 8 --block 21250 --recstart '>' --pipe hmmscan --noali --notextw --acc -E 1e-09 --cpu 1 /home/sbraganza/prokka/db/hmm/HAMAP.hmm /dev/stdin > prokka_run_data\/Geobacillus_thermodenitrificans_T12\/\/PROKKA_07122023\.HAMAP\.hmm\.tmp\.9412\.hmmer3 2> /dev/null
[13:58:00] Modify product: Protein SprT-like => Protein SprT-like protein
[13:58:01] Cleaned 1 /product names
[13:58:01] Deleting unwanted file: prokka_run_data/Geobacillus_thermodenitrificans_T12//PROKKA_07122023.HAMAP.hmm.tmp.9412.faa
[13:58:01] Deleting unwanted file: prokka_run_data/Geobacillus_thermodenitrificans_T12//PROKKA_07122023.HAMAP.hmm.tmp.9412.hmmer3
[13:58:01] Labelling remaining 1335 proteins as 'hypothetical protein'
[13:58:01] Possible /pseudo 'Endospore coat-associated protein YheD' at NZ_CP020030.1 position 693442
[13:58:01] Possible /pseudo 'Endospore coat-associated protein YheD' at NZ_CP020030.1 position 694788
[13:58:01] Possible /pseudo 'Endospore coat-associated protein YheD' at NZ_CP020030.1 position 695862
[13:58:01] Possible /pseudo 'putative spore germination protein GerPF' at NZ_CP020030.1 position 748738
[13:58:01] Possible /pseudo 'Tyrosine recombinase XerC' at NZ_CP020030.1 position 1019335
[13:58:01] Possible /pseudo 'putative protein' at NZ_CP020030.1 position 1204091
[13:58:01] Possible /pseudo 'Fe(2+) transporter FeoB' at NZ_CP020030.1 position 1516955
[13:58:01] Possible /pseudo 'putative ABC transporter ATP-binding protein' at NZ_CP020030.1 position 1667698
[13:58:01] Possible /pseudo 'Tyrosine recombinase XerC' at NZ_CP020030.1 position 1797549
[13:58:01] Possible /pseudo 'IS630 family transposase ISBs2' at NZ_CP020030.1 position 1841028
[13:58:01] Possible /pseudo 'IS630 family transposase ISBs2' at NZ_CP020030.1 position 1931678
[13:58:01] Possible /pseudo 'IS630 family transposase ISBs2' at NZ_CP020030.1 position 2526114
[13:58:01] Possible /pseudo 'Putative fluoride ion transporter CrcB' at NZ_CP020030.1 position 2805205
[13:58:01] Possible /pseudo 'IS630 family transposase ISBs2' at NZ_CP020030.1 position 3412529
[13:58:01] Possible /pseudo 'Acyl-CoA dehydrogenase' at NZ_CP020030.1 position 3520152
[13:58:01] Possible /pseudo 'IS630 family transposase ISBs2' at NZ_CP020030.1 position 3595998
[13:58:01] Possible /pseudo 'IS630 family transposase ISBs2' at NZ_CP020030.1 position 3609701
[13:58:01] Possible /pseudo 'IS630 family transposase ISBs2' at NZ_CP020032.1 position 49046
[13:58:01] Found 1738 unique /gene codes.
[13:58:01] Fixed 2 duplicate /gene - flgG_1 flgG_2
[13:58:01] Fixed 2 duplicate /gene - ccsA_1 ccsA_2
[13:58:01] Fixed 2 duplicate /gene - sigX_1 sigX_2
[13:58:01] Fixed 2 duplicate /gene - degA_1 degA_2
[13:58:01] Fixed 2 duplicate /gene - murJ_1 murJ_2
[13:58:01] Fixed 2 duplicate /gene - gmuE_1 gmuE_2
[13:58:01] Fixed 2 duplicate /gene - srrA_1 srrA_2
[13:58:01] Fixed 2 duplicate /gene - yerA_1 yerA_2
[13:58:01] Fixed 3 duplicate /gene - ytbE_1 ytbE_2 ytbE_3
[13:58:01] Fixed 2 duplicate /gene - ftsW_1 ftsW_2
[13:58:01] Fixed 4 duplicate /gene - yvcA_1 yvcA_2 yvcA_3 yvcA_4
[13:58:01] Fixed 3 duplicate /gene - dinB_1 dinB_2 dinB_3
[13:58:01] Fixed 2 duplicate /gene - ndhI_1 ndhI_2
[13:58:01] Fixed 2 duplicate /gene - btuF_1 btuF_2
[13:58:01] Fixed 2 duplicate /gene - dat_1 dat_2
[13:58:01] Fixed 4 duplicate /gene - bcrA_1 bcrA_2 bcrA_3 bcrA_4
[13:58:01] Fixed 2 duplicate /gene - exuR_1 exuR_2
[13:58:01] Fixed 3 duplicate /gene - araQ_1 araQ_2 araQ_3
[13:58:01] Fixed 4 duplicate /gene - pdhC_1 pdhC_2 pdhC_3 pdhC_4
[13:58:01] Fixed 2 duplicate /gene - cstA_1 cstA_2
[13:58:01] Fixed 3 duplicate /gene - mmgC_1 mmgC_2 mmgC_3
[13:58:01] Fixed 5 duplicate /gene - oppF_1 oppF_2 oppF_3 oppF_4 oppF_5
[13:58:01] Fixed 2 duplicate /gene - citT_1 citT_2
[13:58:01] Fixed 3 duplicate /gene - aldHT_1 aldHT_2 aldHT_3
[13:58:01] Fixed 2 duplicate /gene - rsbW_1 rsbW_2
[13:58:01] Fixed 2 duplicate /gene - cobD_1 cobD_2
[13:58:01] Fixed 2 duplicate /gene - sigW_1 sigW_2
[13:58:01] Fixed 2 duplicate /gene - ctaA_1 ctaA_2
[13:58:01] Fixed 5 duplicate /gene - iolG_1 iolG_2 iolG_3 iolG_4 iolG_5
[13:58:01] Fixed 2 duplicate /gene - gerAC_1 gerAC_2
[13:58:01] Fixed 2 duplicate /gene - pnp_1 pnp_2
[13:58:01] Fixed 2 duplicate /gene - rbsB_1 rbsB_2
[13:58:01] Fixed 3 duplicate /gene - sspH_1 sspH_2 sspH_3
[13:58:01] Fixed 2 duplicate /gene - metI_1 metI_2
[13:58:01] Fixed 2 duplicate /gene - cadA_1 cadA_2
[13:58:01] Fixed 2 duplicate /gene - ldh_1 ldh_2
[13:58:01] Fixed 2 duplicate /gene - tatAy_1 tatAy_2
[13:58:01] Fixed 2 duplicate /gene - dppE_1 dppE_2
[13:58:01] Fixed 2 duplicate /gene - fadA_1 fadA_2
[13:58:01] Fixed 2 duplicate /gene - ngcF_1 ngcF_2
[13:58:01] Fixed 3 duplicate /gene - ywnH_1 ywnH_2 ywnH_3
[13:58:01] Fixed 3 duplicate /gene - rbsA_1 rbsA_2 rbsA_3
[13:58:01] Fixed 2 duplicate /gene - dinG_1 dinG_2
[13:58:01] Fixed 2 duplicate /gene - ccpA_1 ccpA_2
[13:58:01] Fixed 2 duplicate /gene - braC_1 braC_2
[13:58:01] Fixed 3 duplicate /gene - kstR2_1 kstR2_2 kstR2_3
[13:58:01] Fixed 2 duplicate /gene - xylB_1 xylB_2
[13:58:01] Fixed 2 duplicate /gene - carB_1 carB_2
[13:58:01] Fixed 2 duplicate /gene - iscS_1 iscS_2
[13:58:01] Fixed 2 duplicate /gene - bepA_1 bepA_2
[13:58:01] Fixed 2 duplicate /gene - carA_1 carA_2
[13:58:01] Fixed 2 duplicate /gene - cheY_1 cheY_2
[13:58:01] Fixed 5 duplicate /gene - rcsC_1 rcsC_2 rcsC_3 rcsC_4 rcsC_5
[13:58:01] Fixed 3 duplicate /gene - kynB_1 kynB_2 kynB_3
[13:58:01] Fixed 8 duplicate /gene - fabG_1 fabG_2 fabG_3 fabG_4 fabG_5 fabG_6 fabG_7 fabG_8
[13:58:01] Fixed 2 duplicate /gene - flhB_1 flhB_2
[13:58:01] Fixed 2 duplicate /gene - mltG_1 mltG_2
[13:58:01] Fixed 2 duplicate /gene - thrC_1 thrC_2
[13:58:01] Fixed 2 duplicate /gene - lytE_1 lytE_2
[13:58:01] Fixed 4 duplicate /gene - lcfB_1 lcfB_2 lcfB_3 lcfB_4
[13:58:01] Fixed 2 duplicate /gene - spxA_1 spxA_2
[13:58:01] Fixed 2 duplicate /gene - menH_1 menH_2
[13:58:01] Fixed 2 duplicate /gene - phoR_1 phoR_2
[13:58:01] Fixed 2 duplicate /gene - abaF_1 abaF_2
[13:58:01] Fixed 2 duplicate /gene - dppB_1 dppB_2
[13:58:01] Fixed 2 duplicate /gene - lptB_1 lptB_2
[13:58:01] Fixed 3 duplicate /gene - putP_1 putP_2 putP_3
[13:58:01] Fixed 2 duplicate /gene - petC_1 petC_2
[13:58:01] Fixed 3 duplicate /gene - rlmCD_1 rlmCD_2 rlmCD_3
[13:58:01] Fixed 2 duplicate /gene - panS_1 panS_2
[13:58:01] Fixed 2 duplicate /gene - phaJ_1 phaJ_2
[13:58:01] Fixed 2 duplicate /gene - narX_1 narX_2
[13:58:01] Fixed 2 duplicate /gene - cheW_1 cheW_2
[13:58:01] Fixed 2 duplicate /gene - dapL_1 dapL_2
[13:58:01] Fixed 2 duplicate /gene - araN_1 araN_2
[13:58:01] Fixed 2 duplicate /gene - ruvB_1 ruvB_2
[13:58:01] Fixed 3 duplicate /gene - pdhB_1 pdhB_2 pdhB_3
[13:58:01] Fixed 4 duplicate /gene - cheB_1 cheB_2 cheB_3 cheB_4
[13:58:01] Fixed 2 duplicate /gene - dapA_1 dapA_2
[13:58:01] Fixed 2 duplicate /gene - arlR_1 arlR_2
[13:58:01] Fixed 2 duplicate /gene - phoP_1 phoP_2
[13:58:01] Fixed 2 duplicate /gene - cysE_1 cysE_2
[13:58:01] Fixed 3 duplicate /gene - galE_1 galE_2 galE_3
[13:58:01] Fixed 2 duplicate /gene - cotSA_1 cotSA_2
[13:58:01] Fixed 2 duplicate /gene - proC_1 proC_2
[13:58:01] Fixed 2 duplicate /gene - gerXA_1 gerXA_2
[13:58:01] Fixed 3 duplicate /gene - gerPF_1 gerPF_2 gerPF_3
[13:58:01] Fixed 2 duplicate /gene - moaA_1 moaA_2
[13:58:01] Fixed 3 duplicate /gene - rluD_1 rluD_2 rluD_3
[13:58:01] Fixed 4 duplicate /gene - kdgK_1 kdgK_2 kdgK_3 kdgK_4
[13:58:01] Fixed 2 duplicate /gene - mmgB_1 mmgB_2
[13:58:01] Fixed 2 duplicate /gene - glvR_1 glvR_2
[13:58:01] Fixed 2 duplicate /gene - uxaC_1 uxaC_2
[13:58:01] Fixed 2 duplicate /gene - tetA_1 tetA_2
[13:58:01] Fixed 2 duplicate /gene - metN_1 metN_2
[13:58:01] Fixed 6 duplicate /gene - mshA_1 mshA_2 mshA_3 mshA_4 mshA_5 mshA_6
[13:58:01] Fixed 2 duplicate /gene - speA_1 speA_2
[13:58:01] Fixed 2 duplicate /gene - acdA_1 acdA_2
[13:58:01] Fixed 3 duplicate /gene - rapA_1 rapA_2 rapA_3
[13:58:01] Fixed 2 duplicate /gene - araR_1 araR_2
[13:58:01] Fixed 2 duplicate /gene - speE_1 speE_2
[13:58:01] Fixed 3 duplicate /gene - comEC_1 comEC_2 comEC_3
[13:58:01] Fixed 2 duplicate /gene - rsmH_1 rsmH_2
[13:58:01] Fixed 2 duplicate /gene - uctC_1 uctC_2
[13:58:01] Fixed 2 duplicate /gene - ysdC_1 ysdC_2
[13:58:01] Fixed 2 duplicate /gene - tmk_1 tmk_2
[13:58:01] Fixed 2 duplicate /gene - narH_1 narH_2
[13:58:01] Fixed 2 duplicate /gene - yusV_1 yusV_2
[13:58:01] Fixed 2 duplicate /gene - pepT_1 pepT_2
[13:58:01] Fixed 2 duplicate /gene - paaF_1 paaF_2
[13:58:01] Fixed 2 duplicate /gene - dnaK_1 dnaK_2
[13:58:01] Fixed 2 duplicate /gene - paaG_1 paaG_2
[13:58:01] Fixed 2 duplicate /gene - scmP_1 scmP_2
[13:58:01] Fixed 2 duplicate /gene - xynB_1 xynB_2
[13:58:01] Fixed 3 duplicate /gene - gerBA_1 gerBA_2 gerBA_3
[13:58:01] Fixed 2 duplicate /gene - glpQ_1 glpQ_2
[13:58:01] Fixed 4 duplicate /gene - topB_1 topB_2 topB_3 topB_4
[13:58:01] Fixed 2 duplicate /gene - kdgR_1 kdgR_2
[13:58:01] Fixed 3 duplicate /gene - glpE_1 glpE_2 glpE_3
[13:58:01] Fixed 4 duplicate /gene - gloB_1 gloB_2 gloB_3 gloB_4
[13:58:01] Fixed 2 duplicate /gene - hutI_1 hutI_2
[13:58:01] Fixed 2 duplicate /gene - ugtP_1 ugtP_2
[13:58:01] Fixed 2 duplicate /gene - crcB_1 crcB_2
[13:58:01] Fixed 2 duplicate /gene - udk_1 udk_2
[13:58:01] Fixed 2 duplicate /gene - czcD_1 czcD_2
[13:58:01] Fixed 3 duplicate /gene - fnr_1 fnr_2 fnr_3
[13:58:01] Fixed 2 duplicate /gene - walR_1 walR_2
[13:58:01] Fixed 2 duplicate /gene - trpS_1 trpS_2
[13:58:01] Fixed 2 duplicate /gene - mnaA_1 mnaA_2
[13:58:01] Fixed 2 duplicate /gene - purR_1 purR_2
[13:58:01] Fixed 2 duplicate /gene - menA_1 menA_2
[13:58:01] Fixed 2 duplicate /gene - hom_1 hom_2
[13:58:01] Fixed 2 duplicate /gene - bsaA_1 bsaA_2
[13:58:01] Fixed 3 duplicate /gene - lutA_1 lutA_2 lutA_3
[13:58:01] Fixed 2 duplicate /gene - glnA_1 glnA_2
[13:58:01] Fixed 2 duplicate /gene - gapN_1 gapN_2
[13:58:01] Fixed 2 duplicate /gene - fbaA_1 fbaA_2
[13:58:01] Fixed 2 duplicate /gene - resA_1 resA_2
[13:58:01] Fixed 2 duplicate /gene - spoVAD_1 spoVAD_2
[13:58:01] Fixed 2 duplicate /gene - ybhR_1 ybhR_2
[13:58:01] Fixed 2 duplicate /gene - yfhA_1 yfhA_2
[13:58:01] Fixed 3 duplicate /gene - rbsC_1 rbsC_2 rbsC_3
[13:58:01] Fixed 3 duplicate /gene - bmr3_1 bmr3_2 bmr3_3
[13:58:01] Fixed 2 duplicate /gene - map_1 map_2
[13:58:01] Fixed 2 duplicate /gene - pepF1_1 pepF1_2
[13:58:01] Fixed 2 duplicate /gene - gltP_1 gltP_2
[13:58:01] Fixed 2 duplicate /gene - catD_1 catD_2
[13:58:01] Fixed 3 duplicate /gene - IMPDH_1 IMPDH_2 IMPDH_3
[13:58:01] Fixed 2 duplicate /gene - feuB_1 feuB_2
[13:58:01] Fixed 2 duplicate /gene - corA_1 corA_2
[13:58:01] Fixed 2 duplicate /gene - nphA2_1 nphA2_2
[13:58:01] Fixed 2 duplicate /gene - ribX_1 ribX_2
[13:58:01] Fixed 2 duplicate /gene - cysK_1 cysK_2
[13:58:01] Fixed 4 duplicate /gene - acsA_1 acsA_2 acsA_3 acsA_4
[13:58:01] Fixed 9 duplicate /gene - btuD_1 btuD_2 btuD_3 btuD_4 btuD_5 btuD_6 btuD_7 btuD_8 btuD_9
[13:58:01] Fixed 2 duplicate /gene - rsfA_1 rsfA_2
[13:58:01] Fixed 2 duplicate /gene - ylmC_1 ylmC_2
[13:58:01] Fixed 2 duplicate /gene - narG_1 narG_2
[13:58:01] Fixed 2 duplicate /gene - gtaB_1 gtaB_2
[13:58:01] Fixed 2 duplicate /gene - cadC_1 cadC_2
[13:58:01] Fixed 2 duplicate /gene - iolA_1 iolA_2
[13:58:01] Fixed 2 duplicate /gene - tagG_1 tagG_2
[13:58:01] Fixed 5 duplicate /gene - smc_1 smc_2 smc_3 smc_4 smc_5
[13:58:01] Fixed 2 duplicate /gene - sufS_1 sufS_2
[13:58:01] Fixed 2 duplicate /gene - tadA_1 tadA_2
[13:58:01] Fixed 2 duplicate /gene - cobB_1 cobB_2
[13:58:01] Fixed 2 duplicate /gene - cccA_1 cccA_2
[13:58:01] Fixed 2 duplicate /gene - hpr_1 hpr_2
[13:58:01] Fixed 2 duplicate /gene - paaX_1 paaX_2
[13:58:01] Fixed 2 duplicate /gene - rnmV_1 rnmV_2
[13:58:01] Fixed 6 duplicate /gene - sasA_1 sasA_2 sasA_3 sasA_4 sasA_5 sasA_6
[13:58:01] Fixed 2 duplicate /gene - queA_1 queA_2
[13:58:01] Fixed 2 duplicate /gene - bfmBAB_1 bfmBAB_2
[13:58:01] Fixed 3 duplicate /gene - pdhA_1 pdhA_2 pdhA_3
[13:58:01] Fixed 2 duplicate /gene - sleL_1 sleL_2
[13:58:01] Fixed 3 duplicate /gene - yndE_1 yndE_2 yndE_3
[13:58:01] Fixed 2 duplicate /gene - soj_1 soj_2
[13:58:01] Fixed 2 duplicate /gene - ypmQ_1 ypmQ_2
[13:58:01] Fixed 3 duplicate /gene - lacF_1 lacF_2 lacF_3
[13:58:01] Fixed 2 duplicate /gene - mdrP_1 mdrP_2
[13:58:01] Fixed 2 duplicate /gene - gabP_1 gabP_2
[13:58:01] Fixed 3 duplicate /gene - livF_1 livF_2 livF_3
[13:58:01] Fixed 2 duplicate /gene - ngcG_1 ngcG_2
[13:58:01] Fixed 2 duplicate /gene - paaA_1 paaA_2
[13:58:01] Fixed 2 duplicate /gene - ilvD_1 ilvD_2
[13:58:01] Fixed 2 duplicate /gene - sumT_1 sumT_2
[13:58:01] Fixed 2 duplicate /gene - ald_1 ald_2
[13:58:01] Fixed 9 duplicate /gene - xerC_1 xerC_2 xerC_3 xerC_4 xerC_5 xerC_6 xerC_7 xerC_8 xerC_9
[13:58:01] Fixed 2 duplicate /gene - bacC_1 bacC_2
[13:58:01] Fixed 2 duplicate /gene - pta_1 pta_2
[13:58:01] Fixed 3 duplicate /gene - xylG_1 xylG_2 xylG_3
[13:58:01] Fixed 2 duplicate /gene - xylA_1 xylA_2
[13:58:01] Fixed 3 duplicate /gene - kdgA_1 kdgA_2 kdgA_3
[13:58:01] Fixed 2 duplicate /gene - xynR_1 xynR_2
[13:58:01] Fixed 3 duplicate /gene - feoB_1 feoB_2 feoB_3
[13:58:01] Fixed 2 duplicate /gene - xerD_1 xerD_2
[13:58:01] Fixed 2 duplicate /gene - dapH_1 dapH_2
[13:58:01] Fixed 2 duplicate /gene - metN2_1 metN2_2
[13:58:01] Fixed 5 duplicate /gene - norR_1 norR_2 norR_3 norR_4 norR_5
[13:58:01] Fixed 4 duplicate /gene - oppD_1 oppD_2 oppD_3 oppD_4
[13:58:01] Fixed 3 duplicate /gene - livH_1 livH_2 livH_3
[13:58:01] Fixed 2 duplicate /gene - thiO_1 thiO_2
[13:58:01] Fixed 2 duplicate /gene - ahpC_1 ahpC_2
[13:58:01] Fixed 3 duplicate /gene - thyA_1 thyA_2 thyA_3
[13:58:01] Fixed 4 duplicate /gene - yheD_1 yheD_2 yheD_3 yheD_4
[13:58:01] Fixed 2 duplicate /gene - pgcA_1 pgcA_2
[13:58:01] Fixed 3 duplicate /gene - gsiD_1 gsiD_2 gsiD_3
[13:58:01] Fixed 2 duplicate /gene - dapX_1 dapX_2
[13:58:01] Fixed 2 duplicate /gene - der_1 der_2
[13:58:01] Fixed 2 duplicate /gene - spo0M_1 spo0M_2
[13:58:01] Fixed 2 duplicate /gene - menB_1 menB_2
[13:58:01] Fixed 2 duplicate /gene - yteP_1 yteP_2
[13:58:01] Fixed 2 duplicate /gene - gbsA_1 gbsA_2
[13:58:01] Fixed 2 duplicate /gene - metQ_1 metQ_2
[13:58:01] Fixed 2 duplicate /gene - ycaD_1 ycaD_2
[13:58:01] Fixed 2 duplicate /gene - ilvB_1 ilvB_2
[13:58:01] Fixed 2 duplicate /gene - yrdA_1 yrdA_2
[13:58:01] Fixed 2 duplicate /gene - ssuA_1 ssuA_2
[13:58:01] Fixed 2 duplicate /gene - uvrB_1 uvrB_2
[13:58:01] Fixed 2 duplicate /gene - sugB_1 sugB_2
[13:58:01] Fixed 220 colliding /gene names.
[13:58:01] Adding /locus_tag identifiers
[13:58:01] Assigned 3786 locus_tags to CDS and RNA features.
[13:58:01] Writing outputs to prokka_run_data/Geobacillus_thermodenitrificans_T12//
[13:58:03] Generating annotation statistics file
[13:58:03] Generating Genbank and Sequin files
[13:58:03] Running: tbl2asn -V b -a r10k -l paired-ends -M n -N 1 -y 'Annotated using prokka 1.14.6 from https://github.com/tseemann/prokka' -Z prokka_run_data\/Geobacillus_thermodenitrificans_T12\/\/PROKKA_07122023\.err -i prokka_run_data\/Geobacillus_thermodenitrificans_T12\/\/PROKKA_07122023\.fsa 2> /dev/null
[13:58:07] Could not run command: tbl2asn -V b -a r10k -l paired-ends -M n -N 1 -y 'Annotated using prokka 1.14.6 from https://github.com/tseemann/prokka' -Z prokka_run_data\/Geobacillus_thermodenitrificans_T12\/\/PROKKA_07122023\.err -i prokka_run_data\/Geobacillus_thermodenitrificans_T12\/\/PROKKA_07122023\.fsa 2> /dev/null
