[13:51:56] This is prokka 1.14.6
[13:51:56] Written by Torsten Seemann <torsten.seemann@gmail.com>
[13:51:56] Homepage is https://github.com/tseemann/prokka
[13:51:56] Local time is Wed Jul 12 13:51:56 2023
[13:51:56] You are sbraganza
[13:51:56] Operating system is linux
[13:51:56] You have BioPerl 1.007002
[13:51:57] System has 28 cores.
[13:51:57] Will use maximum of 8 cores.
[13:51:57] Annotating as >>> Bacteria <<<
[13:51:57] Generating locus_tag from '/home/sbraganza/projects/geobacillus_pangenome/geobacillus_thermodenitrificans_pangenome/prepped_fasta/Geobacillus_thermodenitrificans_JSC_T9a.fna' contents.
[13:51:57] Setting --locustag NCBEONCI from MD5 7cbe87c227ab8ae36ec468412dc2dfe8
[13:51:57] Creating new output folder: prokka_run_data/Geobacillus_thermodenitrificans_JSC_T9a/
[13:51:57] Running: mkdir -p prokka_run_data\/Geobacillus_thermodenitrificans_JSC_T9a\/
[13:51:57] Using filename prefix: PROKKA_07122023.XXX
[13:51:57] Setting HMMER_NCPU=1
[13:51:57] Writing log to: prokka_run_data/Geobacillus_thermodenitrificans_JSC_T9a//PROKKA_07122023.log
[13:51:57] Command: /home/sbraganza/prokka/bin/prokka --outdir prokka_run_data/Geobacillus_thermodenitrificans_JSC_T9a/ --genus geobacillus --kingdom Bacteria /home/sbraganza/projects/geobacillus_pangenome/geobacillus_thermodenitrificans_pangenome/prepped_fasta/Geobacillus_thermodenitrificans_JSC_T9a.fna --force
[13:51:57] Appending to PATH: /home/sbraganza/prokka/bin/../binaries/linux
[13:51:57] Appending to PATH: /home/sbraganza/prokka/bin/../binaries/linux/../common
[13:51:57] Appending to PATH: /home/sbraganza/prokka/bin
[13:51:57] Looking for 'aragorn' - found /usr/bin/aragorn
[13:51:57] Determined aragorn version is 001002 from 'ARAGORN v1.2.38 Dean Laslett'
[13:51:57] Looking for 'blastp' - found /usr/bin/blastp
[13:51:57] Determined blastp version is 002014 from 'blastp: 2.14.0+'
[13:51:57] Looking for 'cmpress' - found /usr/bin/cmpress
[13:51:57] Determined cmpress version is 001001 from '# INFERNAL 1.1.2 (July 2016)'
[13:51:57] Looking for 'cmscan' - found /usr/bin/cmscan
[13:51:57] Determined cmscan version is 001001 from '# INFERNAL 1.1.2 (July 2016)'
[13:51:57] Looking for 'egrep' - found /bin/egrep
[13:51:57] Looking for 'find' - found /usr/bin/find
[13:51:57] Looking for 'grep' - found /bin/grep
[13:51:57] Looking for 'hmmpress' - found /usr/bin/hmmpress
[13:51:57] Determined hmmpress version is 003001 from '# HMMER 3.1b2 (February 2015); http://hmmer.org/'
[13:51:57] Looking for 'hmmscan' - found /usr/bin/hmmscan
[13:51:57] Determined hmmscan version is 003001 from '# HMMER 3.1b2 (February 2015); http://hmmer.org/'
[13:51:57] Looking for 'java' - found /usr/bin/java
[13:51:57] Looking for 'makeblastdb' - found /usr/bin/makeblastdb
[13:51:57] Determined makeblastdb version is 002014 from 'makeblastdb: 2.14.0+'
[13:51:57] Looking for 'minced' - found /home/sbraganza/prokka/bin/../binaries/linux/../common/minced
[13:51:57] Determined minced version is 002000 from 'minced 0.2.0'
[13:51:57] Looking for 'parallel' - found /home/sbraganza/prokka/bin/../binaries/linux/../common/parallel
[13:51:57] Determined parallel version is 20150122 from 'GNU parallel 20150122'
[13:51:57] Looking for 'prodigal' - found /usr/bin/prodigal
[13:51:57] Determined prodigal version is 002006 from 'Prodigal V2.6.3: February, 2016'
[13:51:57] Looking for 'prokka-genbank_to_fasta_db' - found /home/sbraganza/prokka/bin/prokka-genbank_to_fasta_db
[13:51:57] Looking for 'sed' - found /bin/sed
[13:51:57] Looking for 'tbl2asn' - found /home/sbraganza/prokka/bin/../binaries/linux/tbl2asn
[13:51:57] Determined tbl2asn version is 025008 from 'tbl2asn 25.8   arguments:'
[13:51:57] Using genetic code table 11.
[13:51:57] Loading and checking input file: /home/sbraganza/projects/geobacillus_pangenome/geobacillus_thermodenitrificans_pangenome/prepped_fasta/Geobacillus_thermodenitrificans_JSC_T9a.fna
[13:51:57] Wrote 31 contigs totalling 3505729 bp.
[13:51:57] Predicting tRNAs and tmRNAs
[13:51:57] Running: aragorn -l -gc11  -w prokka_run_data\/Geobacillus_thermodenitrificans_JSC_T9a\/\/PROKKA_07122023\.fna
[13:51:58] 1 tRNA-Leu c[732440,732524] 35 (caa)
[13:51:58] 2 tRNA-Cys c[732582,732655] 33 (gca)
[13:51:58] 3 tRNA-Gly c[732664,732736] 33 (gcc)
[13:51:58] 4 tRNA-Gln c[732742,732816] 33 (ttg)
[13:51:58] 5 tRNA-His c[732832,732905] 34 (gtg)
[13:51:58] 6 tRNA-Trp c[732923,732996] 33 (cca)
[13:51:58] 7 tRNA-Tyr c[733003,733087] 35 (gta)
[13:51:58] 8 tRNA-Thr c[733094,733169] 34 (cgt)
[13:51:58] 9 tRNA-Phe c[733207,733282] 34 (gaa)
[13:51:58] 10 tRNA-Asp c[733318,733393] 34 (gtc)
[13:51:58] 1 tRNA-Arg c[2681,2756] 34 (cct)
[13:51:58] 2 tRNA-Val c[459734,459809] 35 (gac)
[13:51:58] 3 tRNA-Glu c[724058,724132] 35 (ttc)
[13:51:58] 4 tRNA-Ser c[724137,724229] 35 (gct)
[13:51:58] 5 tRNA-Asn c[724234,724308] 33 (gtt)
[13:51:58] 6 tRNA-Ile c[724551,724627] 35 (gat)
[13:51:58] 7 tRNA-Gly c[724633,724703] 33 (tcc)
[13:51:58] 8 tRNA-His c[724733,724806] 34 (gtg)
[13:51:58] 9 tRNA-Thr c[724815,724890] 34 (tgt)
[13:51:58] 10 tRNA-Ser c[724921,725011] 35 (tga)
[13:51:58] 11 tRNA-Met c[725029,725105] 35 (cat)
[13:51:58] 12 tRNA-Met c[725113,725188] 36 (cat)
[13:51:58] 13 tRNA-Ala c[725205,725280] 34 (tgc)
[13:51:58] 14 tRNA-Pro c[725290,725363] 35 (cgg)
[13:51:58] 1 tRNA-Met [32498,32572] 35 (cat)
[13:51:58] 2 tRNA-Glu [32585,32659] 35 (ttc)
[13:51:58] 3 tRNA-Val [51840,51915] 34 (tac)
[13:51:58] 4 tRNA-Lys [52057,52132] 34 (ttt)
[13:51:58] 5 tRNA-Leu [52142,52228] 36 (cag)
[13:51:58] 6 tRNA-Gly [52239,52313] 33 (gcc)
[13:51:58] 7 tRNA-Leu [52329,52415] 35 (taa)
[13:51:58] 8 tRNA-Pro [52452,52525] 35 (tgg)
[13:51:58] 9 tRNA-Ala [52537,52613] 35 (tgc)
[13:51:58] 1 tRNA-Pro [287319,287392] 35 (cgg)
[13:51:58] 2 tRNA-Ala [287404,287476] 34 (cgc)
[13:51:58] 3 tRNA-Ser [287486,287578] 37 (cga)
[13:51:58] 4 tRNA-Ile c[467905,467978] 35 (gat)
[13:51:58] 5 tRNA-Tyr c[467996,468079] 36 (gta)
[13:51:58] 6 tRNA-Thr c[468089,468163] 35 (cgt)
[13:51:58] 7 tRNA-Ser c[468200,468292] 37 (cga)
[13:51:58] 8 tRNA-Leu c[468308,468393] 35 (gag)
[13:51:58] 9 tRNA-Ala c[468400,468473] 34 (ggc)
[13:51:58] 10 tRNA-Val c[468477,468551] 33 (gac)
[13:51:58] 11 tRNA-Gln c[514777,514849] 33 (ttg)
[13:51:58] 1 tRNA-Arg c[10084,10160] 35 (tct)
[13:51:58] 2 tRNA-Gly c[10183,10253] 33 (ccc)
[13:51:58] 3 tRNA-Arg c[10356,10431] 36 (acg)
[13:51:58] 4 tRNA-Gly c[10440,10511] 33 (gcc)
[13:51:58] 1 tmRNA c[16459,16807] 90,119 GKENYALAA*
[13:51:58] 2 tRNA-Arg c[32559,32633] 35 (ccg)
[13:51:58] 1 tRNA-Ala [3210,3284] 35 (ggc)
[13:51:58] 1 tRNA-Pro c[22045,22121] 36 (ggg)
[13:51:58] 1 tRNA-Gly c[126,199] 33 (tcc)
[13:51:58] 2 tRNA-Pro c[214,289] 36 (tgg)
[13:51:58] 3 tRNA-Arg c[293,369] 35 (acg)
[13:51:58] 4 tRNA-Leu c[444,526] 34 (gag)
[13:51:58] 5 tRNA-Leu c[537,619] 35 (tag)
[13:51:58] 6 tRNA-Lys c[625,700] 34 (ttt)
[13:51:58] 7 tRNA-Gln c[863,937] 33 (ttg)
[13:51:58] 8 tRNA-Asp c[951,1026] 34 (gtc)
[13:51:58] 9 tRNA-Glu c[1057,1129] 34 (ttc)
[13:51:58] 10 tRNA-Ser c[1146,1238] 35 (gct)
[13:51:58] 11 tRNA-Asn c[1245,1319] 33 (gtt)
[13:51:58] 12 tRNA-Ala c[85626,85698] 34 (tgc)
[13:51:58] 13 tRNA-Gly c[85705,85776] 33 (gcc)
[13:51:58] 14 tRNA-Lys c[85782,85857] 35 (ttt)
[13:51:58] 15 tRNA-Gln c[85989,86063] 33 (ttg)
[13:51:58] 16 tRNA-Glu c[86166,86238] 34 (ttc)
[13:51:58] 17 tRNA-Thr c[86249,86324] 34 (ggt)
[13:51:58] 18 tRNA-Asn c[86332,86406] 33 (gtt)
[13:51:58] Found 70 tRNAs
[13:51:58] Predicting Ribosomal RNAs
[13:51:58] You need either Barrnap or RNAmmer installed to predict rRNAs!
[13:51:58] Skipping ncRNA search, enable with --rfam if desired.
[13:51:58] Total of 69 tRNA + rRNA features
[13:51:58] Searching for CRISPR repeats
[13:51:59] CRISPR1 NZ_PIJH01000004.1 124617 with 7 spacers
[13:51:59] Found 1 CRISPRs
[13:51:59] Predicting coding sequences
[13:51:59] Contigs total 3505729 bp, so using single mode
[13:51:59] Running: prodigal -i prokka_run_data\/Geobacillus_thermodenitrificans_JSC_T9a\/\/PROKKA_07122023\.fna -c -m -g 11 -p single -f sco -q
[13:52:03] Excluding CDS which overlaps existing RNA (tRNA) at NZ_PIJH01000021.1:9941..10228 on + strand
[13:52:03] Found 3454 CDS
[13:52:03] Connecting features back to sequences
[13:52:03] Not using genus-specific database. Try --usegenus to enable it.
[13:52:03] Annotating CDS, please be patient.
[13:52:03] Will use 8 CPUs for similarity searching.
[13:52:04] There are still 3454 unannotated CDS left (started with 3454)
[13:52:04] Will use blast to search against /home/sbraganza/prokka/db/kingdom/Bacteria/IS with 8 CPUs
[13:52:04] Running: cat prokka_run_data\/Geobacillus_thermodenitrificans_JSC_T9a\/\/PROKKA_07122023\.IS\.tmp\.31455\.faa | parallel --gnu --plain -j 8 --block 63510 --recstart '>' --pipe blastp -query - -db /home/sbraganza/prokka/db/kingdom/Bacteria/IS -evalue 1e-30 -qcov_hsp_perc 90 -num_threads 1 -num_descriptions 1 -num_alignments 1 -seg no > prokka_run_data\/Geobacillus_thermodenitrificans_JSC_T9a\/\/PROKKA_07122023\.IS\.tmp\.31455\.blast 2> /dev/null
[13:52:12] Deleting unwanted file: prokka_run_data/Geobacillus_thermodenitrificans_JSC_T9a//PROKKA_07122023.IS.tmp.31455.faa
[13:52:12] Deleting unwanted file: prokka_run_data/Geobacillus_thermodenitrificans_JSC_T9a//PROKKA_07122023.IS.tmp.31455.blast
[13:52:12] There are still 3443 unannotated CDS left (started with 3454)
[13:52:12] Will use blast to search against /home/sbraganza/prokka/db/kingdom/Bacteria/AMR with 8 CPUs
[13:52:12] Running: cat prokka_run_data\/Geobacillus_thermodenitrificans_JSC_T9a\/\/PROKKA_07122023\.AMR\.tmp\.31455\.faa | parallel --gnu --plain -j 8 --block 63285 --recstart '>' --pipe blastp -query - -db /home/sbraganza/prokka/db/kingdom/Bacteria/AMR -evalue 9.99999999999999e-301 -qcov_hsp_perc 90 -num_threads 1 -num_descriptions 1 -num_alignments 1 -seg no > prokka_run_data\/Geobacillus_thermodenitrificans_JSC_T9a\/\/PROKKA_07122023\.AMR\.tmp\.31455\.blast 2> /dev/null
[13:52:19] Deleting unwanted file: prokka_run_data/Geobacillus_thermodenitrificans_JSC_T9a//PROKKA_07122023.AMR.tmp.31455.faa
[13:52:19] Deleting unwanted file: prokka_run_data/Geobacillus_thermodenitrificans_JSC_T9a//PROKKA_07122023.AMR.tmp.31455.blast
[13:52:19] There are still 3443 unannotated CDS left (started with 3454)
[13:52:19] Will use blast to search against /home/sbraganza/prokka/db/kingdom/Bacteria/sprot with 8 CPUs
[13:52:19] Running: cat prokka_run_data\/Geobacillus_thermodenitrificans_JSC_T9a\/\/PROKKA_07122023\.sprot\.tmp\.31455\.faa | parallel --gnu --plain -j 8 --block 63285 --recstart '>' --pipe blastp -query - -db /home/sbraganza/prokka/db/kingdom/Bacteria/sprot -evalue 1e-09 -qcov_hsp_perc 80 -num_threads 1 -num_descriptions 1 -num_alignments 1 -seg no > prokka_run_data\/Geobacillus_thermodenitrificans_JSC_T9a\/\/PROKKA_07122023\.sprot\.tmp\.31455\.blast 2> /dev/null
[13:52:46] Modify product: Uncharacterized protein YycC => putative protein YycC
[13:52:46] Modify product: Bifunctional protein FolD => Bifunctional protein FolD protein
[13:52:46] Modify product: Uncharacterized protein Spy1535 => putative protein
[13:52:46] Modify product: Probable glycine dehydrogenase (decarboxylating) subunit 2 => putative glycine dehydrogenase (decarboxylating) subunit 2
[13:52:46] Modify product: Probable glycine dehydrogenase (decarboxylating) subunit 1 => putative glycine dehydrogenase (decarboxylating) subunit 1
[13:52:46] Modify product: Uncharacterized protein Rv2581c => putative protein
[13:52:46] Modify product: Uncharacterized protein YqgQ => putative protein YqgQ
[13:52:46] Modify product: Uncharacterized protein YqgN => putative protein YqgN
[13:52:46] Modify product: Phosphate-specific transport system accessory protein PhoU homolog => Phosphate-specific transport system accessory protein PhoU 
[13:52:46] Modify product: Nucleotidase CA_C3379 => Nucleotidase
[13:52:46] Modify product: Probable endonuclease 4 => putative endonuclease 4
[13:52:46] Modify product: GTP cyclohydrolase 1 type 2 homolog => GTP cyclohydrolase 1 type 2 
[13:52:46] Modify product: Uncharacterized protein YqeY => putative protein YqeY
[13:52:46] Modify product: Uncharacterized protein YqeN => putative protein YqeN
[13:52:46] Modify product: Uncharacterized protein YqeH => putative protein YqeH
[13:52:46] Modify product: Uncharacterized methyltransferase YrrT => putative methyltransferase YrrT
[13:52:46] Modify product: 23S rRNA 5-hydroxycytidine C2501 synthase => 23S rRNA 5-hydroxycytidine synthase
[13:52:46] Modify product: UPF0473 protein SP_0194 => hypothetical protein
[13:52:46] Modify product: UPF0297 protein EF_1202 => hypothetical protein
[13:52:46] Modify product: Putative transport protein Rv0205 => Putative transport protein
[13:52:46] Modify product: Uncharacterized AAA domain-containing protein Rv2559c => putative AAA domain-containing protein
[13:52:46] Modify product: Probable ribosomal protein YlxQ => putative ribosomal protein YlxQ
[13:52:46] Modify product: Probable ATP synthase YscN => putative ATP synthase YscN
[13:52:46] Modify product: UPF0122 protein SAV1236 => hypothetical protein
[13:52:46] Modify product: Uncharacterized protein SA1069 => putative protein
[13:52:46] Modify product: Uncharacterized protein Spy1614 => putative protein
[13:52:46] Modify product: Probable dual-specificity RNA methyltransferase RlmN => putative dual-specificity RNA methyltransferase RlmN
[13:52:46] Modify product: UPF0701 protein HI_0467 => hypothetical protein
[13:52:46] Modify product: Rqc2 homolog RqcH => Rqc2 RqcH
[13:52:46] Modify product: Probable sporulation protein YlmC => putative sporulation protein YlmC
[13:52:46] Modify product: UPF0749 protein YlxW => hypothetical protein
[13:52:46] Modify product: Probable peptidoglycan glycosyltransferase FtsW => putative peptidoglycan glycosyltransferase FtsW
[13:52:46] Modify product: Uncharacterized protein YlbL => putative protein YlbL
[13:52:46] Modify product: Uncharacterized NTE family protein Rv1063c => putative NTE family protein
[13:52:46] Modify product: Probable peptidoglycan glycosyltransferase FtsW => putative peptidoglycan glycosyltransferase FtsW
[13:52:46] Modify product: UPF0358 protein YlaN => hypothetical protein
[13:52:46] Modify product: UPF0356 protein M6_Spy1605 => hypothetical protein
[13:52:46] Modify product: Uncharacterized protein YfhH => putative protein YfhH
[13:52:46] Modify product: Epimerase family protein SA0724 => Epimerase family protein
[13:52:46] Modify product: Peptidoglycan-N-acetylglucosamine deacetylase BC_3618 => Peptidoglycan-N-acetylglucosamine deacetylase
[13:52:46] Modify product: Ribosome-associated protein L7Ae-like => Ribosome-associated protein L7Ae-like protein
[13:52:46] Modify product: Uncharacterized protein YacP => putative protein YacP
[13:52:46] Modify product: Uncharacterized PIN and TRAM-domain containing protein YacL => putative PIN and TRAM-domain containing protein YacL
[13:52:46] Modify product: Uncharacterized protein HP_1423 => putative protein
[13:52:46] Modify product: Probable serine/threonine-protein kinase YabT => putative serine/threonine-protein kinase YabT
[13:52:46] Modify product: Probable enoyl-CoA hydratase echA8 => putative enoyl-CoA hydratase echA8
[13:52:46] Modify product: Probable 3-hydroxybutyryl-CoA dehydrogenase => putative 3-hydroxybutyryl-CoA dehydrogenase
[13:52:46] Modify product: Uncharacterized protein YppE => putative protein YppE
[13:52:46] Modify product: Uncharacterized protein YpoC => putative protein YpoC
[13:52:46] Modify product: Uncharacterized protein YpmB => putative protein YpmB
[13:52:46] Modify product: Uncharacterized protein YpjD => putative protein YpjD
[13:52:46] Modify product: UPF0302 protein BA_1542/GBAA_1542/BAS1430 => hypothetical protein
[13:52:46] Modify product: 30S ribosomal protein S1 homolog => 30S ribosomal protein S1 
[13:52:46] Modify product: Uncharacterized protein YpfA => putative protein YpfA
[13:52:46] Modify product: Probable L-asparaginase => putative L-asparaginase
[13:52:46] Modify product: Uncharacterized protein YpbG => putative protein YpbG
[13:52:46] Modify product: Probable ABC transporter permease protein HI_1471 => putative ABC transporter permease protein
[13:52:46] Modify product: Uncharacterized protein YpuA => putative protein YpuA
[13:52:46] Modify product: Uncharacterized transporter YycB => putative transporter YycB
[13:52:46] Modify product: Uncharacterized oxidoreductase SA2266 => putative oxidoreductase
[13:52:46] Modify product: Probable amino-acid permease protein YxeN => putative amino-acid permease protein YxeN
[13:52:46] Modify product: UPF0403 protein SA1345 => hypothetical protein
[13:52:46] Modify product: Probable transcriptional regulatory protein YebC => putative transcriptional regulatory protein YebC
[13:52:46] Modify product: Probable nicotinate-nucleotide pyrophosphorylase [carboxylating] => putative nicotinate-nucleotide pyrophosphorylase [carboxylating]
[13:52:46] Modify product: UPF0758 protein YsxA => hypothetical protein
[13:52:46] Modify product: Probable GTP-binding protein EngB => putative GTP-binding protein EngB
[13:52:46] Modify product: Putative metallophosphoesterase MG207 homolog => Putative metallophosphoesterase MG207 
[13:52:46] Modify product: Uncharacterized protein YslB => putative protein YslB
[13:52:46] Modify product: Probable enoyl-CoA hydratase => putative enoyl-CoA hydratase
[13:52:46] Modify product: UPF0173 metal-dependent hydrolase SA1529 => hypothetical protein
[13:52:46] Modify product: Uncharacterized peptidase SA1530 => putative peptidase
[13:52:46] Modify product: Putative universal stress protein SA1532 => Putative universal stress protein
[13:52:47] Modify product: Uncharacterized spore protein YtfJ => putative spore protein YtfJ
[13:52:47] Modify product: Probable tRNA sulfurtransferase => putative tRNA sulfurtransferase
[13:52:47] Modify product: UPF0478 protein SA1560 => hypothetical protein
[13:52:47] Modify product: UPF0354 protein SA1564 => hypothetical protein
[13:52:47] Modify product: Probable quorum-quenching lactonase YtnP => putative quorum-quenching lactonase YtnP
[13:52:47] Modify product: Putative dipeptidase SA1572 => Putative dipeptidase
[13:52:47] Modify product: Uncharacterized HTH-type transcriptional regulator YtzE => putative HTH-type transcriptional regulator YtzE
[13:52:47] Modify product: Uncharacterized protein HI_0933 => putative protein
[13:52:47] Modify product: Sulfurtransferase Alvin_2599 => Sulfurtransferase
[13:52:47] Modify product: Uncharacterized protein YtmB => putative protein YtmB
[13:52:47] Modify product: Uncharacterized protein M6_Spy0233 => putative protein
[13:52:47] Modify product: Uncharacterized protein YcbX => putative protein YcbX
[13:52:47] Modify product: UPF0394 inner membrane protein YeeE => hypothetical protein
[13:52:47] Modify product: Probable multidrug resistance ABC transporter ATP-binding/permease protein YheH => putative multidrug resistance ABC transporter ATP-binding/permease protein YheH
[13:52:47] Modify product: Probable multidrug resistance ABC transporter ATP-binding/permease protein YheI => putative multidrug resistance ABC transporter ATP-binding/permease protein YheI
[13:52:47] Modify product: UPF0154 protein SA1178 => hypothetical protein
[13:52:47] Modify product: UPF0291 protein YnzC => hypothetical protein
[13:52:47] Modify product: Resolvase homolog YneB => Resolvase YneB
[13:52:47] Modify product: Probable cystine transporter YijE => putative cystine transporter YijE
[13:52:47] Modify product: Putative acyltransferase Rv0859 => Putative acyltransferase
[13:52:47] Modify product: Probable peptidoglycan endopeptidase LytE => putative peptidoglycan endopeptidase LytE
[13:52:47] Modify product: Uncharacterized protein YmcA => putative protein YmcA
[13:52:47] Modify product: Uncharacterized protein YflH => putative protein YflH
[13:52:47] Modify product: Probable riboflavin import permease protein RfuD => putative riboflavin import permease protein RfuD
[13:52:47] Modify product: Probable sporulation protein YlmC => putative sporulation protein YlmC
[13:52:47] Modify product: Uncharacterized zinc protease Rv2782c => putative zinc protease
[13:52:47] Modify product: Uncharacterized protein YkzF => putative protein YkzF
[13:52:47] Modify product: Uncharacterized EAL-domain containing protein YkuI => putative EAL-domain containing protein YkuI
[13:52:47] Modify product: Probable 2,4-dienoyl-CoA reductase => putative 2,4-dienoyl-CoA reductase
[13:52:47] Modify product: Probable N-acetyl-LL-diaminopimelate aminotransferase => putative N-acetyl-LL-diaminopimelate aminotransferase
[13:52:47] Modify product: Probable 2-phosphosulfolactate phosphatase => putative 2-phosphosulfolactate phosphatase
[13:52:47] Modify product: Probable multidrug ABC transporter permease YbhR => putative multidrug ABC transporter permease YbhR
[13:52:47] Modify product: Probable multidrug ABC transporter ATP-binding protein YbhF => putative multidrug ABC transporter ATP-binding protein YbhF
[13:52:47] Modify product: Probable arabinose-binding protein => putative arabinose-binding protein
[13:52:47] Modify product: Probable HTH-type transcriptional repressor ExuR => putative HTH-type transcriptional repressor ExuR
[13:52:47] Modify product: Uncharacterized amino acid permease YhdG => putative amino acid permease YhdG
[13:52:47] Modify product: UPF0316 protein SA1727 => hypothetical protein
[13:52:47] Modify product: Uncharacterized oxidoreductase YtbE => putative oxidoreductase YtbE
[13:52:47] Modify product: Uncharacterized HTH-type transcriptional regulator YtcD => putative HTH-type transcriptional regulator YtcD
[13:52:47] Modify product: Acetyltransferase SACOL1063 => Acetyltransferase
[13:52:47] Modify product: UPF0413 protein GK0824 => hypothetical protein
[13:52:47] Modify product: Probable cardiolipin synthase YwiE => putative cardiolipin synthase YwiE
[13:52:47] Modify product: Probable nitrate transporter NarT => putative nitrate transporter NarT
[13:52:47] Modify product: Probable molybdenum cofactor guanylyltransferase => putative molybdenum cofactor guanylyltransferase
[13:52:47] Modify product: Fatty acid-binding protein TM_1468 => Fatty acid-binding protein
[13:52:47] Modify product: UPF0234 protein Rv0566c => hypothetical protein
[13:52:47] Modify product: Probable FMN/FAD exporter YeeO => putative FMN/FAD exporter YeeO
[13:52:47] Modify product: Uncharacterized protein YisK => putative protein YisK
[13:52:47] Modify product: Probable spore germination protein GerPF => putative spore germination protein GerPF
[13:52:47] Modify product: Probable spore germination protein GerPF => putative spore germination protein GerPF
[13:52:47] Modify product: Probable spore germination protein GerPA => putative spore germination protein GerPA
[13:52:47] Modify product: Probable spore germination protein GerPB => putative spore germination protein GerPB
[13:52:47] Modify product: Probable spore germination protein GerPC => putative spore germination protein GerPC
[13:52:47] Modify product: Probable spore germination protein GerPD => putative spore germination protein GerPD
[13:52:47] Modify product: Probable spore germination protein GerPE => putative spore germination protein GerPE
[13:52:47] Modify product: Probable spore germination protein GerPF => putative spore germination protein GerPF
[13:52:47] Modify product: SCO1 protein homolog => SCO1 protein 
[13:52:47] Modify product: Uncharacterized protein Rv1339 => putative protein
[13:52:47] Modify product: Uncharacterized protein YhaI => putative protein YhaI
[13:52:47] Modify product: Probable tryptophan transport protein => putative tryptophan transport protein
[13:52:47] Modify product: Uncharacterized protein YhaP => putative protein YhaP
[13:52:47] Modify product: UPF0342 protein GK0640 => hypothetical protein
[13:52:47] Modify product: UPF0754 membrane protein SA1664 => hypothetical protein
[13:52:47] Modify product: UPF0053 protein Rv2366c => hypothetical protein
[13:52:47] Modify product: Uncharacterized MFS-type transporter YhhS => putative MFS-type transporter YhhS
[13:52:47] Modify product: UPF0053 protein Rv1842c => hypothetical protein
[13:52:47] Modify product: Uncharacterized oxidoreductase YtbE => putative oxidoreductase YtbE
[13:52:47] Modify product: Stress response UPF0229 protein YhbH => hypothetical protein
[13:52:47] Modify product: Putative multidrug export ATP-binding/permease protein SAV1866 => Putative multidrug export ATP-binding/permease protein
[13:52:47] Modify product: UPF0374 protein SP_1903 => hypothetical protein
[13:52:47] Modify product: Uncharacterized protein YfhS => putative protein YfhS
[13:52:47] Modify product: Putative formate dehydrogenase SA2102 => Putative formate dehydrogenase
[13:52:47] Modify product: Uncharacterized protein YfhP => putative protein YfhP
[13:52:47] Modify product: Uncharacterized ABC transporter ATP-binding protein YheS => putative ABC transporter ATP-binding protein YheS
[13:52:47] Modify product: Uncharacterized protein HI_0052 => putative protein
[13:52:47] Modify product: PTS system EIIBC component SA0186 => PTS system EIIBC component
[13:52:47] Modify product: UPF0312 protein SA2479 => hypothetical protein
[13:52:47] Modify product: Putative esterase aq_1494 => Putative esterase
[13:52:47] Modify product: UPF0173 metal-dependent hydrolase SA1529 => hypothetical protein
[13:52:47] Modify product: Nucleoid-associated protein Cthe_2143 => Nucleoid-associated protein
[13:52:47] Modify product: Probable malate:quinone oxidoreductase 1 => putative malate:quinone oxidoreductase 1
[13:52:47] Modify product: UPF0302 protein BA_1542/GBAA_1542/BAS1430 => hypothetical protein
[13:52:47] Modify product: UPF0145 protein BCE33L0904 => hypothetical protein
[13:52:47] Modify product: Probable ketoamine kinase lp_1983 => putative ketoamine kinase
[13:52:47] Modify product: UPF0309 protein BH3325 => hypothetical protein
[13:52:47] Modify product: Uncharacterized HTH-type transcriptional regulator YbbH => putative HTH-type transcriptional regulator YbbH
[13:52:47] Modify product: TelA-like protein SA1238 => TelA-like protein
[13:52:47] Modify product: Probable siderophore-binding lipoprotein YfiY => putative siderophore-binding lipoprotein YfiY
[13:52:47] Modify product: Probable siderophore transport system permease protein YfiZ => putative siderophore transport system permease protein YfiZ
[13:52:47] Modify product: Probable siderophore transport system permease protein YfhA => putative siderophore transport system permease protein YfhA
[13:52:47] Modify product: Probable siderophore transport system ATP-binding protein YusV => putative siderophore transport system ATP-binding protein YusV
[13:52:47] Modify product: UPF0311 protein CA_C3321 => hypothetical protein
[13:52:47] Modify product: Uncharacterized protein YisK => putative protein YisK
[13:52:47] Modify product: Probable sulfoacetate transporter SauU => putative sulfoacetate transporter SauU
[13:52:47] Modify product: Uncharacterized protein YisK => putative protein YisK
[13:52:47] Modify product: Acetyltransferase PA3944 => Acetyltransferase
[13:52:47] Modify product: Uncharacterized protein YqjY => putative protein YqjY
[13:52:47] Modify product: Uncharacterized protein YccU => putative protein YccU
[13:52:47] Modify product: Probable protein kinase UbiB => putative protein kinase UbiB
[13:52:47] Modify product: Probable metallo-hydrolase YflN => putative metallo-hydrolase YflN
[13:52:47] Modify product: SCO1 protein homolog => SCO1 protein 
[13:52:47] Modify product: UPF0403 protein YphP => hypothetical protein
[13:52:47] Modify product: Glutathione peroxidase homolog BsaA => Glutathione peroxidase BsaA
[13:52:47] Modify product: Probable nitrate reductase molybdenum cofactor assembly chaperone NarW => putative nitrate reductase molybdenum cofactor assembly chaperone NarW
[13:52:47] Modify product: Probable ABC transporter binding protein NosD => putative ABC transporter binding protein NosD
[13:52:47] Modify product: Uncharacterized protein YesV => putative protein YesV
[13:52:47] Modify product: Uncharacterized oxidoreductase UxuB => putative oxidoreductase UxuB
[13:52:47] Modify product: Uncharacterized multiple-sugar transport system permease YteP => putative multiple-sugar transport system permease YteP
[13:52:47] Modify product: Peptidoglycan-N-acetylglucosamine deacetylase BC_3618 => Peptidoglycan-N-acetylglucosamine deacetylase
[13:52:47] Modify product: Uncharacterized response regulatory protein SACOL0201 => putative response regulatory protein
[13:52:47] Modify product: Probable arabinose-binding protein => putative arabinose-binding protein
[13:52:47] Modify product: Probable fructose-bisphosphate aldolase => putative fructose-bisphosphate aldolase
[13:52:47] Modify product: Probable 2-dehydro-3-deoxy-D-pentonate aldolase YjhH => putative 2-dehydro-3-deoxy-D-pentonate aldolase YjhH
[13:52:47] Modify product: Solute-binding protein Veis_3954 => Solute-binding protein
[13:52:47] Modify product: Probable lipid II flippase MurJ => putative lipid II flippase MurJ
[13:52:47] Modify product: Probable cystine transporter YijE => putative cystine transporter YijE
[13:52:47] Modify product: Probable transport protein HsrA => putative transport protein HsrA
[13:52:47] Modify product: Uncharacterized protein YfkD => putative protein YfkD
[13:52:47] Modify product: Uncharacterized MFS-type transporter YcaD => putative MFS-type transporter YcaD
[13:52:47] Modify product: UPF0435 protein YfkK => hypothetical protein
[13:52:47] Modify product: Uncharacterized glycosyltransferase YkoT => putative glycosyltransferase YkoT
[13:52:47] Modify product: Uncharacterized protein YetJ => putative protein YetJ
[13:52:47] Modify product: Multidrug efflux system ATP-binding protein Rv1218c => Multidrug efflux system ATP-binding protein
[13:52:47] Modify product: Uncharacterized FAD-linked oxidoreductase Rv2280 => putative FAD-linked oxidoreductase
[13:52:47] Modify product: Probable ATP-dependent DNA helicase YoaA => putative ATP-dependent DNA helicase YoaA
[13:52:47] Modify product: Uncharacterized ABC transporter permease Rv0072 => putative ABC transporter permease
[13:52:47] Modify product: Putative esterase PA1618 => Putative esterase
[13:52:47] Modify product: UPF0346 protein YozE => hypothetical protein
[13:52:47] Modify product: Uncharacterized ABC transporter ATP-binding protein Rv1273c => putative ABC transporter ATP-binding protein
[13:52:47] Modify product: Uncharacterized ABC transporter ATP-binding protein TM_0288 => putative ABC transporter ATP-binding protein
[13:52:47] Modify product: Uncharacterized ABC transporter ATP-binding protein YlmA => putative ABC transporter ATP-binding protein YlmA
[13:52:47] Modify product: Probable serine/threonine-protein kinase YbdM => putative serine/threonine-protein kinase YbdM
[13:52:47] Modify product: Uncharacterized amino acid permease YvbW => putative amino acid permease YvbW
[13:52:47] Modify product: Probable cyclic di-GMP phosphodiesterase PdeI => putative cyclic di-GMP phosphodiesterase PdeI
[13:52:47] Modify product: Uncharacterized HTH-type transcriptional regulator YdjF => putative HTH-type transcriptional regulator YdjF
[13:52:47] Modify product: Uncharacterized protein Rv1899c => putative protein
[13:52:47] Modify product: Uncharacterized symporter YodF => putative symporter YodF
[13:52:47] Modify product: Antitoxin BC_0921 => Antitoxin
[13:52:47] Modify product: Uncharacterized FAD-linked oxidoreductase Rv2280 => putative FAD-linked oxidoreductase
[13:52:47] Modify product: Probable 6-phospho-beta-glucosidase => putative 6-phospho-beta-glucosidase
[13:52:47] Modify product: Probable sugar-binding periplasmic protein => putative sugar-binding periplasmic protein
[13:52:47] Modify product: UPF0340 protein YwlG => hypothetical protein
[13:52:47] Modify product: Probable manganese efflux pump MntP => putative manganese efflux pump MntP
[13:52:47] Modify product: Probable fructose-bisphosphate aldolase => putative fructose-bisphosphate aldolase
[13:52:47] Modify product: Probable 3-hydroxybutyryl-CoA dehydrogenase => putative 3-hydroxybutyryl-CoA dehydrogenase
[13:52:47] Modify product: Probable iron-sulfur-binding oxidoreductase FadF => putative iron-sulfur-binding oxidoreductase FadF
[13:52:47] Modify product: Uncharacterized beta-barrel protein YwiB => putative beta-barrel protein YwiB
[13:52:47] Modify product: Putative heme-dependent peroxidase GK3416 => Putative heme-dependent peroxidase
[13:52:47] Modify product: UPF0382 membrane protein YwdK => hypothetical protein
[13:52:47] Modify product: Uncharacterized protein YwdI => putative protein YwdI
[13:52:47] Modify product: Probable transport protein YifK => putative transport protein YifK
[13:52:47] Modify product: Probable adenylyl-sulfate kinase => putative adenylyl-sulfate kinase
[13:52:47] Modify product: Uncharacterized protein YojF => putative protein YojF
[13:52:47] Modify product: Probable N-acetyl-alpha-D-glucosaminyl L-malate deacetylase 2 => putative N-acetyl-alpha-D-glucosaminyl L-malate deacetylase 2
[13:52:47] Modify product: Probable peptidoglycan endopeptidase LytE => putative peptidoglycan endopeptidase LytE
[13:52:47] Modify product: Uncharacterized FAD-linked oxidoreductase Rv2280 => putative FAD-linked oxidoreductase
[13:52:47] Modify product: UPF0053 inner membrane protein YoaE => hypothetical protein
[13:52:47] Modify product: Probable xanthine dehydrogenase subunit A => putative xanthine dehydrogenase subunit A
[13:52:47] Modify product: Uncharacterized membrane protein YuaF => putative membrane protein YuaF
[13:52:47] Modify product: Probable tartrate dehydrogenase/decarboxylase TtuC' => putative tartrate dehydrogenase/decarboxylase TtuC'
[13:52:47] Modify product: Probable succinyl-diaminopimelate desuccinylase => putative succinyl-diaminopimelate desuccinylase
[13:52:47] Modify product: Uncharacterized protein YwmB => putative protein YwmB
[13:52:47] Modify product: Probable capsular polysaccharide biosynthesis protein YwqC => putative capsular polysaccharide biosynthesis protein YwqC
[13:52:47] Modify product: Uncharacterized membrane protein YdfK => putative membrane protein YdfK
[13:52:48] Modify product: Probable manganese catalase => putative manganese catalase
[13:52:48] Modify product: Glutathione peroxidase homolog BsaA => Glutathione peroxidase BsaA
[13:52:48] Modify product: Probable protein-export membrane protein SecG => putative protein-export membrane protein SecG
[13:52:48] Modify product: Probable cell division protein WhiA => putative cell division protein WhiA
[13:52:48] Modify product: Uncharacterized protein YvyC => putative protein YvyC
[13:52:48] Modify product: Uncharacterized protein YviE => putative protein YviE
[13:52:48] Modify product: Uncharacterized protein YvyG => putative protein YvyG
[13:52:48] Modify product: Probable undecaprenyl-phosphate N-acetylglucosaminyl 1-phosphate transferase => putative undecaprenyl-phosphate N-acetylglucosaminyl 1-phosphate transferase
[13:52:48] Modify product: Probable N-acetyl-LL-diaminopimelate aminotransferase => putative N-acetyl-LL-diaminopimelate aminotransferase
[13:52:48] Modify product: Uncharacterized protein YuiC => putative protein YuiC
[13:52:48] Modify product: NADH dehydrogenase-like protein SAOUHSC_00878 => NADH dehydrogenase-like protein
[13:52:48] Modify product: Uncharacterized protein YpjQ => putative protein YpjQ
[13:52:48] Modify product: UPF0331 protein YutE => hypothetical protein
[13:52:48] Modify product: Uncharacterized protein YutD => putative protein YutD
[13:52:48] Modify product: UPF0051 protein SA0778 => hypothetical protein
[13:52:48] Modify product: UPF0051 protein SA0778 => hypothetical protein
[13:52:48] Modify product: Probable acyl-CoA dehydrogenase => putative acyl-CoA dehydrogenase
[13:52:48] Modify product: Probable 3-hydroxyacyl-CoA dehydrogenase => putative 3-hydroxyacyl-CoA dehydrogenase
[13:52:48] Modify product: Probable ABC transporter-binding protein DR_1438 => putative ABC transporter-binding protein
[13:52:48] Modify product: Sulfurtransferase Alvin_2599 => Sulfurtransferase
[13:52:48] Modify product: Solute-binding protein Veis_3954 => Solute-binding protein
[13:52:48] Modify product: Probable sporulation protein YtaF => putative sporulation protein YtaF
[13:52:48] Modify product: Uncharacterized protein YjoA => putative protein YjoA
[13:52:48] Modify product: Probable siderophore transport system ATP-binding protein YusV => putative siderophore transport system ATP-binding protein YusV
[13:52:48] Modify product: Probable siderophore transport system permease protein YfhA => putative siderophore transport system permease protein YfhA
[13:52:48] Modify product: Uncharacterized membrane protein Rv2637 => putative membrane protein
[13:52:48] Modify product: Uncharacterized protein YbbA => putative protein YbbA
[13:52:48] Modify product: Probable flavin reductase => putative flavin reductase
[13:52:48] Cleaned 264 /product names
[13:52:48] Deleting unwanted file: prokka_run_data/Geobacillus_thermodenitrificans_JSC_T9a//PROKKA_07122023.sprot.tmp.31455.faa
[13:52:48] Deleting unwanted file: prokka_run_data/Geobacillus_thermodenitrificans_JSC_T9a//PROKKA_07122023.sprot.tmp.31455.blast
[13:52:48] There are still 1366 unannotated CDS left (started with 3454)
[13:52:48] Will use hmmer3 to search against /home/sbraganza/prokka/db/hmm/HAMAP.hmm with 8 CPUs
[13:52:48] Running: cat prokka_run_data\/Geobacillus_thermodenitrificans_JSC_T9a\/\/PROKKA_07122023\.HAMAP\.hmm\.tmp\.31455\.faa | parallel --gnu --plain -j 8 --block 19602 --recstart '>' --pipe hmmscan --noali --notextw --acc -E 1e-09 --cpu 1 /home/sbraganza/prokka/db/hmm/HAMAP.hmm /dev/stdin > prokka_run_data\/Geobacillus_thermodenitrificans_JSC_T9a\/\/PROKKA_07122023\.HAMAP\.hmm\.tmp\.31455\.hmmer3 2> /dev/null
[13:52:55] Modify product: Protein SprT-like => Protein SprT-like protein
[13:52:55] Cleaned 1 /product names
[13:52:55] Deleting unwanted file: prokka_run_data/Geobacillus_thermodenitrificans_JSC_T9a//PROKKA_07122023.HAMAP.hmm.tmp.31455.faa
[13:52:55] Deleting unwanted file: prokka_run_data/Geobacillus_thermodenitrificans_JSC_T9a//PROKKA_07122023.HAMAP.hmm.tmp.31455.hmmer3
[13:52:55] Labelling remaining 1226 proteins as 'hypothetical protein'
[13:52:55] Possible /pseudo 'Putative fluoride ion transporter CrcB' at NZ_PIJH01000001.1 position 545856
[13:52:55] Possible /pseudo 'putative protein' at NZ_PIJH01000002.1 position 206054
[13:52:55] Possible /pseudo 'putative spore germination protein GerPF' at NZ_PIJH01000002.1 position 615453
[13:52:55] Possible /pseudo 'Endospore coat-associated protein YheD' at NZ_PIJH01000002.1 position 668184
[13:52:55] Possible /pseudo 'Endospore coat-associated protein YheD' at NZ_PIJH01000002.1 position 669251
[13:52:55] Possible /pseudo 'Endospore coat-associated protein YheD' at NZ_PIJH01000002.1 position 670597
[13:52:55] Possible /pseudo 'Fe(2+) transporter FeoB' at NZ_PIJH01000003.1 position 94725
[13:52:55] Possible /pseudo 'putative ABC transporter ATP-binding protein' at NZ_PIJH01000003.1 position 267259
[13:52:55] Possible /pseudo 'Tyrosine recombinase XerC' at NZ_PIJH01000003.1 position 435976
[13:52:55] Possible /pseudo 'Endo-1,4-beta-xylanase' at NZ_PIJH01000003.1 position 603221
[13:52:55] Possible /pseudo 'Flagellar basal-body rod protein FlgG' at NZ_PIJH01000005.1 position 27258
[13:52:55] Possible /pseudo 'PTS system mannose-specific EIIBCA component' at NZ_PIJH01000005.1 position 99250
[13:52:55] Possible /pseudo 'Gamma-D-glutamyl-L-lysine dipeptidyl-peptidase' at NZ_PIJH01000005.1 position 119038
[13:52:55] Possible /pseudo 'Acyl-CoA dehydrogenase' at NZ_PIJH01000006.1 position 36285
[13:52:55] Possible /pseudo 'Flagellin' at NZ_PIJH01000007.1 position 77651
[13:52:55] Found 1747 unique /gene codes.
[13:52:55] Fixed 2 duplicate /gene - sumT_1 sumT_2
[13:52:55] Fixed 2 duplicate /gene - yrdA_1 yrdA_2
[13:52:55] Fixed 3 duplicate /gene - murJ_1 murJ_2 murJ_3
[13:52:55] Fixed 2 duplicate /gene - metN2_1 metN2_2
[13:52:55] Fixed 2 duplicate /gene - tatAy_1 tatAy_2
[13:52:55] Fixed 3 duplicate /gene - rbsA_1 rbsA_2 rbsA_3
[13:52:55] Fixed 2 duplicate /gene - metQ_1 metQ_2
[13:52:55] Fixed 2 duplicate /gene - xylB_1 xylB_2
[13:52:55] Fixed 2 duplicate /gene - yfhA_1 yfhA_2
[13:52:55] Fixed 4 duplicate /gene - yheD_1 yheD_2 yheD_3 yheD_4
[13:52:55] Fixed 2 duplicate /gene - uvrB_1 uvrB_2
[13:52:55] Fixed 2 duplicate /gene - ahpC_1 ahpC_2
[13:52:55] Fixed 2 duplicate /gene - ilvI_1 ilvI_2
[13:52:55] Fixed 3 duplicate /gene - ngcG_1 ngcG_2 ngcG_3
[13:52:55] Fixed 3 duplicate /gene - fnr_1 fnr_2 fnr_3
[13:52:55] Fixed 2 duplicate /gene - ldh_1 ldh_2
[13:52:55] Fixed 2 duplicate /gene - yijE_1 yijE_2
[13:52:55] Fixed 2 duplicate /gene - gabP_1 gabP_2
[13:52:55] Fixed 2 duplicate /gene - uctC_1 uctC_2
[13:52:55] Fixed 2 duplicate /gene - cheW_1 cheW_2
[13:52:55] Fixed 2 duplicate /gene - menA_1 menA_2
[13:52:55] Fixed 3 duplicate /gene - IMPDH_1 IMPDH_2 IMPDH_3
[13:52:55] Fixed 2 duplicate /gene - ykfC_1 ykfC_2
[13:52:55] Fixed 2 duplicate /gene - cysK_1 cysK_2
[13:52:55] Fixed 2 duplicate /gene - bshA_1 bshA_2
[13:52:55] Fixed 2 duplicate /gene - proC_1 proC_2
[13:52:55] Fixed 2 duplicate /gene - dat_1 dat_2
[13:52:55] Fixed 2 duplicate /gene - xynB_1 xynB_2
[13:52:55] Fixed 2 duplicate /gene - paaG_1 paaG_2
[13:52:55] Fixed 2 duplicate /gene - acdA_1 acdA_2
[13:52:55] Fixed 2 duplicate /gene - sleL_1 sleL_2
[13:52:55] Fixed 3 duplicate /gene - gerPF_1 gerPF_2 gerPF_3
[13:52:55] Fixed 2 duplicate /gene - bglK_1 bglK_2
[13:52:55] Fixed 2 duplicate /gene - xynR_1 xynR_2
[13:52:55] Fixed 2 duplicate /gene - xynA_1 xynA_2
[13:52:55] Fixed 9 duplicate /gene - xerC_1 xerC_2 xerC_3 xerC_4 xerC_5 xerC_6 xerC_7 xerC_8 xerC_9
[13:52:55] Fixed 2 duplicate /gene - narX_1 narX_2
[13:52:55] Fixed 2 duplicate /gene - ssuA_1 ssuA_2
[13:52:55] Fixed 2 duplicate /gene - melR_1 melR_2
[13:52:55] Fixed 2 duplicate /gene - phoP_1 phoP_2
[13:52:55] Fixed 3 duplicate /gene - flgG_1 flgG_2 flgG_3
[13:52:55] Fixed 2 duplicate /gene - spxA_1 spxA_2
[13:52:55] Fixed 2 duplicate /gene - ypmQ_1 ypmQ_2
[13:52:55] Fixed 2 duplicate /gene - thiO_1 thiO_2
[13:52:55] Fixed 2 duplicate /gene - cobB_1 cobB_2
[13:52:55] Fixed 2 duplicate /gene - dapL_1 dapL_2
[13:52:55] Fixed 4 duplicate /gene - smc_1 smc_2 smc_3 smc_4
[13:52:55] Fixed 3 duplicate /gene - yndE_1 yndE_2 yndE_3
[13:52:55] Fixed 2 duplicate /gene - etfA_1 etfA_2
[13:52:55] Fixed 2 duplicate /gene - xylA_1 xylA_2
[13:52:55] Fixed 2 duplicate /gene - yerA_1 yerA_2
[13:52:55] Fixed 3 duplicate /gene - yisK_1 yisK_2 yisK_3
[13:52:55] Fixed 2 duplicate /gene - gerXA_1 gerXA_2
[13:52:55] Fixed 2 duplicate /gene - bacC_1 bacC_2
[13:52:55] Fixed 3 duplicate /gene - sspH_1 sspH_2 sspH_3
[13:52:55] Fixed 2 duplicate /gene - araN_1 araN_2
[13:52:55] Fixed 2 duplicate /gene - cccA_1 cccA_2
[13:52:55] Fixed 2 duplicate /gene - ftsH_1 ftsH_2
[13:52:55] Fixed 2 duplicate /gene - ysdC_1 ysdC_2
[13:52:55] Fixed 2 duplicate /gene - galE_1 galE_2
[13:52:55] Fixed 2 duplicate /gene - metN_1 metN_2
[13:52:55] Fixed 2 duplicate /gene - ilvB_1 ilvB_2
[13:52:55] Fixed 2 duplicate /gene - arlR_1 arlR_2
[13:52:55] Fixed 2 duplicate /gene - btuF_1 btuF_2
[13:52:55] Fixed 2 duplicate /gene - paaA_1 paaA_2
[13:52:55] Fixed 4 duplicate /gene - oppD_1 oppD_2 oppD_3 oppD_4
[13:52:55] Fixed 2 duplicate /gene - rsmH_1 rsmH_2
[13:52:55] Fixed 3 duplicate /gene - pucR_1 pucR_2 pucR_3
[13:52:55] Fixed 2 duplicate /gene - leuE_1 leuE_2
[13:52:55] Fixed 2 duplicate /gene - pta_1 pta_2
[13:52:55] Fixed 2 duplicate /gene - nagZ_1 nagZ_2
[13:52:55] Fixed 2 duplicate /gene - doeA_1 doeA_2
[13:52:55] Fixed 3 duplicate /gene - pdhB_1 pdhB_2 pdhB_3
[13:52:55] Fixed 2 duplicate /gene - gltP_1 gltP_2
[13:52:55] Fixed 2 duplicate /gene - gmuD_1 gmuD_2
[13:52:55] Fixed 3 duplicate /gene - kstR2_1 kstR2_2 kstR2_3
[13:52:55] Fixed 2 duplicate /gene - sdgD_1 sdgD_2
[13:52:55] Fixed 3 duplicate /gene - lacF_1 lacF_2 lacF_3
[13:52:55] Fixed 3 duplicate /gene - ngcF_1 ngcF_2 ngcF_3
[13:52:55] Fixed 2 duplicate /gene - gbsA_1 gbsA_2
[13:52:55] Fixed 4 duplicate /gene - acsA_1 acsA_2 acsA_3 acsA_4
[13:52:55] Fixed 6 duplicate /gene - sasA_1 sasA_2 sasA_3 sasA_4 sasA_5 sasA_6
[13:52:55] Fixed 2 duplicate /gene - hpr_1 hpr_2
[13:52:55] Fixed 4 duplicate /gene - bcrA_1 bcrA_2 bcrA_3 bcrA_4
[13:52:55] Fixed 2 duplicate /gene - cstA_1 cstA_2
[13:52:55] Fixed 2 duplicate /gene - tetA_1 tetA_2
[13:52:55] Fixed 2 duplicate /gene - rssB_1 rssB_2
[13:52:55] Fixed 2 duplicate /gene - cobD_1 cobD_2
[13:52:55] Fixed 2 duplicate /gene - speA_1 speA_2
[13:52:55] Fixed 2 duplicate /gene - crcB_1 crcB_2
[13:52:55] Fixed 2 duplicate /gene - rbsB_1 rbsB_2
[13:52:55] Fixed 2 duplicate /gene - sigE_1 sigE_2
[13:52:55] Fixed 2 duplicate /gene - srrA_1 srrA_2
[13:52:55] Fixed 2 duplicate /gene - sugB_1 sugB_2
[13:52:55] Fixed 2 duplicate /gene - glpQ_1 glpQ_2
[13:52:55] Fixed 2 duplicate /gene - tagG_1 tagG_2
[13:52:55] Fixed 2 duplicate /gene - sigW_1 sigW_2
[13:52:55] Fixed 2 duplicate /gene - ilvD_1 ilvD_2
[13:52:55] Fixed 2 duplicate /gene - cotSA_1 cotSA_2
[13:52:55] Fixed 2 duplicate /gene - feuB_1 feuB_2
[13:52:55] Fixed 2 duplicate /gene - spo0M_1 spo0M_2
[13:52:55] Fixed 2 duplicate /gene - ald_1 ald_2
[13:52:55] Fixed 2 duplicate /gene - gapN_1 gapN_2
[13:52:55] Fixed 2 duplicate /gene - ribX_1 ribX_2
[13:52:55] Fixed 2 duplicate /gene - hom_1 hom_2
[13:52:55] Fixed 3 duplicate /gene - cheY_1 cheY_2 cheY_3
[13:52:55] Fixed 2 duplicate /gene - iolA_1 iolA_2
[13:52:55] Fixed 4 duplicate /gene - lcfB_1 lcfB_2 lcfB_3 lcfB_4
[13:52:55] Fixed 2 duplicate /gene - corA_1 corA_2
[13:52:55] Fixed 2 duplicate /gene - tdcB_1 tdcB_2
[13:52:55] Fixed 2 duplicate /gene - sigX_1 sigX_2
[13:52:55] Fixed 3 duplicate /gene - putP_1 putP_2 putP_3
[13:52:55] Fixed 2 duplicate /gene - bfmBAB_1 bfmBAB_2
[13:52:55] Fixed 2 duplicate /gene - iscS_1 iscS_2
[13:52:55] Fixed 2 duplicate /gene - der_1 der_2
[13:52:55] Fixed 2 duplicate /gene - manP_1 manP_2
[13:52:55] Fixed 2 duplicate /gene - dinG_1 dinG_2
[13:52:55] Fixed 2 duplicate /gene - ctaA_1 ctaA_2
[13:52:55] Fixed 2 duplicate /gene - bsaA_1 bsaA_2
[13:52:55] Fixed 2 duplicate /gene - mdrP_1 mdrP_2
[13:52:55] Fixed 5 duplicate /gene - iolG_1 iolG_2 iolG_3 iolG_4 iolG_5
[13:52:55] Fixed 6 duplicate /gene - kdgR_1 kdgR_2 kdgR_3 kdgR_4 kdgR_5 kdgR_6
[13:52:55] Fixed 2 duplicate /gene - crt_1 crt_2
[13:52:55] Fixed 2 duplicate /gene - lytE_1 lytE_2
[13:52:55] Fixed 2 duplicate /gene - soj_1 soj_2
[13:52:55] Fixed 2 duplicate /gene - xerD_1 xerD_2
[13:52:55] Fixed 2 duplicate /gene - scmP_1 scmP_2
[13:52:55] Fixed 3 duplicate /gene - lutA_1 lutA_2 lutA_3
[13:52:55] Fixed 2 duplicate /gene - mltG_1 mltG_2
[13:52:55] Fixed 2 duplicate /gene - panS_1 panS_2
[13:52:55] Fixed 2 duplicate /gene - dapH_1 dapH_2
[13:52:55] Fixed 2 duplicate /gene - mngB_1 mngB_2
[13:52:55] Fixed 3 duplicate /gene - hag_1 hag_2 hag_3
[13:52:55] Fixed 2 duplicate /gene - gltA_1 gltA_2
[13:52:55] Fixed 3 duplicate /gene - mshA_1 mshA_2 mshA_3
[13:52:55] Fixed 3 duplicate /gene - livF_1 livF_2 livF_3
[13:52:55] Fixed 2 duplicate /gene - dbpA_1 dbpA_2
[13:52:55] Fixed 2 duplicate /gene - gerAC_1 gerAC_2
[13:52:55] Fixed 2 duplicate /gene - hbd_1 hbd_2
[13:52:55] Fixed 4 duplicate /gene - pdhC_1 pdhC_2 pdhC_3 pdhC_4
[13:52:55] Fixed 7 duplicate /gene - fabG_1 fabG_2 fabG_3 fabG_4 fabG_5 fabG_6 fabG_7
[13:52:55] Fixed 2 duplicate /gene - dapA_1 dapA_2
[13:52:55] Fixed 2 duplicate /gene - tadA_1 tadA_2
[13:52:55] Fixed 3 duplicate /gene - rluD_1 rluD_2 rluD_3
[13:52:55] Fixed 2 duplicate /gene - ftsW_1 ftsW_2
[13:52:55] Fixed 2 duplicate /gene - fbaA_1 fbaA_2
[13:52:55] Fixed 2 duplicate /gene - ylmC_1 ylmC_2
[13:52:55] Fixed 2 duplicate /gene - gsiC_1 gsiC_2
[13:52:55] Fixed 2 duplicate /gene - araR_1 araR_2
[13:52:55] Fixed 2 duplicate /gene - cheB_1 cheB_2
[13:52:55] Fixed 4 duplicate /gene - oppF_1 oppF_2 oppF_3 oppF_4
[13:52:55] Fixed 2 duplicate /gene - mmgB_1 mmgB_2
[13:52:55] Fixed 3 duplicate /gene - rlmCD_1 rlmCD_2 rlmCD_3
[13:52:55] Fixed 2 duplicate /gene - resA_1 resA_2
[13:52:55] Fixed 2 duplicate /gene - ugtP_1 ugtP_2
[13:52:55] Fixed 4 duplicate /gene - gloB_1 gloB_2 gloB_3 gloB_4
[13:52:55] Fixed 2 duplicate /gene - mngA_1 mngA_2
[13:52:55] Fixed 2 duplicate /gene - map_1 map_2
[13:52:55] Fixed 2 duplicate /gene - sufS_1 sufS_2
[13:52:55] Fixed 2 duplicate /gene - ccsA_1 ccsA_2
[13:52:55] Fixed 2 duplicate /gene - metI_1 metI_2
[13:52:55] Fixed 3 duplicate /gene - aldHT_1 aldHT_2 aldHT_3
[13:52:55] Fixed 5 duplicate /gene - norR_1 norR_2 norR_3 norR_4 norR_5
[13:52:55] Fixed 3 duplicate /gene - purR_1 purR_2 purR_3
[13:52:55] Fixed 3 duplicate /gene - gerBA_1 gerBA_2 gerBA_3
[13:52:55] Fixed 2 duplicate /gene - czcD_1 czcD_2
[13:52:55] Fixed 3 duplicate /gene - rbsC_1 rbsC_2 rbsC_3
[13:52:55] Fixed 2 duplicate /gene - rhtB_1 rhtB_2
[13:52:55] Fixed 3 duplicate /gene - mmgC_1 mmgC_2 mmgC_3
[13:52:55] Fixed 2 duplicate /gene - pepT_1 pepT_2
[13:52:55] Fixed 2 duplicate /gene - braC_1 braC_2
[13:52:55] Fixed 3 duplicate /gene - bmr3_1 bmr3_2 bmr3_3
[13:52:55] Fixed 2 duplicate /gene - catD_1 catD_2
[13:52:55] Fixed 2 duplicate /gene - thrC_1 thrC_2
[13:52:55] Fixed 2 duplicate /gene - petC_1 petC_2
[13:52:55] Fixed 3 duplicate /gene - glpE_1 glpE_2 glpE_3
[13:52:55] Fixed 3 duplicate /gene - kynB_1 kynB_2 kynB_3
[13:52:55] Fixed 3 duplicate /gene - feoB_1 feoB_2 feoB_3
[13:52:55] Fixed 3 duplicate /gene - ywnH_1 ywnH_2 ywnH_3
[13:52:55] Fixed 2 duplicate /gene - panF_1 panF_2
[13:52:55] Fixed 7 duplicate /gene - btuD_1 btuD_2 btuD_3 btuD_4 btuD_5 btuD_6 btuD_7
[13:52:55] Fixed 3 duplicate /gene - livH_1 livH_2 livH_3
[13:52:55] Fixed 2 duplicate /gene - ccpA_1 ccpA_2
[13:52:55] Fixed 2 duplicate /gene - paaX_1 paaX_2
[13:52:55] Fixed 2 duplicate /gene - lptB_1 lptB_2
[13:52:55] Fixed 2 duplicate /gene - ddpX_1 ddpX_2
[13:52:55] Fixed 2 duplicate /gene - topB_1 topB_2
[13:52:55] Fixed 2 duplicate /gene - yvcA_1 yvcA_2
[13:52:55] Fixed 3 duplicate /gene - pdhA_1 pdhA_2 pdhA_3
[13:52:55] Fixed 2 duplicate /gene - moaA_1 moaA_2
[13:52:55] Fixed 2 duplicate /gene - dapX_1 dapX_2
[13:52:55] Fixed 2 duplicate /gene - fadA_1 fadA_2
[13:52:55] Fixed 2 duplicate /gene - phoR_1 phoR_2
[13:52:55] Fixed 2 duplicate /gene - rsbW_1 rsbW_2
[13:52:55] Fixed 2 duplicate /gene - glnA_1 glnA_2
[13:52:55] Fixed 2 duplicate /gene - narH_1 narH_2
[13:52:55] Fixed 2 duplicate /gene - mnaA_1 mnaA_2
[13:52:55] Fixed 2 duplicate /gene - pepF1_1 pepF1_2
[13:52:55] Fixed 2 duplicate /gene - ruvB_1 ruvB_2
[13:52:55] Fixed 2 duplicate /gene - pnp_1 pnp_2
[13:52:55] Fixed 2 duplicate /gene - yusV_1 yusV_2
[13:52:55] Fixed 2 duplicate /gene - flhB_1 flhB_2
[13:52:55] Fixed 2 duplicate /gene - walR_1 walR_2
[13:52:55] Fixed 2 duplicate /gene - rnmV_1 rnmV_2
[13:52:55] Fixed 2 duplicate /gene - menH_1 menH_2
[13:52:55] Fixed 2 duplicate /gene - carB_1 carB_2
[13:52:55] Fixed 2 duplicate /gene - ytbE_1 ytbE_2
[13:52:55] Fixed 2 duplicate /gene - carA_1 carA_2
[13:52:55] Fixed 3 duplicate /gene - gsiD_1 gsiD_2 gsiD_3
[13:52:55] Fixed 2 duplicate /gene - kdgA_1 kdgA_2
[13:52:55] Fixed 2 duplicate /gene - degA_1 degA_2
[13:52:55] Fixed 2 duplicate /gene - narG_1 narG_2
[13:52:55] Fixed 2 duplicate /gene - bepA_1 bepA_2
[13:52:55] Fixed 2 duplicate /gene - rsfA_1 rsfA_2
[13:52:55] Fixed 2 duplicate /gene - spoVAD_1 spoVAD_2
[13:52:55] Fixed 5 duplicate /gene - rcsC_1 rcsC_2 rcsC_3 rcsC_4 rcsC_5
[13:52:55] Fixed 2 duplicate /gene - citT_1 citT_2
[13:52:55] Fixed 2 duplicate /gene - speE_1 speE_2
[13:52:55] Fixed 3 duplicate /gene - kdgK_1 kdgK_2 kdgK_3
[13:52:55] Fixed 2 duplicate /gene - glnQ_1 glnQ_2
[13:52:55] Fixed 3 duplicate /gene - araQ_1 araQ_2 araQ_3
[13:52:55] Fixed 2 duplicate /gene - glvR_1 glvR_2
[13:52:55] Fixed 2 duplicate /gene - xylG_1 xylG_2
[13:52:55] Fixed 2 duplicate /gene - abaF_1 abaF_2
[13:52:55] Fixed 2 duplicate /gene - gtaB_1 gtaB_2
[13:52:55] Fixed 225 colliding /gene names.
[13:52:55] Adding /locus_tag identifiers
[13:52:55] Assigned 3524 locus_tags to CDS and RNA features.
[13:52:55] Writing outputs to prokka_run_data/Geobacillus_thermodenitrificans_JSC_T9a//
[13:52:56] Generating annotation statistics file
[13:52:56] Generating Genbank and Sequin files
[13:52:56] Running: tbl2asn -V b -a r10k -l paired-ends -M n -N 1 -y 'Annotated using prokka 1.14.6 from https://github.com/tseemann/prokka' -Z prokka_run_data\/Geobacillus_thermodenitrificans_JSC_T9a\/\/PROKKA_07122023\.err -i prokka_run_data\/Geobacillus_thermodenitrificans_JSC_T9a\/\/PROKKA_07122023\.fsa 2> /dev/null
[13:53:00] Could not run command: tbl2asn -V b -a r10k -l paired-ends -M n -N 1 -y 'Annotated using prokka 1.14.6 from https://github.com/tseemann/prokka' -Z prokka_run_data\/Geobacillus_thermodenitrificans_JSC_T9a\/\/PROKKA_07122023\.err -i prokka_run_data\/Geobacillus_thermodenitrificans_JSC_T9a\/\/PROKKA_07122023\.fsa 2> /dev/null
