#                                                                            --- full sequence --- -------------- this domain -------------   hmm coord   ali coord   env coord
# target name        accession   tlen query name           accession   qlen   E-value  score  bias   #  of  c-Evalue  i-Evalue  score  bias  from    to  from    to  from    to  acc description of target
#------------------- ---------- ----- -------------------- ---------- ----- --------- ------ ----- --- --- --------- --------- ------ ----- ----- ----- ----- ----- ----- ----- ---- ---------------------
RSGAB01829:1-945     -            315 1069591at2           -            187   2.2e-49  165.4  11.6   1   3   2.8e-36   1.5e-33  113.7   0.0     1    93     5   109     5   118 0.88 RSGAB01829_1 # 1 # 945 # 1 # ID=1580_1;partial=11;start_type=Edge;rbs_motif=None;rbs_spacer=None;gc_cont=0.548
RSGAB01829:1-945     -            315 1069591at2           -            187   2.2e-49  165.4  11.6   2   3   8.4e-08   4.4e-05   20.9   0.2    94   130   131   170   121   188 0.72 RSGAB01829_1 # 1 # 945 # 1 # ID=1580_1;partial=11;start_type=Edge;rbs_motif=None;rbs_spacer=None;gc_cont=0.548
RSGAB01829:1-945     -            315 1069591at2           -            187   2.2e-49  165.4  11.6   3   3   6.3e-09   3.3e-06   24.6   6.6   128   187   193   279   177   279 0.70 RSGAB01829_1 # 1 # 945 # 1 # ID=1580_1;partial=11;start_type=Edge;rbs_motif=None;rbs_spacer=None;gc_cont=0.548
RSGAB03030:1-2433    -            811 1069591at2           -            187     0.005   14.2   3.6   1   4     0.021        11    3.3   0.0     3    27   206   229   205   245 0.83 RSGAB03030_1 # 1 # 2433 # 1 # ID=474_1;partial=11;start_type=Edge;rbs_motif=None;rbs_spacer=None;gc_cont=0.515
RSGAB03030:1-2433    -            811 1069591at2           -            187     0.005   14.2   3.6   2   4       2.4   1.3e+03   -3.4   0.9    94   132   423   460   413   477 0.50 RSGAB03030_1 # 1 # 2433 # 1 # ID=474_1;partial=11;start_type=Edge;rbs_motif=None;rbs_spacer=None;gc_cont=0.515
RSGAB03030:1-2433    -            811 1069591at2           -            187     0.005   14.2   3.6   3   4   0.00015     0.082   10.3   0.0     3    22   543   562   541   571 0.85 RSGAB03030_1 # 1 # 2433 # 1 # ID=474_1;partial=11;start_type=Edge;rbs_motif=None;rbs_spacer=None;gc_cont=0.515
RSGAB03030:1-2433    -            811 1069591at2           -            187     0.005   14.2   3.6   4   4       2.7   1.4e+03   -3.6   0.0   126   147   759   780   758   789 0.76 RSGAB03030_1 # 1 # 2433 # 1 # ID=474_1;partial=11;start_type=Edge;rbs_motif=None;rbs_spacer=None;gc_cont=0.515
RSGAB02177:1-2133    -            711 1069591at2           -            187    0.0053   14.1   0.0   1   1   2.7e-05     0.014   12.7   0.0     3    30   455   482   453   487 0.88 RSGAB02177_1 # 1 # 2133 # 1 # ID=1944_1;partial=11;start_type=Edge;rbs_motif=None;rbs_spacer=None;gc_cont=0.519
RSGAB00363:1-1263    -            421 1069591at2           -            187     0.015   12.7   0.1   1   2   0.00012     0.063   10.6   0.0     2    25   112   133   111   138 0.88 RSGAB00363_1 # 1 # 1263 # 1 # ID=3672_1;partial=11;start_type=Edge;rbs_motif=None;rbs_spacer=None;gc_cont=0.489
RSGAB00363:1-1263    -            421 1069591at2           -            187     0.015   12.7   0.1   2   2      0.86   4.5e+02   -1.9   0.0    50    71   315   336   308   367 0.77 RSGAB00363_1 # 1 # 1263 # 1 # ID=3672_1;partial=11;start_type=Edge;rbs_motif=None;rbs_spacer=None;gc_cont=0.489
RSGAB01927:1-1392    -            464 1069591at2           -            187     0.021   12.2   0.1   1   1   0.00012     0.065   10.6   0.1     2    21    54    73    53    77 0.91 RSGAB01927_1 # 1 # 1392 # 1 # ID=1464_1;partial=11;start_type=Edge;rbs_motif=None;rbs_spacer=None;gc_cont=0.510
RSGAB02344:1-2583    -            861 1069591at2           -            187      0.17    9.2   0.0   1   4      0.52   2.7e+02   -1.2   0.0     3    28   203   227   202   229 0.83 RSGAB02344_1 # 1 # 2583 # 1 # ID=1786_1;partial=11;start_type=Edge;rbs_motif=None;rbs_spacer=None;gc_cont=0.547
RSGAB02344:1-2583    -            861 1069591at2           -            187      0.17    9.2   0.0   2   4       4.3   2.2e+03   -4.2   3.6   129   156   439   466   396   484 0.47 RSGAB02344_1 # 1 # 2583 # 1 # ID=1786_1;partial=11;start_type=Edge;rbs_motif=None;rbs_spacer=None;gc_cont=0.547
RSGAB02344:1-2583    -            861 1069591at2           -            187      0.17    9.2   0.0   3   4       1.7   8.8e+02   -2.9   2.0    94   130   450   483   436   499 0.43 RSGAB02344_1 # 1 # 2583 # 1 # ID=1786_1;partial=11;start_type=Edge;rbs_motif=None;rbs_spacer=None;gc_cont=0.547
RSGAB02344:1-2583    -            861 1069591at2           -            187      0.17    9.2   0.0   4   4   0.00033      0.17    9.2   0.0     3    22   604   623   602   636 0.88 RSGAB02344_1 # 1 # 2583 # 1 # ID=1786_1;partial=11;start_type=Edge;rbs_motif=None;rbs_spacer=None;gc_cont=0.547
RSGAB00011:1-639     -            213 1069591at2           -            187         9    3.6  13.7   1   2   0.00043      0.23    8.8   2.1    90   142    49   102    47   126 0.85 RSGAB00011_1 # 1 # 639 # 1 # ID=3583_1;partial=11;start_type=Edge;rbs_motif=None;rbs_spacer=None;gc_cont=0.371
RSGAB00011:1-639     -            213 1069591at2           -            187         9    3.6  13.7   2   2      0.18        97    0.2   4.1    97   143   139   186   127   207 0.59 RSGAB00011_1 # 1 # 639 # 1 # ID=3583_1;partial=11;start_type=Edge;rbs_motif=None;rbs_spacer=None;gc_cont=0.371
#
# Program:         hmmsearch
# Version:         3.1b2 (February 2015)
# Pipeline mode:   SEARCH
# Query file:      /home/sbraganza/projects/geobacillus_pangenome/geobacillus_thermodenitrificans_pangenome/prepped_fasta/busco_downloads/lineages/bacteria_odb10/hmms/1069591at2.hmm
# Target file:     BUSCO/cnambio1/prodigal_output/predicted_genes/predicted.faa
# Option settings: hmmsearch --domtblout BUSCO/cnambio1/run_bacteria_odb10/hmmer_output/1069591at2.out --cpu 1 /home/sbraganza/projects/geobacillus_pangenome/geobacillus_thermodenitrificans_pangenome/prepped_fasta/busco_downloads/lineages/bacteria_odb10/hmms/1069591at2.hmm BUSCO/cnambio1/prodigal_output/predicted_genes/predicted.faa 
# Current dir:     /home/sbraganza/projects/geobacillus_pangenome/geobacillus_thermodenitrificans_pangenome/prepped_fasta
# Date:            Fri Mar  8 07:38:32 2024
# [ok]
