#                                                                            --- full sequence --- -------------- this domain -------------   hmm coord   ali coord   env coord
# target name        accession   tlen query name           accession   qlen   E-value  score  bias   #  of  c-Evalue  i-Evalue  score  bias  from    to  from    to  from    to  acc description of target
#------------------- ---------- ----- -------------------- ---------- ----- --------- ------ ----- --- --- --------- --------- ------ ----- ----- ----- ----- ----- ----- ----- ---- ---------------------
RSGAB00634:1-1719    -            573 1074831at2           -            386   3.1e-92  307.3  38.2   1   4   1.1e-23   2.6e-21   73.9   0.5     1    62     1    68     1    75 0.89 RSGAB00634_1 # 1 # 1719 # 1 # ID=2914_1;partial=11;start_type=Edge;rbs_motif=None;rbs_spacer=None;gc_cont=0.506
RSGAB00634:1-1719    -            573 1074831at2           -            386   3.1e-92  307.3  38.2   2   4   7.3e-21   1.7e-18   64.6   3.1    65   176    92   232    78   243 0.72 RSGAB00634_1 # 1 # 1719 # 1 # ID=2914_1;partial=11;start_type=Edge;rbs_motif=None;rbs_spacer=None;gc_cont=0.506
RSGAB00634:1-1719    -            573 1074831at2           -            386   3.1e-92  307.3  38.2   3   4   8.1e-09   1.9e-06   25.0   9.6   155   267   262   387   243   406 0.77 RSGAB00634_1 # 1 # 1719 # 1 # ID=2914_1;partial=11;start_type=Edge;rbs_motif=None;rbs_spacer=None;gc_cont=0.506
RSGAB00634:1-1719    -            573 1074831at2           -            386   3.1e-92  307.3  38.2   4   4   1.6e-46   3.6e-44  149.1   3.1   266   386   421   566   415   566 0.84 RSGAB00634_1 # 1 # 1719 # 1 # ID=2914_1;partial=11;start_type=Edge;rbs_motif=None;rbs_spacer=None;gc_cont=0.506
RSGAB03283:1-720     -            240 1074831at2           -            386   0.00014   18.8   0.2   1   1   7.8e-07   0.00018   18.4   0.2   277   364    49   143    26   144 0.76 RSGAB03283_1 # 1 # 720 # 1 # ID=258_1;partial=11;start_type=Edge;rbs_motif=None;rbs_spacer=None;gc_cont=0.519
RSGAB03647:1-777     -            259 1074831at2           -            386   0.00017   18.5   0.2   1   2      0.29        67    0.1   0.1    22    40    31    49     9    55 0.76 RSGAB03647_1 # 1 # 777 # 1 # ID=69_1;partial=11;start_type=Edge;rbs_motif=None;rbs_spacer=None;gc_cont=0.493
RSGAB03647:1-777     -            259 1074831at2           -            386   0.00017   18.5   0.2   2   2   3.7e-06   0.00086   16.2   0.0   271   332   127   188    97   207 0.85 RSGAB03647_1 # 1 # 777 # 1 # ID=69_1;partial=11;start_type=Edge;rbs_motif=None;rbs_spacer=None;gc_cont=0.493
RSGAB03403:1-1488    -            496 1074831at2           -            386   0.00032   17.6   0.1   1   2   0.00052      0.12    9.1   0.0    22    48    32    58    23    78 0.78 RSGAB03403_1 # 1 # 1488 # 1 # ID=732_1;partial=11;start_type=Edge;rbs_motif=None;rbs_spacer=None;gc_cont=0.460
RSGAB03403:1-1488    -            496 1074831at2           -            386   0.00032   17.6   0.1   2   2    0.0046       1.1    6.0   0.1   283   364   390   476   377   485 0.73 RSGAB03403_1 # 1 # 1488 # 1 # ID=732_1;partial=11;start_type=Edge;rbs_motif=None;rbs_spacer=None;gc_cont=0.460
RSGAB02328:1-1059    -            353 1074831at2           -            386    0.0011   15.9   3.0   1   2     0.015       3.5    4.3   0.1    24    44    38    58    32    70 0.88 RSGAB02328_1 # 1 # 1059 # 1 # ID=1802_1;partial=11;start_type=Edge;rbs_motif=None;rbs_spacer=None;gc_cont=0.488
RSGAB02328:1-1059    -            353 1074831at2           -            386    0.0011   15.9   3.0   2   2   8.8e-05      0.02   11.7   0.2   277   354   143   228   132   239 0.75 RSGAB02328_1 # 1 # 1059 # 1 # ID=1802_1;partial=11;start_type=Edge;rbs_motif=None;rbs_spacer=None;gc_cont=0.488
RSGAB02730:1-684     -            228 1074831at2           -            386    0.0011   15.8   0.0   1   2     0.028       6.6    3.4   0.0    21    43    34    56    18    92 0.74 RSGAB02730_1 # 1 # 684 # 1 # ID=945_1;partial=11;start_type=Edge;rbs_motif=None;rbs_spacer=None;gc_cont=0.424
RSGAB02730:1-684     -            228 1074831at2           -            386    0.0011   15.8   0.0   2   2   0.00019     0.044   10.6   0.0   329   356   188   215   133   221 0.75 RSGAB02730_1 # 1 # 684 # 1 # ID=945_1;partial=11;start_type=Edge;rbs_motif=None;rbs_spacer=None;gc_cont=0.424
RSGAB01948:1-3561    -           1187 1074831at2           -            386    0.0028   14.5   0.1   1   4   8.2e-05     0.019   11.8   0.0    16    51    18    55     3    69 0.79 RSGAB01948_1 # 1 # 3561 # 1 # ID=1443_1;partial=11;start_type=Edge;rbs_motif=None;rbs_spacer=None;gc_cont=0.538
RSGAB01948:1-3561    -           1187 1074831at2           -            386    0.0028   14.5   0.1   2   4       4.3     1e+03   -3.8  29.9   123   266   700   841   674   851 0.72 RSGAB01948_1 # 1 # 3561 # 1 # ID=1443_1;partial=11;start_type=Edge;rbs_motif=None;rbs_spacer=None;gc_cont=0.538
RSGAB01948:1-3561    -           1187 1074831at2           -            386    0.0028   14.5   0.1   3   4     0.018       4.3    4.0   2.1   131   202   967  1041   963  1051 0.78 RSGAB01948_1 # 1 # 3561 # 1 # ID=1443_1;partial=11;start_type=Edge;rbs_motif=None;rbs_spacer=None;gc_cont=0.538
RSGAB01948:1-3561    -           1187 1074831at2           -            386    0.0028   14.5   0.1   4   4   0.00026     0.061   10.1   0.0   276   360  1076  1168  1071  1178 0.77 RSGAB01948_1 # 1 # 3561 # 1 # ID=1443_1;partial=11;start_type=Edge;rbs_motif=None;rbs_spacer=None;gc_cont=0.538
RSGAB01255:1-660     -            220 1074831at2           -            386    0.0033   14.3   0.0   1   2    0.0017       0.4    7.4   0.0    24    44    31    51     9    62 0.84 RSGAB01255_1 # 1 # 660 # 1 # ID=2317_1;partial=11;start_type=Edge;rbs_motif=None;rbs_spacer=None;gc_cont=0.474
RSGAB01255:1-660     -            220 1074831at2           -            386    0.0033   14.3   0.0   2   2      0.01       2.4    4.9   0.0   287   319   125   157    83   170 0.88 RSGAB01255_1 # 1 # 660 # 1 # ID=2317_1;partial=11;start_type=Edge;rbs_motif=None;rbs_spacer=None;gc_cont=0.474
RSGAB01570:1-687     -            229 1074831at2           -            386    0.0061   13.4   0.5   1   2      0.12        27    1.4   0.2    22    54    35    67    20   112 0.73 RSGAB01570_1 # 1 # 687 # 1 # ID=2087_1;partial=11;start_type=Edge;rbs_motif=None;rbs_spacer=None;gc_cont=0.383
RSGAB01570:1-687     -            229 1074831at2           -            386    0.0061   13.4   0.5   2   2   0.00029     0.066   10.0   0.0   280   354   134   215   124   224 0.73 RSGAB01570_1 # 1 # 687 # 1 # ID=2087_1;partial=11;start_type=Edge;rbs_motif=None;rbs_spacer=None;gc_cont=0.383
RSGAB01652:1-810     -            270 1074831at2           -            386    0.0071   13.2   0.2   1   2   8.6e-05      0.02   11.7   0.1    11    58    17    67     9    81 0.76 RSGAB01652_1 # 1 # 810 # 1 # ID=1756_1;partial=11;start_type=Edge;rbs_motif=None;rbs_spacer=None;gc_cont=0.530
RSGAB01652:1-810     -            270 1074831at2           -            386    0.0071   13.2   0.2   2   2       1.2   2.9e+02   -2.0   0.0   289   315   139   165   129   171 0.88 RSGAB01652_1 # 1 # 810 # 1 # ID=1756_1;partial=11;start_type=Edge;rbs_motif=None;rbs_spacer=None;gc_cont=0.530
RSGAB03672:1-705     -            235 1074831at2           -            386    0.0077   13.1   0.8   1   2   0.00043     0.099    9.4   0.3    22    74    29    80    13    95 0.85 RSGAB03672_1 # 1 # 705 # 1 # ID=53_1;partial=11;start_type=Edge;rbs_motif=None;rbs_spacer=None;gc_cont=0.521
RSGAB03672:1-705     -            235 1074831at2           -            386    0.0077   13.1   0.8   2   2     0.065        15    2.2   0.0   278   321   123   166   114   203 0.79 RSGAB03672_1 # 1 # 705 # 1 # ID=53_1;partial=11;start_type=Edge;rbs_motif=None;rbs_spacer=None;gc_cont=0.521
RSGAB02972:1-873     -            291 1074831at2           -            386    0.0094   12.8   0.9   1   2    0.0032      0.74    6.5   0.2    24    45    37    58    28    79 0.83 RSGAB02972_1 # 1 # 873 # 1 # ID=532_1;partial=11;start_type=Edge;rbs_motif=None;rbs_spacer=None;gc_cont=0.525
RSGAB02972:1-873     -            291 1074831at2           -            386    0.0094   12.8   0.9   2   2     0.011       2.6    4.7   0.0   290   333   146   189   137   223 0.75 RSGAB02972_1 # 1 # 873 # 1 # ID=532_1;partial=11;start_type=Edge;rbs_motif=None;rbs_spacer=None;gc_cont=0.525
RSGAB03173:1-720     -            240 1074831at2           -            386      0.01   12.7   0.2   1   2     0.012       2.8    4.6   0.0    21    43    28    50    13    79 0.84 RSGAB03173_1 # 1 # 720 # 1 # ID=368_1;partial=11;start_type=Edge;rbs_motif=None;rbs_spacer=None;gc_cont=0.512
RSGAB03173:1-720     -            240 1074831at2           -            386      0.01   12.7   0.2   2   2    0.0037      0.85    6.4   0.0   282   321   129   168   114   200 0.74 RSGAB03173_1 # 1 # 720 # 1 # ID=368_1;partial=11;start_type=Edge;rbs_motif=None;rbs_spacer=None;gc_cont=0.512
RSGAB02490:1-1452    -            484 1074831at2           -            386     0.013   12.4   2.4   1   4       1.7     4e+02   -2.4   0.1    26    41    38    53    27    62 0.79 RSGAB02490_1 # 1 # 1452 # 1 # ID=1199_1;partial=11;start_type=Edge;rbs_motif=None;rbs_spacer=None;gc_cont=0.529
RSGAB02490:1-1452    -            484 1074831at2           -            386     0.013   12.4   2.4   2   4       5.5   1.3e+03   -4.1   0.0   289   315   132   158   128   158 0.83 RSGAB02490_1 # 1 # 1452 # 1 # ID=1199_1;partial=11;start_type=Edge;rbs_motif=None;rbs_spacer=None;gc_cont=0.529
RSGAB02490:1-1452    -            484 1074831at2           -            386     0.013   12.4   2.4   3   4   7.5e-05     0.017   11.9   0.0    24    51   286   313   273   321 0.86 RSGAB02490_1 # 1 # 1452 # 1 # ID=1199_1;partial=11;start_type=Edge;rbs_motif=None;rbs_spacer=None;gc_cont=0.529
RSGAB02490:1-1452    -            484 1074831at2           -            386     0.013   12.4   2.4   4   4       1.5   3.4e+02   -2.2   0.0   336   355   439   459   387   467 0.59 RSGAB02490_1 # 1 # 1452 # 1 # ID=1199_1;partial=11;start_type=Edge;rbs_motif=None;rbs_spacer=None;gc_cont=0.529
RSGAB02180:1-726     -            242 1074831at2           -            386      0.02   11.7   0.2   1   2      0.29        68    0.1   0.1    25    40    37    52    18    62 0.76 RSGAB02180_1 # 1 # 726 # 1 # ID=1941_1;partial=11;start_type=Edge;rbs_motif=None;rbs_spacer=None;gc_cont=0.512
RSGAB02180:1-726     -            242 1074831at2           -            386      0.02   11.7   0.2   2   2   0.00048      0.11    9.3   0.0   289   333   135   179   118   195 0.85 RSGAB02180_1 # 1 # 726 # 1 # ID=1941_1;partial=11;start_type=Edge;rbs_motif=None;rbs_spacer=None;gc_cont=0.512
RSGAB02877:1-1929    -            643 1074831at2           -            386      0.35    7.6   0.0   1   6     0.076        18    2.0   0.0    24    40    33    49    23   142 0.85 RSGAB02877_1 # 1 # 1929 # 1 # ID=625_1;partial=11;start_type=Edge;rbs_motif=None;rbs_spacer=None;gc_cont=0.491
RSGAB02877:1-1929    -            643 1074831at2           -            386      0.35    7.6   0.0   2   6       4.3   9.8e+02   -3.7   0.0   288   315   166   193   162   193 0.77 RSGAB02877_1 # 1 # 1929 # 1 # ID=625_1;partial=11;start_type=Edge;rbs_motif=None;rbs_spacer=None;gc_cont=0.491
RSGAB02877:1-1929    -            643 1074831at2           -            386      0.35    7.6   0.0   3   6      0.18        42    0.8   4.6   195   252   235   295   221   311 0.65 RSGAB02877_1 # 1 # 1929 # 1 # ID=625_1;partial=11;start_type=Edge;rbs_motif=None;rbs_spacer=None;gc_cont=0.491
RSGAB02877:1-1929    -            643 1074831at2           -            386      0.35    7.6   0.0   4   6      0.45     1e+02   -0.5   0.0    24    42   362   380   354   388 0.87 RSGAB02877_1 # 1 # 1929 # 1 # ID=625_1;partial=11;start_type=Edge;rbs_motif=None;rbs_spacer=None;gc_cont=0.491
RSGAB02877:1-1929    -            643 1074831at2           -            386      0.35    7.6   0.0   5   6    0.0015      0.35    7.6   0.0   288   315   448   475   435   478 0.81 RSGAB02877_1 # 1 # 1929 # 1 # ID=625_1;partial=11;start_type=Edge;rbs_motif=None;rbs_spacer=None;gc_cont=0.491
RSGAB02877:1-1929    -            643 1074831at2           -            386      0.35    7.6   0.0   6   6      0.61   1.4e+02   -0.9   9.6   149   246   538   633   528   640 0.83 RSGAB02877_1 # 1 # 1929 # 1 # ID=625_1;partial=11;start_type=Edge;rbs_motif=None;rbs_spacer=None;gc_cont=0.491
#
# Program:         hmmsearch
# Version:         3.1b2 (February 2015)
# Pipeline mode:   SEARCH
# Query file:      /home/sbraganza/projects/geobacillus_pangenome/geobacillus_thermodenitrificans_pangenome/prepped_fasta/busco_downloads/lineages/bacteria_odb10/hmms/1074831at2.hmm
# Target file:     BUSCO/cnambio1/prodigal_output/predicted_genes/predicted.faa
# Option settings: hmmsearch --domtblout BUSCO/cnambio1/run_bacteria_odb10/hmmer_output/1074831at2.out --cpu 1 /home/sbraganza/projects/geobacillus_pangenome/geobacillus_thermodenitrificans_pangenome/prepped_fasta/busco_downloads/lineages/bacteria_odb10/hmms/1074831at2.hmm BUSCO/cnambio1/prodigal_output/predicted_genes/predicted.faa 
# Current dir:     /home/sbraganza/projects/geobacillus_pangenome/geobacillus_thermodenitrificans_pangenome/prepped_fasta
# Date:            Fri Mar  8 07:38:33 2024
# [ok]
