#                                                                            --- full sequence --- -------------- this domain -------------   hmm coord   ali coord   env coord
# target name        accession   tlen query name           accession   qlen   E-value  score  bias   #  of  c-Evalue  i-Evalue  score  bias  from    to  from    to  from    to  acc description of target
#------------------- ---------- ----- -------------------- ---------- ----- --------- ------ ----- --- --- --------- --------- ------ ----- ----- ----- ----- ----- ----- ----- ---- ---------------------
RSGAB02018:1-1353    -            451 1093223at2           -            361  3.1e-100  333.8   0.0   1   1  1.6e-102   1.2e-99  331.9   0.0     2   358     9   450     8   451 0.83 RSGAB02018_1 # 1 # 1353 # 1 # ID=1373_1;partial=11;start_type=Edge;rbs_motif=None;rbs_spacer=None;gc_cont=0.525
RSGAB02021:1-1467    -            489 1093223at2           -            361   3.1e-24   83.8   2.1   1   2   4.9e-10   3.6e-07   27.6   0.2    72   107   100   137    42   148 0.70 RSGAB02021_1 # 1 # 1467 # 1 # ID=1370_1;partial=11;start_type=Edge;rbs_motif=None;rbs_spacer=None;gc_cont=0.546
RSGAB02021:1-1467    -            489 1093223at2           -            361   3.1e-24   83.8   2.1   2   2   2.1e-18   1.6e-15   55.1   0.1   112   293   164   393   159   417 0.74 RSGAB02021_1 # 1 # 1467 # 1 # ID=1370_1;partial=11;start_type=Edge;rbs_motif=None;rbs_spacer=None;gc_cont=0.546
RSGAB02895:1-1380    -            460 1093223at2           -            361   3.5e-19   67.1   0.0   1   1   6.9e-22   5.1e-19   66.6   0.0    73   266   106   347    58   366 0.81 RSGAB02895_1 # 1 # 1380 # 1 # ID=608_1;partial=11;start_type=Edge;rbs_motif=None;rbs_spacer=None;gc_cont=0.546
RSGAB00209:1-1302    -            434 1093223at2           -            361     1e-15   55.7   0.0   1   1   2.8e-18     2e-15   54.7   0.0    48   247    73   304    63   328 0.79 RSGAB00209_1 # 1 # 1302 # 1 # ID=3233_1;partial=11;start_type=Edge;rbs_motif=None;rbs_spacer=None;gc_cont=0.502
RSGAB00378:1-1302    -            434 1093223at2           -            361   2.1e-08   31.7   0.0   1   2   1.8e-05     0.013   12.6   0.0    73   113    41    81    28    88 0.85 RSGAB00378_1 # 1 # 1302 # 1 # ID=3657_1;partial=11;start_type=Edge;rbs_motif=None;rbs_spacer=None;gc_cont=0.529
RSGAB00378:1-1302    -            434 1093223at2           -            361   2.1e-08   31.7   0.0   2   2   8.8e-07   0.00065   16.9   0.0   130   224   159   276   154   315 0.73 RSGAB00378_1 # 1 # 1302 # 1 # ID=3657_1;partial=11;start_type=Edge;rbs_motif=None;rbs_spacer=None;gc_cont=0.529
#
# Program:         hmmsearch
# Version:         3.1b2 (February 2015)
# Pipeline mode:   SEARCH
# Query file:      /home/sbraganza/projects/geobacillus_pangenome/geobacillus_thermodenitrificans_pangenome/prepped_fasta/busco_downloads/lineages/bacteria_odb10/hmms/1093223at2.hmm
# Target file:     BUSCO/cnambio1/prodigal_output/predicted_genes/predicted.faa
# Option settings: hmmsearch --domtblout BUSCO/cnambio1/run_bacteria_odb10/hmmer_output/1093223at2.out --cpu 1 /home/sbraganza/projects/geobacillus_pangenome/geobacillus_thermodenitrificans_pangenome/prepped_fasta/busco_downloads/lineages/bacteria_odb10/hmms/1093223at2.hmm BUSCO/cnambio1/prodigal_output/predicted_genes/predicted.faa 
# Current dir:     /home/sbraganza/projects/geobacillus_pangenome/geobacillus_thermodenitrificans_pangenome/prepped_fasta
# Date:            Fri Mar  8 07:38:33 2024
# [ok]
