#                                                                            --- full sequence --- -------------- this domain -------------   hmm coord   ali coord   env coord
# target name        accession   tlen query name           accession   qlen   E-value  score  bias   #  of  c-Evalue  i-Evalue  score  bias  from    to  from    to  from    to  acc description of target
#------------------- ---------- ----- -------------------- ---------- ----- --------- ------ ----- --- --- --------- --------- ------ ----- ----- ----- ----- ----- ----- ----- ---- ---------------------
RSGAB01885:1-1251    -            417 1395197at2           -            157   2.8e-35  119.4  19.3   1   4   1.3e-18   1.2e-15   55.6   2.2     2    57     6    70     5    83 0.90 RSGAB01885_1 # 1 # 1251 # 1 # ID=1506_1;partial=11;start_type=Edge;rbs_motif=None;rbs_spacer=None;gc_cont=0.512
RSGAB01885:1-1251    -            417 1395197at2           -            157   2.8e-35  119.4  19.3   2   4   2.4e-07   0.00022   19.0   0.0    55    87   156   188   150   210 0.86 RSGAB01885_1 # 1 # 1251 # 1 # ID=1506_1;partial=11;start_type=Edge;rbs_motif=None;rbs_spacer=None;gc_cont=0.512
RSGAB01885:1-1251    -            417 1395197at2           -            157   2.8e-35  119.4  19.3   3   4   8.2e-15   7.6e-12   43.2   0.9    94   142   322   376   305   379 0.85 RSGAB01885_1 # 1 # 1251 # 1 # ID=1506_1;partial=11;start_type=Edge;rbs_motif=None;rbs_spacer=None;gc_cont=0.512
RSGAB01885:1-1251    -            417 1395197at2           -            157   2.8e-35  119.4  19.3   4   4   0.00012      0.11   10.3   0.8   136   156   393   413   390   414 0.92 RSGAB01885_1 # 1 # 1251 # 1 # ID=1506_1;partial=11;start_type=Edge;rbs_motif=None;rbs_spacer=None;gc_cont=0.512
RSGAB03212:1-666     -            222 1395197at2           -            157   3.5e-10   37.9   4.7   1   2   0.00071      0.66    7.7   0.1     4    26    16    38    14    43 0.85 RSGAB03212_1 # 1 # 666 # 1 # ID=329_1;partial=11;start_type=Edge;rbs_motif=None;rbs_spacer=None;gc_cont=0.500
RSGAB03212:1-666     -            222 1395197at2           -            157   3.5e-10   37.9   4.7   2   2   6.5e-11     6e-08   30.6   1.9    61   138    84   162    75   166 0.83 RSGAB03212_1 # 1 # 666 # 1 # ID=329_1;partial=11;start_type=Edge;rbs_motif=None;rbs_spacer=None;gc_cont=0.500
RSGAB00403:1-858     -            286 1395197at2           -            157   8.6e-10   36.6  12.1   1   3      0.52   4.8e+02   -1.6   0.1   121   143     8    30     7    36 0.75 RSGAB00403_1 # 1 # 858 # 1 # ID=3632_1;partial=11;start_type=Edge;rbs_motif=None;rbs_spacer=None;gc_cont=0.505
RSGAB00403:1-858     -            286 1395197at2           -            157   8.6e-10   36.6  12.1   2   3     3e-12   2.8e-09   34.9   6.8     5   142    34   146    30   149 0.85 RSGAB00403_1 # 1 # 858 # 1 # ID=3632_1;partial=11;start_type=Edge;rbs_motif=None;rbs_spacer=None;gc_cont=0.505
RSGAB00403:1-858     -            286 1395197at2           -            157   8.6e-10   36.6  12.1   3   3      0.55   5.1e+02   -1.7   0.0    58    77   155   174   146   183 0.53 RSGAB00403_1 # 1 # 858 # 1 # ID=3632_1;partial=11;start_type=Edge;rbs_motif=None;rbs_spacer=None;gc_cont=0.505
RSGAB02649:1-1068    -            356 1395197at2           -            157     0.014   13.2  13.8   1   1   0.00011       0.1   10.3  13.8     5   138    41   173    37   176 0.72 RSGAB02649_1 # 1 # 1068 # 1 # ID=1076_1;partial=11;start_type=Edge;rbs_motif=None;rbs_spacer=None;gc_cont=0.275
#
# Program:         hmmsearch
# Version:         3.1b2 (February 2015)
# Pipeline mode:   SEARCH
# Query file:      /home/sbraganza/projects/geobacillus_pangenome/geobacillus_thermodenitrificans_pangenome/prepped_fasta/busco_downloads/lineages/bacteria_odb10/hmms/1395197at2.hmm
# Target file:     BUSCO/cnambio1/prodigal_output/predicted_genes/predicted.faa
# Option settings: hmmsearch --domtblout BUSCO/cnambio1/run_bacteria_odb10/hmmer_output/1395197at2.out --cpu 1 /home/sbraganza/projects/geobacillus_pangenome/geobacillus_thermodenitrificans_pangenome/prepped_fasta/busco_downloads/lineages/bacteria_odb10/hmms/1395197at2.hmm BUSCO/cnambio1/prodigal_output/predicted_genes/predicted.faa 
# Current dir:     /home/sbraganza/projects/geobacillus_pangenome/geobacillus_thermodenitrificans_pangenome/prepped_fasta
# Date:            Fri Mar  8 07:38:33 2024
# [ok]
