#                                                                            --- full sequence --- -------------- this domain -------------   hmm coord   ali coord   env coord
# target name        accession   tlen query name           accession   qlen   E-value  score  bias   #  of  c-Evalue  i-Evalue  score  bias  from    to  from    to  from    to  acc description of target
#------------------- ---------- ----- -------------------- ---------- ----- --------- ------ ----- --- --- --------- --------- ------ ----- ----- ----- ----- ----- ----- ----- ---- ---------------------
RSGAB02067:1-1842    -            614 143460at2            -            439  1.3e-164  545.8   1.0   1   2   9.4e-83   6.9e-80  266.6   0.1     1   202     8   254     8   270 0.85 RSGAB02067_1 # 1 # 1842 # 1 # ID=1324_1;partial=11;start_type=Edge;rbs_motif=None;rbs_spacer=None;gc_cont=0.530
RSGAB02067:1-1842    -            614 143460at2            -            439  1.3e-164  545.8   1.0   2   2   6.9e-85   5.1e-82  273.6   0.1   194   439   271   593   247   593 0.84 RSGAB02067_1 # 1 # 1842 # 1 # ID=1324_1;partial=11;start_type=Edge;rbs_motif=None;rbs_spacer=None;gc_cont=0.530
RSGAB03005:1-2076    -            692 143460at2            -            439   4.2e-39  132.2   1.4   1   3   4.8e-32   3.6e-29   99.5   0.1     2   125    11   152    10   255 0.83 RSGAB03005_1 # 1 # 2076 # 1 # ID=499_1;partial=11;start_type=Edge;rbs_motif=None;rbs_spacer=None;gc_cont=0.504
RSGAB03005:1-2076    -            692 143460at2            -            439   4.2e-39  132.2   1.4   2   3   1.5e-08   1.1e-05   22.1   0.0   182   295   357   481   264   519 0.70 RSGAB03005_1 # 1 # 2076 # 1 # ID=499_1;partial=11;start_type=Edge;rbs_motif=None;rbs_spacer=None;gc_cont=0.504
RSGAB03005:1-2076    -            692 143460at2            -            439   4.2e-39  132.2   1.4   3   3     0.011         8    2.8   0.1   295   346   606   666   598   670 0.72 RSGAB03005_1 # 1 # 2076 # 1 # ID=499_1;partial=11;start_type=Edge;rbs_motif=None;rbs_spacer=None;gc_cont=0.504
RSGAB00502:1-1827    -            609 143460at2            -            439   2.2e-35  119.9   1.3   1   2     6e-38   4.4e-35  119.0   0.4     1   199    13   243    13   261 0.81 RSGAB00502_1 # 1 # 1827 # 1 # ID=3046_1;partial=11;start_type=Edge;rbs_motif=None;rbs_spacer=None;gc_cont=0.506
RSGAB00502:1-1827    -            609 143460at2            -            439   2.2e-35  119.9   1.3   2   2      0.34   2.5e+02   -2.2   0.0   268   300   353   386   346   394 0.78 RSGAB00502_1 # 1 # 1827 # 1 # ID=3046_1;partial=11;start_type=Edge;rbs_motif=None;rbs_spacer=None;gc_cont=0.506
RSGAB03004:1-1185    -            395 143460at2            -            439   2.4e-22   77.0   0.1   1   1   1.1e-24   8.5e-22   75.2   0.1     3   205    14   260    12   270 0.69 RSGAB03004_1 # 1 # 1185 # 1 # ID=500_1;partial=11;start_type=Edge;rbs_motif=None;rbs_spacer=None;gc_cont=0.522
RSGAB01878:1-2205    -            735 143460at2            -            439   3.6e-19   66.5   1.4   1   3      0.24   1.8e+02   -1.7   0.2    27    59   199   231   191   233 0.85 RSGAB01878_1 # 1 # 2205 # 1 # ID=1548_1;partial=11;start_type=Edge;rbs_motif=None;rbs_spacer=None;gc_cont=0.512
RSGAB01878:1-2205    -            735 143460at2            -            439   3.6e-19   66.5   1.4   2   3   4.8e-22   3.6e-19   66.5   1.4     4   139   241   383   239   457 0.70 RSGAB01878_1 # 1 # 2205 # 1 # ID=1548_1;partial=11;start_type=Edge;rbs_motif=None;rbs_spacer=None;gc_cont=0.512
RSGAB01878:1-2205    -            735 143460at2            -            439   3.6e-19   66.5   1.4   3   3      0.34   2.5e+02   -2.2   0.1   159   191   646   678   542   692 0.72 RSGAB01878_1 # 1 # 2205 # 1 # ID=1548_1;partial=11;start_type=Edge;rbs_motif=None;rbs_spacer=None;gc_cont=0.512
#
# Program:         hmmsearch
# Version:         3.1b2 (February 2015)
# Pipeline mode:   SEARCH
# Query file:      /home/sbraganza/projects/geobacillus_pangenome/geobacillus_thermodenitrificans_pangenome/prepped_fasta/busco_downloads/lineages/bacteria_odb10/hmms/143460at2.hmm
# Target file:     BUSCO/cnambio1/prodigal_output/predicted_genes/predicted.faa
# Option settings: hmmsearch --domtblout BUSCO/cnambio1/run_bacteria_odb10/hmmer_output/143460at2.out --cpu 1 /home/sbraganza/projects/geobacillus_pangenome/geobacillus_thermodenitrificans_pangenome/prepped_fasta/busco_downloads/lineages/bacteria_odb10/hmms/143460at2.hmm BUSCO/cnambio1/prodigal_output/predicted_genes/predicted.faa 
# Current dir:     /home/sbraganza/projects/geobacillus_pangenome/geobacillus_thermodenitrificans_pangenome/prepped_fasta
# Date:            Fri Mar  8 07:38:33 2024
# [ok]
