#                                                                            --- full sequence --- -------------- this domain -------------   hmm coord   ali coord   env coord
# target name        accession   tlen query name           accession   qlen   E-value  score  bias   #  of  c-Evalue  i-Evalue  score  bias  from    to  from    to  from    to  acc description of target
#------------------- ---------- ----- -------------------- ---------- ----- --------- ------ ----- --- --- --------- --------- ------ ----- ----- ----- ----- ----- ----- ----- ---- ---------------------
RSGAB01973:1-585     -            195 1502854at2           -            192   8.6e-76  251.5   0.1   1   1   1.1e-77   1.1e-75  251.2   0.1    11   190     1   180     1   182 0.98 RSGAB01973_1 # 1 # 585 # 1 # ID=1418_1;partial=11;start_type=Edge;rbs_motif=None;rbs_spacer=None;gc_cont=0.533
RSGAB01902:1-1113    -            371 1502854at2           -            192   4.2e-05   21.0   0.3   1   2     0.014       1.3    6.2   0.0    98   149    82   135    70   167 0.66 RSGAB01902_1 # 1 # 1113 # 1 # ID=1489_1;partial=11;start_type=Edge;rbs_motif=None;rbs_spacer=None;gc_cont=0.539
RSGAB01902:1-1113    -            371 1502854at2           -            192   4.2e-05   21.0   0.3   2   2   0.00014     0.014   12.7   0.1     3    27   173   197   171   225 0.82 RSGAB01902_1 # 1 # 1113 # 1 # ID=1489_1;partial=11;start_type=Edge;rbs_motif=None;rbs_spacer=None;gc_cont=0.539
RSGAB03557:1-2865    -            955 1502854at2           -            192   5.8e-05   20.5   0.2   1   2    0.0023      0.22    8.8   0.0     5    23    26    44    23    66 0.83 RSGAB03557_1 # 1 # 2865 # 1 # ID=159_1;partial=11;start_type=Edge;rbs_motif=None;rbs_spacer=None;gc_cont=0.544
RSGAB03557:1-2865    -            955 1502854at2           -            192   5.8e-05   20.5   0.2   2   2    0.0018      0.17    9.1   0.1     6    29   633   656   631   665 0.85 RSGAB03557_1 # 1 # 2865 # 1 # ID=159_1;partial=11;start_type=Edge;rbs_motif=None;rbs_spacer=None;gc_cont=0.544
RSGAB03030:1-2433    -            811 1502854at2           -            192   7.4e-05   20.1   6.4   1   3     0.078       7.5    3.8   0.0    10    45   206   239   198   242 0.78 RSGAB03030_1 # 1 # 2433 # 1 # ID=474_1;partial=11;start_type=Edge;rbs_motif=None;rbs_spacer=None;gc_cont=0.515
RSGAB03030:1-2433    -            811 1502854at2           -            192   7.4e-05   20.1   6.4   2   3    0.0081      0.78    7.0   1.4   119   162   404   448   391   472 0.78 RSGAB03030_1 # 1 # 2433 # 1 # ID=474_1;partial=11;start_type=Edge;rbs_motif=None;rbs_spacer=None;gc_cont=0.515
RSGAB03030:1-2433    -            811 1502854at2           -            192   7.4e-05   20.1   6.4   3   3    0.0021       0.2    8.9   0.0     9    29   542   562   537   571 0.91 RSGAB03030_1 # 1 # 2433 # 1 # ID=474_1;partial=11;start_type=Edge;rbs_motif=None;rbs_spacer=None;gc_cont=0.515
RSGAB00777:1-672     -            224 1502854at2           -            192   0.00017   18.9   1.0   1   2   0.00074     0.072   10.4   0.0     5    29     3    27     1    37 0.82 RSGAB00777_1 # 1 # 672 # 1 # ID=3351_1;partial=11;start_type=Edge;rbs_motif=None;rbs_spacer=None;gc_cont=0.552
RSGAB00777:1-672     -            224 1502854at2           -            192   0.00017   18.9   1.0   2   2    0.0071      0.69    7.2   0.5    92   180   118   211    77   222 0.59 RSGAB00777_1 # 1 # 672 # 1 # ID=3351_1;partial=11;start_type=Edge;rbs_motif=None;rbs_spacer=None;gc_cont=0.552
RSGAB02490:1-1452    -            484 1502854at2           -            192   0.00018   18.9   2.0   1   4    0.0053      0.51    7.6   0.0     9    26    35    52    30    63 0.85 RSGAB02490_1 # 1 # 1452 # 1 # ID=1199_1;partial=11;start_type=Edge;rbs_motif=None;rbs_spacer=None;gc_cont=0.529
RSGAB02490:1-1452    -            484 1502854at2           -            192   0.00018   18.9   2.0   2   4       4.7   4.6e+02   -2.0   0.0   126   142   235   252   216   269 0.71 RSGAB02490_1 # 1 # 1452 # 1 # ID=1199_1;partial=11;start_type=Edge;rbs_motif=None;rbs_spacer=None;gc_cont=0.529
RSGAB02490:1-1452    -            484 1502854at2           -            192   0.00018   18.9   2.0   3   4    0.0048      0.47    7.7   0.0     6    28   282   304   278   312 0.87 RSGAB02490_1 # 1 # 1452 # 1 # ID=1199_1;partial=11;start_type=Edge;rbs_motif=None;rbs_spacer=None;gc_cont=0.529
RSGAB02490:1-1452    -            484 1502854at2           -            192   0.00018   18.9   2.0   4   4       1.4   1.3e+02   -0.3   0.0   133   152   352   371   330   387 0.67 RSGAB02490_1 # 1 # 1452 # 1 # ID=1199_1;partial=11;start_type=Edge;rbs_motif=None;rbs_spacer=None;gc_cont=0.529
RSGAB00791:1-1308    -            436 1502854at2           -            192   0.00048   17.5   0.0   1   2      0.15        15    2.9   0.0     7    29     4    26     1    41 0.80 RSGAB00791_1 # 1 # 1308 # 1 # ID=3337_1;partial=11;start_type=Edge;rbs_motif=None;rbs_spacer=None;gc_cont=0.509
RSGAB00791:1-1308    -            436 1502854at2           -            192   0.00048   17.5   0.0   2   2   0.00023     0.023   12.0   0.0     9    78   178   246   173   299 0.78 RSGAB00791_1 # 1 # 1308 # 1 # ID=3337_1;partial=11;start_type=Edge;rbs_motif=None;rbs_spacer=None;gc_cont=0.509
RSGAB01396:1-1572    -            524 1502854at2           -            192   0.00059   17.2   8.5   1   3      0.15        15    2.9   0.0    11    26    34    49    28    61 0.88 RSGAB01396_1 # 1 # 1572 # 1 # ID=2261_1;partial=11;start_type=Edge;rbs_motif=None;rbs_spacer=None;gc_cont=0.445
RSGAB01396:1-1572    -            524 1502854at2           -            192   0.00059   17.2   8.5   2   3     0.082       7.9    3.7   0.1   114   151   250   286   225   296 0.82 RSGAB01396_1 # 1 # 1572 # 1 # ID=2261_1;partial=11;start_type=Edge;rbs_motif=None;rbs_spacer=None;gc_cont=0.445
RSGAB01396:1-1572    -            524 1502854at2           -            192   0.00059   17.2   8.5   3   3   5.8e-05    0.0056   14.0   0.1     9    36   301   328   294   331 0.85 RSGAB01396_1 # 1 # 1572 # 1 # ID=2261_1;partial=11;start_type=Edge;rbs_motif=None;rbs_spacer=None;gc_cont=0.445
RSGAB01063:1-1101    -            367 1502854at2           -            192    0.0006   17.2   0.0   1   1   1.9e-05    0.0018   15.6   0.0     5    27    29    51    26    60 0.87 RSGAB01063_1 # 1 # 1101 # 1 # ID=2550_1;partial=11;start_type=Edge;rbs_motif=None;rbs_spacer=None;gc_cont=0.522
RSGAB03548:1-684     -            228 1502854at2           -            192   0.00096   16.5   0.0   1   1   1.7e-05    0.0017   15.7   0.0     4    30    26    52    24    61 0.84 RSGAB03548_1 # 1 # 684 # 1 # ID=168_1;partial=11;start_type=Edge;rbs_motif=None;rbs_spacer=None;gc_cont=0.474
RSGAB02397:1-1089    -            363 1502854at2           -            192    0.0013   16.1   0.0   1   1     3e-05    0.0029   14.9   0.0     3    26    29    52    28    57 0.91 RSGAB02397_1 # 1 # 1089 # 1 # ID=1293_1;partial=11;start_type=Edge;rbs_motif=None;rbs_spacer=None;gc_cont=0.490
RSGAB02180:1-726     -            242 1502854at2           -            192    0.0014   16.0   0.1   1   1   2.8e-05    0.0027   15.0   0.1     5    27    31    53    28    63 0.88 RSGAB02180_1 # 1 # 726 # 1 # ID=1941_1;partial=11;start_type=Edge;rbs_motif=None;rbs_spacer=None;gc_cont=0.512
RSGAB03173:1-720     -            240 1502854at2           -            192    0.0019   15.5   0.0   1   1   3.7e-05    0.0036   14.6   0.0     5    26    26    47    23    59 0.88 RSGAB03173_1 # 1 # 720 # 1 # ID=368_1;partial=11;start_type=Edge;rbs_motif=None;rbs_spacer=None;gc_cont=0.512
RSGAB01963:1-879     -            293 1502854at2           -            192    0.0021   15.4   0.1   1   1   3.8e-05    0.0037   14.6   0.1     6    29   159   182   155   203 0.84 RSGAB01963_1 # 1 # 879 # 1 # ID=1428_1;partial=11;start_type=Edge;rbs_motif=None;rbs_spacer=None;gc_cont=0.523
RSGAB02809:1-1131    -            377 1502854at2           -            192    0.0039   14.5   0.0   1   1   9.2e-05    0.0089   13.3   0.0     4    27    26    49    24    56 0.89 RSGAB02809_1 # 1 # 1131 # 1 # ID=866_1;partial=11;start_type=Edge;rbs_motif=None;rbs_spacer=None;gc_cont=0.506
RSGAB01652:1-810     -            270 1502854at2           -            192    0.0059   13.9   0.1   1   1   0.00015     0.015   12.7   0.1     5    27    28    50    25    56 0.91 RSGAB01652_1 # 1 # 810 # 1 # ID=1756_1;partial=11;start_type=Edge;rbs_motif=None;rbs_spacer=None;gc_cont=0.530
RSGAB02783:1-771     -            257 1502854at2           -            192    0.0062   13.9   0.1   1   1   0.00011     0.011   13.1   0.1     4    27    31    54    29    64 0.86 RSGAB02783_1 # 1 # 771 # 1 # ID=892_1;partial=11;start_type=Edge;rbs_motif=None;rbs_spacer=None;gc_cont=0.370
RSGAB01893:1-579     -            193 1502854at2           -            192    0.0072   13.7   0.2   1   2    0.0027      0.26    8.6   0.0   120   176    21    78    14    92 0.80 RSGAB01893_1 # 1 # 579 # 1 # ID=1498_1;partial=11;start_type=Edge;rbs_motif=None;rbs_spacer=None;gc_cont=0.554
RSGAB01893:1-579     -            193 1502854at2           -            192    0.0072   13.7   0.2   2   2      0.11        11    3.3   0.0   128   165   152   188   133   192 0.83 RSGAB01893_1 # 1 # 579 # 1 # ID=1498_1;partial=11;start_type=Edge;rbs_motif=None;rbs_spacer=None;gc_cont=0.554
RSGAB00386:1-1053    -            351 1502854at2           -            192    0.0075   13.6   0.1   1   2   0.00035     0.034   11.4   0.0     5    29   124   148   121   159 0.80 RSGAB00386_1 # 1 # 1053 # 1 # ID=3649_1;partial=11;start_type=Edge;rbs_motif=None;rbs_spacer=None;gc_cont=0.525
RSGAB00386:1-1053    -            351 1502854at2           -            192    0.0075   13.6   0.1   2   2       2.4   2.3e+02   -1.1   0.0    82   117   184   219   165   244 0.79 RSGAB00386_1 # 1 # 1053 # 1 # ID=3649_1;partial=11;start_type=Edge;rbs_motif=None;rbs_spacer=None;gc_cont=0.525
RSGAB02555:1-1785    -            595 1502854at2           -            192    0.0078   13.5   0.1   1   1   0.00017     0.016   12.5   0.1     8    27   376   395   371   403 0.84 RSGAB02555_1 # 1 # 1785 # 1 # ID=1135_1;partial=11;start_type=Edge;rbs_motif=None;rbs_spacer=None;gc_cont=0.319
RSGAB00553:1-843     -            281 1502854at2           -            192     0.008   13.5   0.0   1   1   0.00022     0.022   12.1   0.0     5    28    59    82    57    92 0.85 RSGAB00553_1 # 1 # 843 # 1 # ID=2995_1;partial=11;start_type=Edge;rbs_motif=None;rbs_spacer=None;gc_cont=0.489
RSGAB00296:1-603     -            201 1502854at2           -            192    0.0091   13.3   3.3   1   2       0.1       9.8    3.4   0.1    11    28     7    24     1    30 0.84 RSGAB00296_1 # 1 # 603 # 1 # ID=3146_1;partial=11;start_type=Edge;rbs_motif=None;rbs_spacer=None;gc_cont=0.536
RSGAB00296:1-603     -            201 1502854at2           -            192    0.0091   13.3   3.3   2   2   0.00056     0.055   10.8   0.5   124   186   133   195    76   200 0.82 RSGAB00296_1 # 1 # 603 # 1 # ID=3146_1;partial=11;start_type=Edge;rbs_motif=None;rbs_spacer=None;gc_cont=0.536
RSGAB03647:1-777     -            259 1502854at2           -            192     0.011   13.1   0.1   1   1   0.00019     0.018   12.3   0.1     6    33    29    55    25    63 0.82 RSGAB03647_1 # 1 # 777 # 1 # ID=69_1;partial=11;start_type=Edge;rbs_motif=None;rbs_spacer=None;gc_cont=0.493
RSGAB02177:1-2133    -            711 1502854at2           -            192     0.011   13.0   1.9   1   3      0.38        37    1.5   0.0    10    26   128   144   120   149 0.84 RSGAB02177_1 # 1 # 2133 # 1 # ID=1944_1;partial=11;start_type=Edge;rbs_motif=None;rbs_spacer=None;gc_cont=0.519
RSGAB02177:1-2133    -            711 1502854at2           -            192     0.011   13.0   1.9   2   3       3.5   3.4e+02   -1.6   0.3   127   166   331   356   319   395 0.58 RSGAB02177_1 # 1 # 2133 # 1 # ID=1944_1;partial=11;start_type=Edge;rbs_motif=None;rbs_spacer=None;gc_cont=0.519
RSGAB02177:1-2133    -            711 1502854at2           -            192     0.011   13.0   1.9   3   3    0.0026      0.26    8.6   0.0     9    29   454   474   448   483 0.88 RSGAB02177_1 # 1 # 2133 # 1 # ID=1944_1;partial=11;start_type=Edge;rbs_motif=None;rbs_spacer=None;gc_cont=0.519
RSGAB00742:1-1470    -            490 1502854at2           -            192     0.012   12.9   0.1   1   1   0.00023     0.023   12.0   0.1     4    30    26    52    24    62 0.86 RSGAB00742_1 # 1 # 1470 # 1 # ID=3386_1;partial=11;start_type=Edge;rbs_motif=None;rbs_spacer=None;gc_cont=0.578
RSGAB01829:1-945     -            315 1502854at2           -            192     0.013   12.8   0.3   1   2   0.00046     0.045   11.1   0.0     5    29     2    26     1    67 0.68 RSGAB01829_1 # 1 # 945 # 1 # ID=1580_1;partial=11;start_type=Edge;rbs_motif=None;rbs_spacer=None;gc_cont=0.548
RSGAB01829:1-945     -            315 1502854at2           -            192     0.013   12.8   0.3   2   2       2.8   2.7e+02   -1.3   0.1   128   141   199   216   178   272 0.55 RSGAB01829_1 # 1 # 945 # 1 # ID=1580_1;partial=11;start_type=Edge;rbs_motif=None;rbs_spacer=None;gc_cont=0.548
RSGAB02480:1-1110    -            370 1502854at2           -            192     0.015   12.6   0.1   1   2   0.00045     0.044   11.1   0.0     6    26    30    50    27    57 0.86 RSGAB02480_1 # 1 # 1110 # 1 # ID=1209_1;partial=11;start_type=Edge;rbs_motif=None;rbs_spacer=None;gc_cont=0.491
RSGAB02480:1-1110    -            370 1502854at2           -            192     0.015   12.6   0.1   2   2       8.7   8.4e+02   -2.9   0.0   144   158   177   191   151   220 0.55 RSGAB02480_1 # 1 # 1110 # 1 # ID=1209_1;partial=11;start_type=Edge;rbs_motif=None;rbs_spacer=None;gc_cont=0.491
RSGAB03615:1-777     -            259 1502854at2           -            192     0.015   12.6   0.0   1   1   0.00023     0.023   12.0   0.0     4    27    29    52    27   100 0.84 RSGAB03615_1 # 1 # 777 # 1 # ID=101_1;partial=11;start_type=Edge;rbs_motif=None;rbs_spacer=None;gc_cont=0.543
RSGAB02678:1-609     -            203 1502854at2           -            192     0.016   12.5   0.8   1   2   0.00054     0.053   10.8   0.1     5    29    24    48    20    56 0.84 RSGAB02678_1 # 1 # 609 # 1 # ID=997_1;partial=11;start_type=Edge;rbs_motif=None;rbs_spacer=None;gc_cont=0.532
RSGAB02678:1-609     -            203 1502854at2           -            192     0.016   12.5   0.8   2   2         3   2.9e+02   -1.4   0.0    62    74   115   127   104   139 0.65 RSGAB02678_1 # 1 # 609 # 1 # ID=997_1;partial=11;start_type=Edge;rbs_motif=None;rbs_spacer=None;gc_cont=0.532
RSGAB01488:1-1797    -            599 1502854at2           -            192     0.017   12.4   0.0   1   1   0.00041      0.04   11.2   0.0     6    28   382   404   379   414 0.85 RSGAB01488_1 # 1 # 1797 # 1 # ID=2169_1;partial=11;start_type=Edge;rbs_motif=None;rbs_spacer=None;gc_cont=0.543
RSGAB00575:1-1197    -            399 1502854at2           -            192     0.021   12.1   0.0   1   1   0.00059     0.057   10.7   0.0     3    28   177   202   176   212 0.84 RSGAB00575_1 # 1 # 1197 # 1 # ID=2973_1;partial=11;start_type=Edge;rbs_motif=None;rbs_spacer=None;gc_cont=0.539
RSGAB02811:1-687     -            229 1502854at2           -            192     0.021   12.1   0.1   1   1   0.00038     0.037   11.3   0.1     4    27    29    52    27    58 0.89 RSGAB02811_1 # 1 # 687 # 1 # ID=864_1;partial=11;start_type=Edge;rbs_motif=None;rbs_spacer=None;gc_cont=0.428
RSGAB03671:1-777     -            259 1502854at2           -            192     0.027   11.8   0.0   1   1   0.00055     0.053   10.8   0.0     5    26    32    53    29    58 0.89 RSGAB03671_1 # 1 # 777 # 1 # ID=54_1;partial=11;start_type=Edge;rbs_motif=None;rbs_spacer=None;gc_cont=0.517
RSGAB02201:1-1533    -            511 1502854at2           -            192     0.028   11.7   0.9   1   2     0.052         5    4.4   0.0     5    26    23    44    20    49 0.86 RSGAB02201_1 # 1 # 1533 # 1 # ID=1920_1;partial=11;start_type=Edge;rbs_motif=None;rbs_spacer=None;gc_cont=0.541
RSGAB02201:1-1533    -            511 1502854at2           -            192     0.028   11.7   0.9   2   2     0.036       3.5    4.9   0.2     4    31   274   301   272   321 0.88 RSGAB02201_1 # 1 # 1533 # 1 # ID=1920_1;partial=11;start_type=Edge;rbs_motif=None;rbs_spacer=None;gc_cont=0.541
RSGAB03672:1-705     -            235 1502854at2           -            192     0.047   11.0   0.7   1   2    0.0012      0.12    9.6   0.2     5    26    26    47    23    60 0.89 RSGAB03672_1 # 1 # 705 # 1 # ID=53_1;partial=11;start_type=Edge;rbs_motif=None;rbs_spacer=None;gc_cont=0.521
RSGAB03672:1-705     -            235 1502854at2           -            192     0.047   11.0   0.7   2   2       2.1     2e+02   -0.9   0.0   115   136   110   131    55   142 0.60 RSGAB03672_1 # 1 # 705 # 1 # ID=53_1;partial=11;start_type=Edge;rbs_motif=None;rbs_spacer=None;gc_cont=0.521
RSGAB01181:1-1539    -            513 1502854at2           -            192     0.054   10.8   1.8   1   3    0.0048      0.46    7.7   0.0     4    27    29    52    27    60 0.86 RSGAB01181_1 # 1 # 1539 # 1 # ID=2391_1;partial=11;start_type=Edge;rbs_motif=None;rbs_spacer=None;gc_cont=0.414
RSGAB01181:1-1539    -            513 1502854at2           -            192     0.054   10.8   1.8   2   3         1        99    0.1   0.0    11    36   140   165   138   167 0.81 RSGAB01181_1 # 1 # 1539 # 1 # ID=2391_1;partial=11;start_type=Edge;rbs_motif=None;rbs_spacer=None;gc_cont=0.414
RSGAB01181:1-1539    -            513 1502854at2           -            192     0.054   10.8   1.8   3   3       1.8   1.8e+02   -0.7   0.1     4    27   288   311   287   320 0.84 RSGAB01181_1 # 1 # 1539 # 1 # ID=2391_1;partial=11;start_type=Edge;rbs_motif=None;rbs_spacer=None;gc_cont=0.414
RSGAB03455:1-408     -            136 1502854at2           -            192      0.12    9.6   2.7   1   2     0.055       5.4    4.3   0.3   129   163     4    38     1    56 0.86 RSGAB03455_1 # 1 # 408 # 1 # ID=680_1;partial=11;start_type=Edge;rbs_motif=None;rbs_spacer=None;gc_cont=0.461
RSGAB03455:1-408     -            136 1502854at2           -            192      0.12    9.6   2.7   2   2     0.016       1.6    6.0   0.1   146   188    75   117    58   121 0.76 RSGAB03455_1 # 1 # 408 # 1 # ID=680_1;partial=11;start_type=Edge;rbs_motif=None;rbs_spacer=None;gc_cont=0.461
RSGAB02344:1-2583    -            861 1502854at2           -            192      0.63    7.3   9.2   1   2       0.2        20    2.4   0.0    10    29   203   222   195   228 0.85 RSGAB02344_1 # 1 # 2583 # 1 # ID=1786_1;partial=11;start_type=Edge;rbs_motif=None;rbs_spacer=None;gc_cont=0.547
RSGAB02344:1-2583    -            861 1502854at2           -            192      0.63    7.3   9.2   2   2    0.0087      0.85    6.9   0.0     9    29   603   623   600   632 0.88 RSGAB02344_1 # 1 # 2583 # 1 # ID=1786_1;partial=11;start_type=Edge;rbs_motif=None;rbs_spacer=None;gc_cont=0.547
#
# Program:         hmmsearch
# Version:         3.1b2 (February 2015)
# Pipeline mode:   SEARCH
# Query file:      /home/sbraganza/projects/geobacillus_pangenome/geobacillus_thermodenitrificans_pangenome/prepped_fasta/busco_downloads/lineages/bacteria_odb10/hmms/1502854at2.hmm
# Target file:     BUSCO/cnambio1/prodigal_output/predicted_genes/predicted.faa
# Option settings: hmmsearch --domtblout BUSCO/cnambio1/run_bacteria_odb10/hmmer_output/1502854at2.out --cpu 1 /home/sbraganza/projects/geobacillus_pangenome/geobacillus_thermodenitrificans_pangenome/prepped_fasta/busco_downloads/lineages/bacteria_odb10/hmms/1502854at2.hmm BUSCO/cnambio1/prodigal_output/predicted_genes/predicted.faa 
# Current dir:     /home/sbraganza/projects/geobacillus_pangenome/geobacillus_thermodenitrificans_pangenome/prepped_fasta
# Date:            Fri Mar  8 07:38:33 2024
# [ok]
