#                                                                            --- full sequence --- -------------- this domain -------------   hmm coord   ali coord   env coord
# target name        accession   tlen query name           accession   qlen   E-value  score  bias   #  of  c-Evalue  i-Evalue  score  bias  from    to  from    to  from    to  acc description of target
#------------------- ---------- ----- -------------------- ---------- ----- --------- ------ ----- --- --- --------- --------- ------ ----- ----- ----- ----- ----- ----- ----- ---- ---------------------
RSGAB01817:1-1245    -            415 1592033at2           -            393  9.3e-148  490.2   0.3   1   1  4.4e-150  1.1e-147  490.0   0.3     8   379     3   386     1   397 0.93 RSGAB01817_1 # 1 # 1245 # 1 # ID=1592_1;partial=11;start_type=Edge;rbs_motif=None;rbs_spacer=None;gc_cont=0.549
RSGAB00791:1-1308    -            436 1592033at2           -            393   1.1e-18   65.2   0.0   1   2   6.5e-12   1.6e-09   35.0   0.0   195   353     4   166     1   176 0.86 RSGAB00791_1 # 1 # 1308 # 1 # ID=3337_1;partial=11;start_type=Edge;rbs_motif=None;rbs_spacer=None;gc_cont=0.509
RSGAB00791:1-1308    -            436 1592033at2           -            393   1.1e-18   65.2   0.0   2   2     1e-09   2.5e-07   27.8   0.1   191   361   172   358   165   376 0.78 RSGAB00791_1 # 1 # 1308 # 1 # ID=3337_1;partial=11;start_type=Edge;rbs_motif=None;rbs_spacer=None;gc_cont=0.509
RSGAB00522:1-906     -            302 1592033at2           -            393   1.5e-13   48.3   0.0   1   1   7.8e-16   1.9e-13   47.9   0.0   196   352    10   174     2   210 0.84 RSGAB00522_1 # 1 # 906 # 1 # ID=3026_1;partial=11;start_type=Edge;rbs_motif=None;rbs_spacer=None;gc_cont=0.490
RSGAB00408:1-1299    -            433 1592033at2           -            393   1.6e-13   48.2   0.0   1   1   9.9e-16   2.4e-13   47.6   0.0   195   353   159   331   154   357 0.83 RSGAB00408_1 # 1 # 1299 # 1 # ID=3627_1;partial=11;start_type=Edge;rbs_motif=None;rbs_spacer=None;gc_cont=0.552
RSGAB03116:1-1386    -            462 1592033at2           -            393   1.1e-10   38.9   0.8   1   1     9e-13   2.2e-10   37.9   0.8   159   356   191   388   137   416 0.77 RSGAB03116_1 # 1 # 1386 # 1 # ID=440_1;partial=11;start_type=Edge;rbs_motif=None;rbs_spacer=None;gc_cont=0.512
RSGAB01643:1-732     -            244 1592033at2           -            393   1.8e-09   34.9   2.8   1   2   1.6e-06   0.00039   17.3   0.3   194   217     5    28     2    34 0.87 RSGAB01643_1 # 1 # 732 # 1 # ID=2055_1;partial=11;start_type=Edge;rbs_motif=None;rbs_spacer=None;gc_cont=0.496
RSGAB01643:1-732     -            244 1592033at2           -            393   1.8e-09   34.9   2.8   2   2     1e-06   0.00025   18.0   0.1   277   367    88   184    81   196 0.73 RSGAB01643_1 # 1 # 732 # 1 # ID=2055_1;partial=11;start_type=Edge;rbs_motif=None;rbs_spacer=None;gc_cont=0.496
RSGAB01937:1-864     -            288 1592033at2           -            393   5.5e-08   30.0   0.2   1   2   2.8e-06   0.00069   16.5   0.1   291   354    40   111     5   121 0.78 RSGAB01937_1 # 1 # 864 # 1 # ID=1454_1;partial=11;start_type=Edge;rbs_motif=None;rbs_spacer=None;gc_cont=0.517
RSGAB01937:1-864     -            288 1592033at2           -            393   5.5e-08   30.0   0.2   2   2     7e-05     0.017   11.9   0.0   196   219   126   149   112   155 0.81 RSGAB01937_1 # 1 # 864 # 1 # ID=1454_1;partial=11;start_type=Edge;rbs_motif=None;rbs_spacer=None;gc_cont=0.517
RSGAB03127:1-1098    -            366 1592033at2           -            393   1.8e-07   28.3   0.3   1   3   3.4e-09   8.3e-07   26.1   0.0   198   241     6    50     3    56 0.89 RSGAB03127_1 # 1 # 1098 # 1 # ID=429_1;partial=11;start_type=Edge;rbs_motif=None;rbs_spacer=None;gc_cont=0.483
RSGAB03127:1-1098    -            366 1592033at2           -            393   1.8e-07   28.3   0.3   2   3       1.1   2.6e+02   -1.9   0.1   289   361    92   162    88   193 0.56 RSGAB03127_1 # 1 # 1098 # 1 # ID=429_1;partial=11;start_type=Edge;rbs_motif=None;rbs_spacer=None;gc_cont=0.483
RSGAB03127:1-1098    -            366 1592033at2           -            393   1.8e-07   28.3   0.3   3   3      0.81     2e+02   -1.5   0.1   321   338   223   246   178   276 0.51 RSGAB03127_1 # 1 # 1098 # 1 # ID=429_1;partial=11;start_type=Edge;rbs_motif=None;rbs_spacer=None;gc_cont=0.483
RSGAB00486:1-1107    -            369 1592033at2           -            393   2.7e-05   21.1   0.0   1   2      0.24        59    0.2   0.0   302   321    96   115    92   161 0.67 RSGAB00486_1 # 1 # 1107 # 1 # ID=3062_1;partial=11;start_type=Edge;rbs_motif=None;rbs_spacer=None;gc_cont=0.524
RSGAB00486:1-1107    -            369 1592033at2           -            393   2.7e-05   21.1   0.0   2   2   4.8e-07   0.00012   19.0   0.0   190   254   158   225   130   234 0.78 RSGAB00486_1 # 1 # 1107 # 1 # ID=3062_1;partial=11;start_type=Edge;rbs_motif=None;rbs_spacer=None;gc_cont=0.524
RSGAB01565:1-3726    -           1242 1592033at2           -            393     4e-05   20.5   0.0   1   3    0.0081         2    5.1   0.0   194   216    48    70    12    75 0.75 RSGAB01565_1 # 1 # 3726 # 1 # ID=2092_1;partial=11;start_type=Edge;rbs_motif=None;rbs_spacer=None;gc_cont=0.569
RSGAB01565:1-3726    -           1242 1592033at2           -            393     4e-05   20.5   0.0   2   3     0.065        16    2.1   0.0   271   321   166   213   159   231 0.81 RSGAB01565_1 # 1 # 3726 # 1 # ID=2092_1;partial=11;start_type=Edge;rbs_motif=None;rbs_spacer=None;gc_cont=0.569
RSGAB01565:1-3726    -           1242 1592033at2           -            393     4e-05   20.5   0.0   3   3   0.00075      0.18    8.5   0.0   186   217   640   670   624   675 0.84 RSGAB01565_1 # 1 # 3726 # 1 # ID=2092_1;partial=11;start_type=Edge;rbs_motif=None;rbs_spacer=None;gc_cont=0.569
RSGAB00502:1-1827    -            609 1592033at2           -            393   7.5e-05   19.7   0.0   1   2    0.0014      0.35    7.6   0.0   185   225     4    45     1    59 0.80 RSGAB00502_1 # 1 # 1827 # 1 # ID=3046_1;partial=11;start_type=Edge;rbs_motif=None;rbs_spacer=None;gc_cont=0.506
RSGAB00502:1-1827    -            609 1592033at2           -            393   7.5e-05   19.7   0.0   2   2   0.00028      0.07    9.9   0.0   291   354   119   193   104   213 0.74 RSGAB00502_1 # 1 # 1827 # 1 # ID=3046_1;partial=11;start_type=Edge;rbs_motif=None;rbs_spacer=None;gc_cont=0.506
RSGAB00366:1-585     -            195 1592033at2           -            393   0.00037   17.4   0.0   1   2   1.8e-05    0.0044   13.8   0.0   194   221    23    50    16    53 0.88 RSGAB00366_1 # 1 # 585 # 1 # ID=3669_1;partial=11;start_type=Edge;rbs_motif=None;rbs_spacer=None;gc_cont=0.511
RSGAB00366:1-585     -            195 1592033at2           -            393   0.00037   17.4   0.0   2   2       0.1        25    1.5   0.0   269   322   104   156    95   187 0.69 RSGAB00366_1 # 1 # 585 # 1 # ID=3669_1;partial=11;start_type=Edge;rbs_motif=None;rbs_spacer=None;gc_cont=0.511
RSGAB01245:1-1992    -            664 1592033at2           -            393   0.00086   16.2   0.2   1   2   0.00024     0.059   10.1   0.1   196   221     3    28     1    40 0.89 RSGAB01245_1 # 1 # 1992 # 1 # ID=2327_1;partial=11;start_type=Edge;rbs_motif=None;rbs_spacer=None;gc_cont=0.518
RSGAB01245:1-1992    -            664 1592033at2           -            393   0.00086   16.2   0.2   2   2     0.017       4.2    4.0   0.0   304   366   104   175    75   196 0.68 RSGAB01245_1 # 1 # 1992 # 1 # ID=2327_1;partial=11;start_type=Edge;rbs_motif=None;rbs_spacer=None;gc_cont=0.518
RSGAB01488:1-1797    -            599 1592033at2           -            393    0.0095   12.7   0.1   1   2       2.6   6.4e+02   -3.2   0.0   309   344   139   173   128   216 0.55 RSGAB01488_1 # 1 # 1797 # 1 # ID=2169_1;partial=11;start_type=Edge;rbs_motif=None;rbs_spacer=None;gc_cont=0.543
RSGAB01488:1-1797    -            599 1592033at2           -            393    0.0095   12.7   0.1   2   2   0.00012      0.03   11.1   0.0   196   249   384   440   381   448 0.82 RSGAB01488_1 # 1 # 1797 # 1 # ID=2169_1;partial=11;start_type=Edge;rbs_motif=None;rbs_spacer=None;gc_cont=0.543
RSGAB02972:1-873     -            291 1592033at2           -            393     0.014   12.2   0.0   1   1   0.00011     0.026   11.3   0.0   196   215    35    54    31    59 0.90 RSGAB02972_1 # 1 # 873 # 1 # ID=532_1;partial=11;start_type=Edge;rbs_motif=None;rbs_spacer=None;gc_cont=0.525
#
# Program:         hmmsearch
# Version:         3.1b2 (February 2015)
# Pipeline mode:   SEARCH
# Query file:      /home/sbraganza/projects/geobacillus_pangenome/geobacillus_thermodenitrificans_pangenome/prepped_fasta/busco_downloads/lineages/bacteria_odb10/hmms/1592033at2.hmm
# Target file:     BUSCO/cnambio1/prodigal_output/predicted_genes/predicted.faa
# Option settings: hmmsearch --domtblout BUSCO/cnambio1/run_bacteria_odb10/hmmer_output/1592033at2.out --cpu 1 /home/sbraganza/projects/geobacillus_pangenome/geobacillus_thermodenitrificans_pangenome/prepped_fasta/busco_downloads/lineages/bacteria_odb10/hmms/1592033at2.hmm BUSCO/cnambio1/prodigal_output/predicted_genes/predicted.faa 
# Current dir:     /home/sbraganza/projects/geobacillus_pangenome/geobacillus_thermodenitrificans_pangenome/prepped_fasta
# Date:            Fri Mar  8 07:38:33 2024
# [ok]
