#                                                                            --- full sequence --- -------------- this domain -------------   hmm coord   ali coord   env coord
# target name        accession   tlen query name           accession   qlen   E-value  score  bias   #  of  c-Evalue  i-Evalue  score  bias  from    to  from    to  from    to  acc description of target
#------------------- ---------- ----- -------------------- ---------- ----- --------- ------ ----- --- --- --------- --------- ------ ----- ----- ----- ----- ----- ----- ----- ---- ---------------------
RSGAB00502:1-1827    -            609 182107at2            -            492  1.2e-229  760.4   6.7   1   1  2.4e-231  1.3e-228  757.1   6.7     1   492    13   605    13   605 0.90 RSGAB00502_1 # 1 # 1827 # 1 # ID=3046_1;partial=11;start_type=Edge;rbs_motif=None;rbs_spacer=None;gc_cont=0.506
RSGAB02067:1-1842    -            614 182107at2            -            492   2.1e-40  136.3   8.4   1   3   7.6e-40     4e-37  125.5   0.3     1   233     8   283     8   297 0.78 RSGAB02067_1 # 1 # 1842 # 1 # ID=1324_1;partial=11;start_type=Edge;rbs_motif=None;rbs_spacer=None;gc_cont=0.530
RSGAB02067:1-1842    -            614 182107at2            -            492   2.1e-40  136.3   8.4   2   3   1.9e-06     0.001   15.3   0.0   284   350   364   427   324   434 0.80 RSGAB02067_1 # 1 # 1842 # 1 # ID=1324_1;partial=11;start_type=Edge;rbs_motif=None;rbs_spacer=None;gc_cont=0.530
RSGAB02067:1-1842    -            614 182107at2            -            492   2.1e-40  136.3   8.4   3   3       2.6   1.4e+03   -4.9   0.8   442   460   590   608   583   612 0.57 RSGAB02067_1 # 1 # 1842 # 1 # ID=1324_1;partial=11;start_type=Edge;rbs_motif=None;rbs_spacer=None;gc_cont=0.530
RSGAB03005:1-2076    -            692 182107at2            -            492   4.3e-40  135.2   0.3   1   3   9.7e-28   5.1e-25   85.5   0.0     2   126    11   153    10   180 0.84 RSGAB03005_1 # 1 # 2076 # 1 # ID=499_1;partial=11;start_type=Edge;rbs_motif=None;rbs_spacer=None;gc_cont=0.504
RSGAB03005:1-2076    -            692 182107at2            -            492   4.3e-40  135.2   0.3   2   3   1.6e-12   8.3e-10   35.4   0.0   153   324   299   493   283   500 0.68 RSGAB03005_1 # 1 # 2076 # 1 # ID=499_1;partial=11;start_type=Edge;rbs_motif=None;rbs_spacer=None;gc_cont=0.504
RSGAB03005:1-2076    -            692 182107at2            -            492   4.3e-40  135.2   0.3   3   3   0.00023      0.12    8.4   0.0   322   350   599   627   583   634 0.89 RSGAB03005_1 # 1 # 2076 # 1 # ID=499_1;partial=11;start_type=Edge;rbs_motif=None;rbs_spacer=None;gc_cont=0.504
RSGAB01878:1-2205    -            735 182107at2            -            492   4.3e-25   85.8   0.7   1   2     8e-28   4.3e-25   85.8   0.7     5   198   242   448   240   465 0.85 RSGAB01878_1 # 1 # 2205 # 1 # ID=1548_1;partial=11;start_type=Edge;rbs_motif=None;rbs_spacer=None;gc_cont=0.512
RSGAB01878:1-2205    -            735 182107at2            -            492   4.3e-25   85.8   0.7   2   2      0.12        61   -0.5   0.1   175   204   656   683   609   715 0.77 RSGAB01878_1 # 1 # 2205 # 1 # ID=1548_1;partial=11;start_type=Edge;rbs_motif=None;rbs_spacer=None;gc_cont=0.512
RSGAB03004:1-1185    -            395 182107at2            -            492   2.8e-16   56.7   0.1   1   1   1.1e-18   5.7e-16   55.7   0.1     3   198    14   247    13   278 0.72 RSGAB03004_1 # 1 # 1185 # 1 # ID=500_1;partial=11;start_type=Edge;rbs_motif=None;rbs_spacer=None;gc_cont=0.522
RSGAB00522:1-906     -            302 182107at2            -            492   9.8e-08   28.5   0.0   1   1   2.6e-10   1.4e-07   28.0   0.0     5   157    12   174     9   184 0.78 RSGAB00522_1 # 1 # 906 # 1 # ID=3026_1;partial=11;start_type=Edge;rbs_motif=None;rbs_spacer=None;gc_cont=0.490
RSGAB00791:1-1308    -            436 182107at2            -            492   5.7e-07   26.0   0.8   1   2   0.00039      0.21    7.7   0.0     6   157     8   165     5   170 0.63 RSGAB00791_1 # 1 # 1308 # 1 # ID=3337_1;partial=11;start_type=Edge;rbs_motif=None;rbs_spacer=None;gc_cont=0.509
RSGAB00791:1-1308    -            436 182107at2            -            492   5.7e-07   26.0   0.8   2   2   7.9e-07   0.00042   16.6   0.6     3   151   177   343   175   368 0.71 RSGAB00791_1 # 1 # 1308 # 1 # ID=3337_1;partial=11;start_type=Edge;rbs_motif=None;rbs_spacer=None;gc_cont=0.509
#
# Program:         hmmsearch
# Version:         3.1b2 (February 2015)
# Pipeline mode:   SEARCH
# Query file:      /home/sbraganza/projects/geobacillus_pangenome/geobacillus_thermodenitrificans_pangenome/prepped_fasta/busco_downloads/lineages/bacteria_odb10/hmms/182107at2.hmm
# Target file:     BUSCO/cnambio1/prodigal_output/predicted_genes/predicted.faa
# Option settings: hmmsearch --domtblout BUSCO/cnambio1/run_bacteria_odb10/hmmer_output/182107at2.out --cpu 1 /home/sbraganza/projects/geobacillus_pangenome/geobacillus_thermodenitrificans_pangenome/prepped_fasta/busco_downloads/lineages/bacteria_odb10/hmms/182107at2.hmm BUSCO/cnambio1/prodigal_output/predicted_genes/predicted.faa 
# Current dir:     /home/sbraganza/projects/geobacillus_pangenome/geobacillus_thermodenitrificans_pangenome/prepped_fasta
# Date:            Fri Mar  8 07:38:34 2024
# [ok]
