#                                                                            --- full sequence --- -------------- this domain -------------   hmm coord   ali coord   env coord
# target name        accession   tlen query name           accession   qlen   E-value  score  bias   #  of  c-Evalue  i-Evalue  score  bias  from    to  from    to  from    to  acc description of target
#------------------- ---------- ----- -------------------- ---------- ----- --------- ------ ----- --- --- --------- --------- ------ ----- ----- ----- ----- ----- ----- ----- ---- ---------------------
RSGAB02882:1-456     -            152 1827295at2           -             74   2.2e-23   79.7   0.1   1   1   4.1e-25   5.3e-23   78.5   0.1     4    73    15   107    12   108 0.81 RSGAB02882_1 # 1 # 456 # 1 # ID=620_1;partial=11;start_type=Edge;rbs_motif=None;rbs_spacer=None;gc_cont=0.476
RSGAB01396:1-1572    -            524 1827295at2           -             74   0.00012   19.6   0.1   1   2     0.058       7.3    4.3   0.0     9    29    30    50    19    55 0.80 RSGAB01396_1 # 1 # 1572 # 1 # ID=2261_1;partial=11;start_type=Edge;rbs_motif=None;rbs_spacer=None;gc_cont=0.445
RSGAB01396:1-1572    -            524 1827295at2           -             74   0.00012   19.6   0.1   2   2   0.00016      0.02   12.6   0.0    11    40   301   330   289   333 0.86 RSGAB01396_1 # 1 # 1572 # 1 # ID=2261_1;partial=11;start_type=Edge;rbs_motif=None;rbs_spacer=None;gc_cont=0.445
RSGAB02877:1-1929    -            643 1827295at2           -             74   0.00014   19.5   0.0   1   2     0.005      0.64    7.7   0.0     9    33    30    54    14    58 0.83 RSGAB02877_1 # 1 # 1929 # 1 # ID=625_1;partial=11;start_type=Edge;rbs_motif=None;rbs_spacer=None;gc_cont=0.491
RSGAB02877:1-1929    -            643 1827295at2           -             74   0.00014   19.5   0.0   2   2    0.0024      0.31    8.8   0.0     9    32   359   382   346   387 0.84 RSGAB02877_1 # 1 # 1929 # 1 # ID=625_1;partial=11;start_type=Edge;rbs_motif=None;rbs_spacer=None;gc_cont=0.491
RSGAB01181:1-1539    -            513 1827295at2           -             74   0.00015   19.4   0.7   1   3     0.019       2.5    5.9   0.0     8    27    29    50    19    55 0.80 RSGAB01181_1 # 1 # 1539 # 1 # ID=2391_1;partial=11;start_type=Edge;rbs_motif=None;rbs_spacer=None;gc_cont=0.414
RSGAB01181:1-1539    -            513 1827295at2           -             74   0.00015   19.4   0.7   2   3     0.072       9.2    4.0   0.0    10    36   137   162   122   163 0.75 RSGAB01181_1 # 1 # 1539 # 1 # ID=2391_1;partial=11;start_type=Edge;rbs_motif=None;rbs_spacer=None;gc_cont=0.414
RSGAB01181:1-1539    -            513 1827295at2           -             74   0.00015   19.4   0.7   3   3      0.02       2.5    5.9   0.0     9    33   291   316   280   322 0.73 RSGAB01181_1 # 1 # 1539 # 1 # ID=2391_1;partial=11;start_type=Edge;rbs_motif=None;rbs_spacer=None;gc_cont=0.414
RSGAB03030:1-2433    -            811 1827295at2           -             74   0.00022   18.8   0.0   1   2    0.0099       1.3    6.8   0.0    12    32   206   226   193   233 0.85 RSGAB03030_1 # 1 # 2433 # 1 # ID=474_1;partial=11;start_type=Edge;rbs_motif=None;rbs_spacer=None;gc_cont=0.515
RSGAB03030:1-2433    -            811 1827295at2           -             74   0.00022   18.8   0.0   2   2    0.0017      0.22    9.2   0.0    11    32   542   563   523   567 0.85 RSGAB03030_1 # 1 # 2433 # 1 # ID=474_1;partial=11;start_type=Edge;rbs_motif=None;rbs_spacer=None;gc_cont=0.515
RSGAB02177:1-2133    -            711 1827295at2           -             74   0.00035   18.2   0.0   1   2     0.014       1.8    6.3   0.0    12    35   128   150   116   170 0.81 RSGAB02177_1 # 1 # 2133 # 1 # ID=1944_1;partial=11;start_type=Edge;rbs_motif=None;rbs_spacer=None;gc_cont=0.519
RSGAB02177:1-2133    -            711 1827295at2           -             74   0.00035   18.2   0.0   2   2    0.0018      0.24    9.1   0.0    10    33   453   476   438   482 0.84 RSGAB02177_1 # 1 # 2133 # 1 # ID=1944_1;partial=11;start_type=Edge;rbs_motif=None;rbs_spacer=None;gc_cont=0.519
RSGAB02201:1-1533    -            511 1827295at2           -             74   0.00053   17.6   0.4   1   3     0.043       5.4    4.8   0.0     9    31    25    47     7    52 0.81 RSGAB02201_1 # 1 # 1533 # 1 # ID=1920_1;partial=11;start_type=Edge;rbs_motif=None;rbs_spacer=None;gc_cont=0.541
RSGAB02201:1-1533    -            511 1827295at2           -             74   0.00053   17.6   0.4   2   3    0.0015      0.19    9.5   0.0     8    48   274   313   263   330 0.73 RSGAB02201_1 # 1 # 1533 # 1 # ID=1920_1;partial=11;start_type=Edge;rbs_motif=None;rbs_spacer=None;gc_cont=0.541
RSGAB02201:1-1533    -            511 1827295at2           -             74   0.00053   17.6   0.4   3   3       4.5   5.7e+02   -1.7   0.0    22    40   368   386   364   389 0.85 RSGAB02201_1 # 1 # 1533 # 1 # ID=1920_1;partial=11;start_type=Edge;rbs_motif=None;rbs_spacer=None;gc_cont=0.541
RSGAB02344:1-2583    -            861 1827295at2           -             74   0.00085   17.0   0.0   1   2     0.018       2.2    6.0   0.0    12    32   203   223   192   229 0.86 RSGAB02344_1 # 1 # 2583 # 1 # ID=1786_1;partial=11;start_type=Edge;rbs_motif=None;rbs_spacer=None;gc_cont=0.547
RSGAB02344:1-2583    -            861 1827295at2           -             74   0.00085   17.0   0.0   2   2    0.0042      0.53    8.0   0.0    11    32   603   624   588   628 0.87 RSGAB02344_1 # 1 # 2583 # 1 # ID=1786_1;partial=11;start_type=Edge;rbs_motif=None;rbs_spacer=None;gc_cont=0.547
RSGAB00365:1-2325    -            775 1827295at2           -             74    0.0014   16.2   0.0   1   1   3.6e-05    0.0046   14.6   0.0     6    34   346   374   338   377 0.83 RSGAB00365_1 # 1 # 2325 # 1 # ID=3670_1;partial=11;start_type=Edge;rbs_motif=None;rbs_spacer=None;gc_cont=0.512
RSGAB01488:1-1797    -            599 1827295at2           -             74    0.0039   14.8   0.1   1   2      0.95   1.2e+02    0.4   0.0    26    62    37    76    35    84 0.76 RSGAB01488_1 # 1 # 1797 # 1 # ID=2169_1;partial=11;start_type=Edge;rbs_motif=None;rbs_spacer=None;gc_cont=0.543
RSGAB01488:1-1797    -            599 1827295at2           -             74    0.0039   14.8   0.1   2   2    0.0005     0.063   11.0   0.0     9    30   383   404   369   408 0.81 RSGAB01488_1 # 1 # 1797 # 1 # ID=2169_1;partial=11;start_type=Edge;rbs_motif=None;rbs_spacer=None;gc_cont=0.543
RSGAB00423:1-999     -            333 1827295at2           -             74    0.0054   14.4   0.0   1   1   9.1e-05     0.012   13.3   0.0     7    35    49    80    39    85 0.82 RSGAB00423_1 # 1 # 999 # 1 # ID=3612_1;partial=11;start_type=Edge;rbs_motif=None;rbs_spacer=None;gc_cont=0.566
RSGAB01033:1-564     -            188 1827295at2           -             74     0.007   14.0   0.0   1   1   0.00011     0.013   13.1   0.0     9    32    12    35     3    39 0.84 RSGAB01033_1 # 1 # 564 # 1 # ID=2573_1;partial=11;start_type=Edge;rbs_motif=None;rbs_spacer=None;gc_cont=0.511
RSGAB02490:1-1452    -            484 1827295at2           -             74    0.0079   13.9   0.1   1   2      0.12        15    3.3   0.0     9    29    33    53    23    64 0.79 RSGAB02490_1 # 1 # 1452 # 1 # ID=1199_1;partial=11;start_type=Edge;rbs_motif=None;rbs_spacer=None;gc_cont=0.529
RSGAB02490:1-1452    -            484 1827295at2           -             74    0.0079   13.9   0.1   2   2    0.0044      0.56    7.9   0.0     8    30   280   304   271   309 0.81 RSGAB02490_1 # 1 # 1452 # 1 # ID=1199_1;partial=11;start_type=Edge;rbs_motif=None;rbs_spacer=None;gc_cont=0.529
RSGAB01358:1-900     -            300 1827295at2           -             74    0.0097   13.6   0.0   1   1   0.00017     0.022   12.5   0.0     5    38    56    90    50    91 0.80 RSGAB01358_1 # 1 # 900 # 1 # ID=2770_1;partial=11;start_type=Edge;rbs_motif=None;rbs_spacer=None;gc_cont=0.524
RSGAB03672:1-705     -            235 1827295at2           -             74     0.011   13.4   0.1   1   1   0.00021     0.027   12.2   0.1     8    28    25    47    14    53 0.81 RSGAB03672_1 # 1 # 705 # 1 # ID=53_1;partial=11;start_type=Edge;rbs_motif=None;rbs_spacer=None;gc_cont=0.521
RSGAB00302:1-939     -            313 1827295at2           -             74     0.012   13.2   0.0   1   1   0.00021     0.027   12.1   0.0     9    33   162   186   146   193 0.81 RSGAB00302_1 # 1 # 939 # 1 # ID=3140_1;partial=11;start_type=Edge;rbs_motif=None;rbs_spacer=None;gc_cont=0.498
RSGAB00225:1-756     -            252 1827295at2           -             74     0.013   13.1   0.1   1   1   0.00029     0.037   11.7   0.0     8    41   100   134    90   140 0.78 RSGAB00225_1 # 1 # 756 # 1 # ID=3217_1;partial=11;start_type=Edge;rbs_motif=None;rbs_spacer=None;gc_cont=0.339
RSGAB00943:1-756     -            252 1827295at2           -             74     0.013   13.1   0.1   1   1   0.00029     0.037   11.7   0.0     8    41   100   134    90   140 0.78 RSGAB00943_1 # 1 # 756 # 1 # ID=2663_1;partial=11;start_type=Edge;rbs_motif=None;rbs_spacer=None;gc_cont=0.339
RSGAB01419:1-756     -            252 1827295at2           -             74     0.013   13.1   0.1   1   1   0.00029     0.037   11.7   0.0     8    41   100   134    90   140 0.78 RSGAB01419_1 # 1 # 756 # 1 # ID=2238_1;partial=11;start_type=Edge;rbs_motif=None;rbs_spacer=None;gc_cont=0.339
RSGAB01947:1-987     -            329 1827295at2           -             74     0.016   12.9   0.1   1   1    0.0003     0.039   11.6   0.1     8    38   118   152   100   154 0.84 RSGAB01947_1 # 1 # 987 # 1 # ID=1444_1;partial=11;start_type=Edge;rbs_motif=None;rbs_spacer=None;gc_cont=0.521
RSGAB01145:1-612     -            204 1827295at2           -             74     0.018   12.7   0.0   1   1   0.00029     0.037   11.7   0.0    14    33     9    28     5    34 0.87 RSGAB01145_1 # 1 # 612 # 1 # ID=2427_1;partial=11;start_type=Edge;rbs_motif=None;rbs_spacer=None;gc_cont=0.531
RSGAB02180:1-726     -            242 1827295at2           -             74     0.019   12.7   0.0   1   1   0.00029     0.037   11.7   0.0     9    29    33    53    14    59 0.83 RSGAB02180_1 # 1 # 726 # 1 # ID=1941_1;partial=11;start_type=Edge;rbs_motif=None;rbs_spacer=None;gc_cont=0.512
RSGAB00363:1-1263    -            421 1827295at2           -             74     0.019   12.6   0.0   1   1   0.00034     0.043   11.5   0.0     9    33   110   134    98   139 0.85 RSGAB00363_1 # 1 # 1263 # 1 # ID=3672_1;partial=11;start_type=Edge;rbs_motif=None;rbs_spacer=None;gc_cont=0.489
RSGAB03403:1-1488    -            496 1827295at2           -             74     0.021   12.5   0.5   1   2    0.0064      0.82    7.4   0.0     9    28    31    50    13    56 0.81 RSGAB03403_1 # 1 # 1488 # 1 # ID=732_1;partial=11;start_type=Edge;rbs_motif=None;rbs_spacer=None;gc_cont=0.460
RSGAB03403:1-1488    -            496 1827295at2           -             74     0.021   12.5   0.5   2   2      0.29        37    2.1   0.1     9    28   281   300   264   304 0.82 RSGAB03403_1 # 1 # 1488 # 1 # ID=732_1;partial=11;start_type=Edge;rbs_motif=None;rbs_spacer=None;gc_cont=0.460
RSGAB01945:1-1338    -            446 1827295at2           -             74     0.024   12.3   0.1   1   1   0.00057     0.073   10.8   0.1     6    32    96   125    88   131 0.81 RSGAB01945_1 # 1 # 1338 # 1 # ID=1446_1;partial=11;start_type=Edge;rbs_motif=None;rbs_spacer=None;gc_cont=0.515
RSGAB03548:1-684     -            228 1827295at2           -             74     0.024   12.3   0.0   1   1   0.00041     0.052   11.2   0.0     8    31    27    51    15    59 0.82 RSGAB03548_1 # 1 # 684 # 1 # ID=168_1;partial=11;start_type=Edge;rbs_motif=None;rbs_spacer=None;gc_cont=0.474
RSGAB01652:1-810     -            270 1827295at2           -             74     0.035   11.8   0.1   1   1   0.00061     0.077   10.7   0.1     8    33    28    54     9    57 0.83 RSGAB01652_1 # 1 # 810 # 1 # ID=1756_1;partial=11;start_type=Edge;rbs_motif=None;rbs_spacer=None;gc_cont=0.530
RSGAB01138:1-762     -            254 1827295at2           -             74     0.038   11.7   0.0   1   1   0.00072     0.091   10.5   0.0     8    29    28    51    17    58 0.79 RSGAB01138_1 # 1 # 762 # 1 # ID=2434_1;partial=11;start_type=Edge;rbs_motif=None;rbs_spacer=None;gc_cont=0.531
RSGAB01902:1-1113    -            371 1827295at2           -             74     0.049   11.3   0.5   1   1    0.0019      0.25    9.1   0.5     8    29   174   197   168   230 0.78 RSGAB01902_1 # 1 # 1113 # 1 # ID=1489_1;partial=11;start_type=Edge;rbs_motif=None;rbs_spacer=None;gc_cont=0.539
#
# Program:         hmmsearch
# Version:         3.1b2 (February 2015)
# Pipeline mode:   SEARCH
# Query file:      /home/sbraganza/projects/geobacillus_pangenome/geobacillus_thermodenitrificans_pangenome/prepped_fasta/busco_downloads/lineages/bacteria_odb10/hmms/1827295at2.hmm
# Target file:     BUSCO/cnambio1/prodigal_output/predicted_genes/predicted.faa
# Option settings: hmmsearch --domtblout BUSCO/cnambio1/run_bacteria_odb10/hmmer_output/1827295at2.out --cpu 1 /home/sbraganza/projects/geobacillus_pangenome/geobacillus_thermodenitrificans_pangenome/prepped_fasta/busco_downloads/lineages/bacteria_odb10/hmms/1827295at2.hmm BUSCO/cnambio1/prodigal_output/predicted_genes/predicted.faa 
# Current dir:     /home/sbraganza/projects/geobacillus_pangenome/geobacillus_thermodenitrificans_pangenome/prepped_fasta
# Date:            Fri Mar  8 07:38:34 2024
# [ok]
