#                                                                            --- full sequence --- -------------- this domain -------------   hmm coord   ali coord   env coord
# target name        accession   tlen query name           accession   qlen   E-value  score  bias   #  of  c-Evalue  i-Evalue  score  bias  from    to  from    to  from    to  acc description of target
#------------------- ---------- ----- -------------------- ---------- ----- --------- ------ ----- --- --- --------- --------- ------ ----- ----- ----- ----- ----- ----- ----- ---- ---------------------
RSGAB00505:1-660     -            220 1906715at2           -             80   1.5e-21   73.9   3.4   1   3   2.9e-09   3.5e-06   24.6   0.2    11    45   113   147    99   149 0.83 RSGAB00505_1 # 1 # 660 # 1 # ID=3043_1;partial=11;start_type=Edge;rbs_motif=None;rbs_spacer=None;gc_cont=0.512
RSGAB00505:1-660     -            220 1906715at2           -             80   1.5e-21   73.9   3.4   2   3   4.8e-10     6e-07   27.1   0.1    32    68   148   192   146   194 0.92 RSGAB00505_1 # 1 # 660 # 1 # ID=3043_1;partial=11;start_type=Edge;rbs_motif=None;rbs_spacer=None;gc_cont=0.512
RSGAB00505:1-660     -            220 1906715at2           -             80   1.5e-21   73.9   3.4   3   3   4.7e-08   5.8e-05   20.7   0.0    58    80   195   220   193   220 0.91 RSGAB00505_1 # 1 # 660 # 1 # ID=3043_1;partial=11;start_type=Edge;rbs_motif=None;rbs_spacer=None;gc_cont=0.512
RSGAB01984:1-3195    -           1065 1906715at2           -             80     0.019   12.7   0.1   1   4      0.16     2e+02   -0.2   0.0    49    71    24    46    19    49 0.87 RSGAB01984_1 # 1 # 3195 # 1 # ID=1407_1;partial=11;start_type=Edge;rbs_motif=None;rbs_spacer=None;gc_cont=0.543
RSGAB01984:1-3195    -           1065 1906715at2           -             80     0.019   12.7   0.1   2   4      0.28   3.4e+02   -1.0   0.0    54    74   151   171   114   172 0.79 RSGAB01984_1 # 1 # 3195 # 1 # ID=1407_1;partial=11;start_type=Edge;rbs_motif=None;rbs_spacer=None;gc_cont=0.543
RSGAB01984:1-3195    -           1065 1906715at2           -             80     0.019   12.7   0.1   3   4    0.0035       4.4    5.1   0.0    47    71   566   590   564   592 0.94 RSGAB01984_1 # 1 # 3195 # 1 # ID=1407_1;partial=11;start_type=Edge;rbs_motif=None;rbs_spacer=None;gc_cont=0.543
RSGAB01984:1-3195    -           1065 1906715at2           -             80     0.019   12.7   0.1   4   4      0.14   1.7e+02    0.0   0.0    54    76   689   711   652   712 0.80 RSGAB01984_1 # 1 # 3195 # 1 # ID=1407_1;partial=11;start_type=Edge;rbs_motif=None;rbs_spacer=None;gc_cont=0.543
RSGAB01074:1-1311    -            437 1906715at2           -             80     0.047   11.4   0.4   1   3    0.0033       4.1    5.2   0.0    23    50    61    88    55    98 0.91 RSGAB01074_1 # 1 # 1311 # 1 # ID=2498_1;partial=11;start_type=Edge;rbs_motif=None;rbs_spacer=None;gc_cont=0.487
RSGAB01074:1-1311    -            437 1906715at2           -             80     0.047   11.4   0.4   2   3     0.069        85    1.0   0.0    33    52   196   215   187   220 0.87 RSGAB01074_1 # 1 # 1311 # 1 # ID=2498_1;partial=11;start_type=Edge;rbs_motif=None;rbs_spacer=None;gc_cont=0.487
RSGAB01074:1-1311    -            437 1906715at2           -             80     0.047   11.4   0.4   3   3      0.11   1.4e+02    0.3   0.0    10    59   221   266   217   272 0.72 RSGAB01074_1 # 1 # 1311 # 1 # ID=2498_1;partial=11;start_type=Edge;rbs_motif=None;rbs_spacer=None;gc_cont=0.487
#
# Program:         hmmsearch
# Version:         3.1b2 (February 2015)
# Pipeline mode:   SEARCH
# Query file:      /home/sbraganza/projects/geobacillus_pangenome/geobacillus_thermodenitrificans_pangenome/prepped_fasta/busco_downloads/lineages/bacteria_odb10/hmms/1906715at2.hmm
# Target file:     BUSCO/cnambio1/prodigal_output/predicted_genes/predicted.faa
# Option settings: hmmsearch --domtblout BUSCO/cnambio1/run_bacteria_odb10/hmmer_output/1906715at2.out --cpu 1 /home/sbraganza/projects/geobacillus_pangenome/geobacillus_thermodenitrificans_pangenome/prepped_fasta/busco_downloads/lineages/bacteria_odb10/hmms/1906715at2.hmm BUSCO/cnambio1/prodigal_output/predicted_genes/predicted.faa 
# Current dir:     /home/sbraganza/projects/geobacillus_pangenome/geobacillus_thermodenitrificans_pangenome/prepped_fasta
# Date:            Fri Mar  8 07:38:34 2024
# [ok]
