#                                                                            --- full sequence --- -------------- this domain -------------   hmm coord   ali coord   env coord
# target name        accession   tlen query name           accession   qlen   E-value  score  bias   #  of  c-Evalue  i-Evalue  score  bias  from    to  from    to  from    to  acc description of target
#------------------- ---------- ----- -------------------- ---------- ----- --------- ------ ----- --- --- --------- --------- ------ ----- ----- ----- ----- ----- ----- ----- ---- ---------------------
RSGAB03111:1-1350    -            450 219876at2            -            282  5.6e-101  335.4   0.1   1   1  4.5e-103  1.1e-100  334.4   0.1    14   278   110   431   102   435 0.87 RSGAB03111_1 # 1 # 1350 # 1 # ID=445_1;partial=11;start_type=Edge;rbs_motif=None;rbs_spacer=None;gc_cont=0.474
RSGAB02149:1-657     -            219 219876at2            -            282   1.2e-08   32.4   0.0   1   1   7.6e-11   1.9e-08   31.8   0.0    49   130    68   171    37   177 0.82 RSGAB02149_1 # 1 # 657 # 1 # ID=1972_1;partial=11;start_type=Edge;rbs_motif=None;rbs_spacer=None;gc_cont=0.411
RSGAB03485:1-759     -            253 219876at2            -            282   1.3e-07   29.0   0.0   1   1   9.2e-10   2.3e-07   28.2   0.0    49   130   101   205    70   211 0.79 RSGAB03485_1 # 1 # 759 # 1 # ID=650_1;partial=11;start_type=Edge;rbs_motif=None;rbs_spacer=None;gc_cont=0.419
RSGAB01743:1-762     -            254 219876at2            -            282   1.4e-07   28.9   0.0   1   1   9.6e-10   2.4e-07   28.2   0.0    49   130   102   206    71   211 0.79 RSGAB01743_1 # 1 # 762 # 1 # ID=1665_1;partial=11;start_type=Edge;rbs_motif=None;rbs_spacer=None;gc_cont=0.417
RSGAB02619:1-762     -            254 219876at2            -            282   1.4e-07   28.9   0.0   1   1   9.6e-10   2.4e-07   28.2   0.0    49   130   102   206    71   211 0.79 RSGAB02619_1 # 1 # 762 # 1 # ID=1512_1;partial=11;start_type=Edge;rbs_motif=None;rbs_spacer=None;gc_cont=0.417
RSGAB00423:1-999     -            333 219876at2            -            282   1.1e-05   22.6   0.0   1   1   1.1e-07   2.7e-05   21.4   0.0    39   107    45   117    33   125 0.77 RSGAB00423_1 # 1 # 999 # 1 # ID=3612_1;partial=11;start_type=Edge;rbs_motif=None;rbs_spacer=None;gc_cont=0.566
RSGAB00225:1-756     -            252 219876at2            -            282   0.00023   18.4   0.3   1   1   2.7e-06   0.00068   16.8   0.3    42    72    98   126    67   177 0.75 RSGAB00225_1 # 1 # 756 # 1 # ID=3217_1;partial=11;start_type=Edge;rbs_motif=None;rbs_spacer=None;gc_cont=0.339
RSGAB00943:1-756     -            252 219876at2            -            282   0.00023   18.4   0.3   1   1   2.7e-06   0.00068   16.8   0.3    42    72    98   126    67   177 0.75 RSGAB00943_1 # 1 # 756 # 1 # ID=2663_1;partial=11;start_type=Edge;rbs_motif=None;rbs_spacer=None;gc_cont=0.339
RSGAB01419:1-756     -            252 219876at2            -            282   0.00023   18.4   0.3   1   1   2.7e-06   0.00068   16.8   0.3    42    72    98   126    67   177 0.75 RSGAB01419_1 # 1 # 756 # 1 # ID=2238_1;partial=11;start_type=Edge;rbs_motif=None;rbs_spacer=None;gc_cont=0.339
RSGAB00446:1-1293    -            431 219876at2            -            282   0.00033   17.9   0.0   1   1     2e-06   0.00048   17.3   0.0    43   109    38   109    32   172 0.71 RSGAB00446_1 # 1 # 1293 # 1 # ID=3109_1;partial=11;start_type=Edge;rbs_motif=None;rbs_spacer=None;gc_cont=0.550
RSGAB02152:1-753     -            251 219876at2            -            282   0.00088   16.4   0.0   1   1   5.1e-06    0.0013   15.9   0.0    48    88    99   144    60   174 0.79 RSGAB02152_1 # 1 # 753 # 1 # ID=1969_1;partial=11;start_type=Edge;rbs_motif=None;rbs_spacer=None;gc_cont=0.462
RSGAB01068:1-750     -            250 219876at2            -            282     0.002   15.3   0.2   1   2      0.51   1.3e+02   -0.5   0.1   175   229     3    57     1    63 0.73 RSGAB01068_1 # 1 # 750 # 1 # ID=2504_1;partial=11;start_type=Edge;rbs_motif=None;rbs_spacer=None;gc_cont=0.525
RSGAB01068:1-750     -            250 219876at2            -            282     0.002   15.3   0.2   2   2   3.3e-05    0.0081   13.3   0.0    48    90    94   141    88   180 0.73 RSGAB01068_1 # 1 # 750 # 1 # ID=2504_1;partial=11;start_type=Edge;rbs_motif=None;rbs_spacer=None;gc_cont=0.525
RSGAB00302:1-939     -            313 219876at2            -            282    0.0034   14.5   0.3   1   1   2.9e-05    0.0071   13.5   0.3    47    72   161   186   157   233 0.80 RSGAB00302_1 # 1 # 939 # 1 # ID=3140_1;partial=11;start_type=Edge;rbs_motif=None;rbs_spacer=None;gc_cont=0.498
RSGAB02490:1-1452    -            484 219876at2            -            282    0.0041   14.3   0.0   1   3     0.016         4    4.5   0.0    40    67    27    52    16    56 0.80 RSGAB02490_1 # 1 # 1452 # 1 # ID=1199_1;partial=11;start_type=Edge;rbs_motif=None;rbs_spacer=None;gc_cont=0.529
RSGAB02490:1-1452    -            484 219876at2            -            282    0.0041   14.3   0.0   2   3       2.6   6.4e+02   -2.8   0.0   147   172   174   199   165   202 0.76 RSGAB02490_1 # 1 # 1452 # 1 # ID=1199_1;partial=11;start_type=Edge;rbs_motif=None;rbs_spacer=None;gc_cont=0.529
RSGAB02490:1-1452    -            484 219876at2            -            282    0.0041   14.3   0.0   3   3    0.0028       0.7    6.9   0.0     3    69   239   304   237   309 0.74 RSGAB02490_1 # 1 # 1452 # 1 # ID=1199_1;partial=11;start_type=Edge;rbs_motif=None;rbs_spacer=None;gc_cont=0.529
RSGAB00641:1-2061    -            687 219876at2            -            282     0.019   12.1   0.0   1   1   0.00017     0.041   11.0   0.0    14    75   356   417   344   428 0.77 RSGAB00641_1 # 1 # 2061 # 1 # ID=2907_1;partial=11;start_type=Edge;rbs_motif=None;rbs_spacer=None;gc_cont=0.513
#
# Program:         hmmsearch
# Version:         3.1b2 (February 2015)
# Pipeline mode:   SEARCH
# Query file:      /home/sbraganza/projects/geobacillus_pangenome/geobacillus_thermodenitrificans_pangenome/prepped_fasta/busco_downloads/lineages/bacteria_odb10/hmms/219876at2.hmm
# Target file:     BUSCO/cnambio1/prodigal_output/predicted_genes/predicted.faa
# Option settings: hmmsearch --domtblout BUSCO/cnambio1/run_bacteria_odb10/hmmer_output/219876at2.out --cpu 1 /home/sbraganza/projects/geobacillus_pangenome/geobacillus_thermodenitrificans_pangenome/prepped_fasta/busco_downloads/lineages/bacteria_odb10/hmms/219876at2.hmm BUSCO/cnambio1/prodigal_output/predicted_genes/predicted.faa 
# Current dir:     /home/sbraganza/projects/geobacillus_pangenome/geobacillus_thermodenitrificans_pangenome/prepped_fasta
# Date:            Fri Mar  8 07:38:35 2024
# [ok]
