#                                                                            --- full sequence --- -------------- this domain -------------   hmm coord   ali coord   env coord
# target name        accession   tlen query name           accession   qlen   E-value  score  bias   #  of  c-Evalue  i-Evalue  score  bias  from    to  from    to  from    to  acc description of target
#------------------- ---------- ----- -------------------- ---------- ----- --------- ------ ----- --- --- --------- --------- ------ ----- ----- ----- ----- ----- ----- ----- ---- ---------------------
RSGAB01930:1-2073    -            691 223233at2            -            494  2.3e-166  552.2  14.1   1   2   2.5e-82   2.3e-79  265.2   0.2     2   173     4   198     3   209 0.91 RSGAB01930_1 # 1 # 2073 # 1 # ID=1461_1;partial=11;start_type=Edge;rbs_motif=None;rbs_spacer=None;gc_cont=0.507
RSGAB01930:1-2073    -            691 223233at2            -            494  2.3e-166  552.2  14.1   2   2   1.7e-87   1.6e-84  282.3   8.5   165   476   221   617   212   637 0.74 RSGAB01930_1 # 1 # 2073 # 1 # ID=1461_1;partial=11;start_type=Edge;rbs_motif=None;rbs_spacer=None;gc_cont=0.507
RSGAB01433:1-2088    -            696 223233at2            -            494   3.6e-66  221.7   8.2   1   2   1.4e-42   1.3e-39  134.1   0.4    18   248    35   324    33   329 0.80 RSGAB01433_1 # 1 # 2088 # 1 # ID=2224_1;partial=11;start_type=Edge;rbs_motif=None;rbs_spacer=None;gc_cont=0.536
RSGAB01433:1-2088    -            696 223233at2            -            494   3.6e-66  221.7   8.2   2   2   1.9e-27   1.8e-24   84.2   2.3   238   433   341   609   334   679 0.66 RSGAB01433_1 # 1 # 2088 # 1 # ID=2224_1;partial=11;start_type=Edge;rbs_motif=None;rbs_spacer=None;gc_cont=0.536
RSGAB01284:1-2154    -            718 223233at2            -            494   3.2e-53  179.0   4.4   1   2   5.6e-37   5.2e-34  115.6   0.1    36   242    80   332    45   343 0.84 RSGAB01284_1 # 1 # 2154 # 1 # ID=2844_1;partial=11;start_type=Edge;rbs_motif=None;rbs_spacer=None;gc_cont=0.521
RSGAB01284:1-2154    -            718 223233at2            -            494   3.2e-53  179.0   4.4   2   2   8.6e-19   7.9e-16   55.6   1.2   265   427   393   599   358   686 0.65 RSGAB01284_1 # 1 # 2154 # 1 # ID=2844_1;partial=11;start_type=Edge;rbs_motif=None;rbs_spacer=None;gc_cont=0.521
RSGAB03091:1-594     -            198 223233at2            -            494    0.0021   14.7   0.0   1   1   3.1e-06    0.0028   14.2   0.0    47    83   127   161   110   174 0.80 RSGAB03091_1 # 1 # 594 # 1 # ID=1042_1;partial=11;start_type=Edge;rbs_motif=None;rbs_spacer=None;gc_cont=0.480
#
# Program:         hmmsearch
# Version:         3.1b2 (February 2015)
# Pipeline mode:   SEARCH
# Query file:      /home/sbraganza/projects/geobacillus_pangenome/geobacillus_thermodenitrificans_pangenome/prepped_fasta/busco_downloads/lineages/bacteria_odb10/hmms/223233at2.hmm
# Target file:     BUSCO/cnambio1/prodigal_output/predicted_genes/predicted.faa
# Option settings: hmmsearch --domtblout BUSCO/cnambio1/run_bacteria_odb10/hmmer_output/223233at2.out --cpu 1 /home/sbraganza/projects/geobacillus_pangenome/geobacillus_thermodenitrificans_pangenome/prepped_fasta/busco_downloads/lineages/bacteria_odb10/hmms/223233at2.hmm BUSCO/cnambio1/prodigal_output/predicted_genes/predicted.faa 
# Current dir:     /home/sbraganza/projects/geobacillus_pangenome/geobacillus_thermodenitrificans_pangenome/prepped_fasta
# Date:            Fri Mar  8 07:38:35 2024
# [ok]
