#                                                                            --- full sequence --- -------------- this domain -------------   hmm coord   ali coord   env coord
# target name        accession   tlen query name           accession   qlen   E-value  score  bias   #  of  c-Evalue  i-Evalue  score  bias  from    to  from    to  from    to  acc description of target
#------------------- ---------- ----- -------------------- ---------- ----- --------- ------ ----- --- --- --------- --------- ------ ----- ----- ----- ----- ----- ----- ----- ---- ---------------------
RSGAB02861:1-1740    -            580 504464at2            -            233   1.4e-96  320.0   5.7   1   2   6.5e-74     6e-71  236.2   0.4     1   170   278   487   278   507 0.86 RSGAB02861_1 # 1 # 1740 # 1 # ID=816_1;partial=11;start_type=Edge;rbs_motif=None;rbs_spacer=None;gc_cont=0.499
RSGAB02861:1-1740    -            580 504464at2            -            233   1.4e-96  320.0   5.7   2   2   4.1e-28   3.8e-25   86.3   0.6   169   233   509   580   493   580 0.92 RSGAB02861_1 # 1 # 1740 # 1 # ID=816_1;partial=11;start_type=Edge;rbs_motif=None;rbs_spacer=None;gc_cont=0.499
RSGAB00418:1-738     -            246 504464at2            -            233   1.4e-10   38.6   2.1   1   3   2.4e-07   0.00022   18.3   0.1     8    35    23    50    12    73 0.80 RSGAB00418_1 # 1 # 738 # 1 # ID=3617_1;partial=11;start_type=Edge;rbs_motif=None;rbs_spacer=None;gc_cont=0.512
RSGAB00418:1-738     -            246 504464at2            -            233   1.4e-10   38.6   2.1   2   3     2e-05     0.019   12.0   0.0   114   146   159   191   112   195 0.90 RSGAB00418_1 # 1 # 738 # 1 # ID=3617_1;partial=11;start_type=Edge;rbs_motif=None;rbs_spacer=None;gc_cont=0.512
RSGAB00418:1-738     -            246 504464at2            -            233   1.4e-10   38.6   2.1   3   3   0.00071      0.66    6.9   0.0    56    83   205   232   189   241 0.82 RSGAB00418_1 # 1 # 738 # 1 # ID=3617_1;partial=11;start_type=Edge;rbs_motif=None;rbs_spacer=None;gc_cont=0.512
RSGAB01111:1-822     -            274 504464at2            -            233   1.9e-06   25.1   0.1   1   2   3.6e-08   3.4e-05   21.0   0.0     4    38    17    51    14    87 0.83 RSGAB01111_1 # 1 # 822 # 1 # ID=2461_1;partial=11;start_type=Edge;rbs_motif=None;rbs_spacer=None;gc_cont=0.426
RSGAB01111:1-822     -            274 504464at2            -            233   1.9e-06   25.1   0.1   2   2     0.023        21    2.0   0.0   115   136   147   170   141   201 0.74 RSGAB01111_1 # 1 # 822 # 1 # ID=2461_1;partial=11;start_type=Edge;rbs_motif=None;rbs_spacer=None;gc_cont=0.426
RSGAB00451:1-1113    -            371 504464at2            -            233   4.1e-06   24.0   0.0   1   2   2.5e-07   0.00023   18.3   0.0     8    39     9    39     5    47 0.82 RSGAB00451_1 # 1 # 1113 # 1 # ID=3104_1;partial=11;start_type=Edge;rbs_motif=None;rbs_spacer=None;gc_cont=0.521
RSGAB00451:1-1113    -            371 504464at2            -            233   4.1e-06   24.0   0.0   2   2    0.0088       8.2    3.4   0.0   111   136   165   190   160   194 0.87 RSGAB00451_1 # 1 # 1113 # 1 # ID=3104_1;partial=11;start_type=Edge;rbs_motif=None;rbs_spacer=None;gc_cont=0.521
#
# Program:         hmmsearch
# Version:         3.1b2 (February 2015)
# Pipeline mode:   SEARCH
# Query file:      /home/sbraganza/projects/geobacillus_pangenome/geobacillus_thermodenitrificans_pangenome/prepped_fasta/busco_downloads/lineages/bacteria_odb10/hmms/504464at2.hmm
# Target file:     BUSCO/cnambio1/prodigal_output/predicted_genes/predicted.faa
# Option settings: hmmsearch --domtblout BUSCO/cnambio1/run_bacteria_odb10/hmmer_output/504464at2.out --cpu 1 /home/sbraganza/projects/geobacillus_pangenome/geobacillus_thermodenitrificans_pangenome/prepped_fasta/busco_downloads/lineages/bacteria_odb10/hmms/504464at2.hmm BUSCO/cnambio1/prodigal_output/predicted_genes/predicted.faa 
# Current dir:     /home/sbraganza/projects/geobacillus_pangenome/geobacillus_thermodenitrificans_pangenome/prepped_fasta
# Date:            Fri Mar  8 07:38:35 2024
# [ok]
