#                                                                            --- full sequence --- -------------- this domain -------------   hmm coord   ali coord   env coord
# target name        accession   tlen query name           accession   qlen   E-value  score  bias   #  of  c-Evalue  i-Evalue  score  bias  from    to  from    to  from    to  acc description of target
#------------------- ---------- ----- -------------------- ---------- ----- --------- ------ ----- --- --- --------- --------- ------ ----- ----- ----- ----- ----- ----- ----- ---- ---------------------
RSGAB01884:1-1701    -            567 665824at2            -            547  2.1e-244  810.1   0.0   1   1  3.8e-247  2.4e-244  810.0   0.0     1   543     1   565     1   567 0.97 RSGAB01884_1 # 1 # 1701 # 1 # ID=1507_1;partial=11;start_type=Edge;rbs_motif=None;rbs_spacer=None;gc_cont=0.535
RSGAB00304:1-1947    -            649 665824at2            -            547   6.2e-37  125.3   4.0   1   3     4e-20   2.5e-17   60.6   0.2    26   191   255   418   234   424 0.90 RSGAB00304_1 # 1 # 1947 # 1 # ID=3138_1;partial=11;start_type=Edge;rbs_motif=None;rbs_spacer=None;gc_cont=0.508
RSGAB00304:1-1947    -            649 665824at2            -            547   6.2e-37  125.3   4.0   2   3       0.2   1.2e+02   -1.1   0.0    49    65   441   457   439   461 0.91 RSGAB00304_1 # 1 # 1947 # 1 # ID=3138_1;partial=11;start_type=Edge;rbs_motif=None;rbs_spacer=None;gc_cont=0.508
RSGAB00304:1-1947    -            649 665824at2            -            547   6.2e-37  125.3   4.0   3   3   2.1e-21   1.3e-18   64.8   0.1   400   533   499   629   491   645 0.85 RSGAB00304_1 # 1 # 1947 # 1 # ID=3138_1;partial=11;start_type=Edge;rbs_motif=None;rbs_spacer=None;gc_cont=0.508
RSGAB03098:1-1272    -            424 665824at2            -            547   1.8e-14   51.2   0.0   1   2   9.8e-16   6.1e-13   46.1   0.0    42   210   166   335   154   339 0.89 RSGAB03098_1 # 1 # 1272 # 1 # ID=1035_1;partial=11;start_type=Edge;rbs_motif=None;rbs_spacer=None;gc_cont=0.521
RSGAB03098:1-1272    -            424 665824at2            -            547   1.8e-14   51.2   0.0   2   2     0.016       9.6    2.6   0.0   414   451   377   416   361   417 0.75 RSGAB03098_1 # 1 # 1272 # 1 # ID=1035_1;partial=11;start_type=Edge;rbs_motif=None;rbs_spacer=None;gc_cont=0.521
RSGAB03186:1-1380    -            460 665824at2            -            547     3e-13   47.2   0.2   1   2   5.9e-06    0.0036   13.9   0.1   101   156    98   220    28   235 0.62 RSGAB03186_1 # 1 # 1380 # 1 # ID=355_1;partial=11;start_type=Edge;rbs_motif=None;rbs_spacer=None;gc_cont=0.497
RSGAB03186:1-1380    -            460 665824at2            -            547     3e-13   47.2   0.2   2   2   5.1e-11   3.1e-08   30.6   0.0   444   537   361   448   314   458 0.89 RSGAB03186_1 # 1 # 1380 # 1 # ID=355_1;partial=11;start_type=Edge;rbs_motif=None;rbs_spacer=None;gc_cont=0.497
RSGAB00441:1-1278    -            426 665824at2            -            547   3.4e-11   40.4   0.5   1   2   4.8e-08     3e-05   20.8   0.0    34   148     4   120     1   177 0.83 RSGAB00441_1 # 1 # 1278 # 1 # ID=3114_1;partial=11;start_type=Edge;rbs_motif=None;rbs_spacer=None;gc_cont=0.532
RSGAB00441:1-1278    -            426 665824at2            -            547   3.4e-11   40.4   0.5   2   2   3.1e-07   0.00019   18.1   0.1   451   533   330   410   306   425 0.84 RSGAB00441_1 # 1 # 1278 # 1 # ID=3114_1;partial=11;start_type=Edge;rbs_motif=None;rbs_spacer=None;gc_cont=0.532
RSGAB03565:1-1182    -            394 665824at2            -            547    0.0031   14.1   0.1   1   1   7.4e-06    0.0046   13.5   0.1    38   143    13   115     1   124 0.83 RSGAB03565_1 # 1 # 1182 # 1 # ID=151_1;partial=11;start_type=Edge;rbs_motif=None;rbs_spacer=None;gc_cont=0.554
#
# Program:         hmmsearch
# Version:         3.1b2 (February 2015)
# Pipeline mode:   SEARCH
# Query file:      /home/sbraganza/projects/geobacillus_pangenome/geobacillus_thermodenitrificans_pangenome/prepped_fasta/busco_downloads/lineages/bacteria_odb10/hmms/665824at2.hmm
# Target file:     BUSCO/cnambio1/prodigal_output/predicted_genes/predicted.faa
# Option settings: hmmsearch --domtblout BUSCO/cnambio1/run_bacteria_odb10/hmmer_output/665824at2.out --cpu 1 /home/sbraganza/projects/geobacillus_pangenome/geobacillus_thermodenitrificans_pangenome/prepped_fasta/busco_downloads/lineages/bacteria_odb10/hmms/665824at2.hmm BUSCO/cnambio1/prodigal_output/predicted_genes/predicted.faa 
# Current dir:     /home/sbraganza/projects/geobacillus_pangenome/geobacillus_thermodenitrificans_pangenome/prepped_fasta
# Date:            Fri Mar  8 07:38:35 2024
# [ok]
