#                                                                            --- full sequence --- -------------- this domain -------------   hmm coord   ali coord   env coord
# target name        accession   tlen query name           accession   qlen   E-value  score  bias   #  of  c-Evalue  i-Evalue  score  bias  from    to  from    to  from    to  acc description of target
#------------------- ---------- ----- -------------------- ---------- ----- --------- ------ ----- --- --- --------- --------- ------ ----- ----- ----- ----- ----- ----- ----- ---- ---------------------
RSGAB03077:1-1950    -            650 761140at2            -            323   2.4e-69  232.0  10.7   1   2   1.8e-60   1.4e-57  193.3   6.5     1   254     4   370     4   374 0.81 RSGAB03077_1 # 1 # 1950 # 1 # ID=1055_1;partial=11;start_type=Edge;rbs_motif=None;rbs_spacer=None;gc_cont=0.490
RSGAB03077:1-1950    -            650 761140at2            -            323   2.4e-69  232.0  10.7   2   2   9.8e-12   7.3e-09   33.2   0.1   235   313   391   474   384   481 0.73 RSGAB03077_1 # 1 # 1950 # 1 # ID=1055_1;partial=11;start_type=Edge;rbs_motif=None;rbs_spacer=None;gc_cont=0.490
RSGAB01999:1-2772    -            924 761140at2            -            323   4.8e-13   47.0   1.1   1   4     4e-10     3e-07   27.9   0.0     7    74    54   121    49   142 0.73 RSGAB01999_1 # 1 # 2772 # 1 # ID=1392_1;partial=11;start_type=Edge;rbs_motif=None;rbs_spacer=None;gc_cont=0.525
RSGAB01999:1-2772    -            924 761140at2            -            323   4.8e-13   47.0   1.1   2   4     0.011       7.9    3.5   0.0   125   157   434   465   418   471 0.79 RSGAB01999_1 # 1 # 2772 # 1 # ID=1392_1;partial=11;start_type=Edge;rbs_motif=None;rbs_spacer=None;gc_cont=0.525
RSGAB01999:1-2772    -            924 761140at2            -            323   4.8e-13   47.0   1.1   3   4      0.29   2.1e+02   -1.2   0.0   199   216   581   602   575   614 0.81 RSGAB01999_1 # 1 # 2772 # 1 # ID=1392_1;partial=11;start_type=Edge;rbs_motif=None;rbs_spacer=None;gc_cont=0.525
RSGAB01999:1-2772    -            924 761140at2            -            323   4.8e-13   47.0   1.1   4   4   5.8e-05     0.043   11.0   0.1   272   309   730   765   672   776 0.65 RSGAB01999_1 # 1 # 2772 # 1 # ID=1392_1;partial=11;start_type=Edge;rbs_motif=None;rbs_spacer=None;gc_cont=0.525
RSGAB00377:1-2640    -            880 761140at2            -            323   2.7e-10   37.9   0.8   1   5     1e-07   7.6e-05   20.0   0.0     2    60    41   104    40   134 0.86 RSGAB00377_1 # 1 # 2640 # 1 # ID=3658_1;partial=11;start_type=Edge;rbs_motif=None;rbs_spacer=None;gc_cont=0.521
RSGAB00377:1-2640    -            880 761140at2            -            323   2.7e-10   37.9   0.8   2   5     0.081        60    0.6   0.0   134   151   401   419   367   428 0.83 RSGAB00377_1 # 1 # 2640 # 1 # ID=3658_1;partial=11;start_type=Edge;rbs_motif=None;rbs_spacer=None;gc_cont=0.521
RSGAB00377:1-2640    -            880 761140at2            -            323   2.7e-10   37.9   0.8   3   5     0.035        26    1.8   0.0   170   191   473   494   470   507 0.80 RSGAB00377_1 # 1 # 2640 # 1 # ID=3658_1;partial=11;start_type=Edge;rbs_motif=None;rbs_spacer=None;gc_cont=0.521
RSGAB00377:1-2640    -            880 761140at2            -            323   2.7e-10   37.9   0.8   4   5      0.13        96   -0.0   0.1   213   246   545   580   517   590 0.66 RSGAB00377_1 # 1 # 2640 # 1 # ID=3658_1;partial=11;start_type=Edge;rbs_motif=None;rbs_spacer=None;gc_cont=0.521
RSGAB00377:1-2640    -            880 761140at2            -            323   2.7e-10   37.9   0.8   5   5   0.00058      0.43    7.7   0.0   277   309   665   695   638   704 0.85 RSGAB00377_1 # 1 # 2640 # 1 # ID=3658_1;partial=11;start_type=Edge;rbs_motif=None;rbs_spacer=None;gc_cont=0.521
RSGAB00186:1-2415    -            805 761140at2            -            323   2.1e-06   25.2   0.2   1   3   1.7e-07   0.00012   19.3   0.0     2    74    32   108    31   116 0.84 RSGAB00186_1 # 1 # 2415 # 1 # ID=3256_1;partial=11;start_type=Edge;rbs_motif=None;rbs_spacer=None;gc_cont=0.526
RSGAB00186:1-2415    -            805 761140at2            -            323   2.1e-06   25.2   0.2   2   3      0.34   2.5e+02   -1.4   0.1   205   216   574   585   573   586 0.86 RSGAB00186_1 # 1 # 2415 # 1 # ID=3256_1;partial=11;start_type=Edge;rbs_motif=None;rbs_spacer=None;gc_cont=0.526
RSGAB00186:1-2415    -            805 761140at2            -            323   2.1e-06   25.2   0.2   3   3     0.031        23    2.0   0.0   249   315   658   721   640   730 0.72 RSGAB00186_1 # 1 # 2415 # 1 # ID=3256_1;partial=11;start_type=Edge;rbs_motif=None;rbs_spacer=None;gc_cont=0.526
RSGAB01918:1-444     -            148 761140at2            -            323     0.093    9.8   2.7   1   2      0.17   1.3e+02   -0.5   0.1   251   262    30    41     6    73 0.51 RSGAB01918_1 # 1 # 444 # 1 # ID=1473_1;partial=11;start_type=Edge;rbs_motif=None;rbs_spacer=None;gc_cont=0.495
RSGAB01918:1-444     -            148 761140at2            -            323     0.093    9.8   2.7   2   2    0.0001     0.075   10.1   0.6    41   105    79   143    75   147 0.80 RSGAB01918_1 # 1 # 444 # 1 # ID=1473_1;partial=11;start_type=Edge;rbs_motif=None;rbs_spacer=None;gc_cont=0.495
#
# Program:         hmmsearch
# Version:         3.1b2 (February 2015)
# Pipeline mode:   SEARCH
# Query file:      /home/sbraganza/projects/geobacillus_pangenome/geobacillus_thermodenitrificans_pangenome/prepped_fasta/busco_downloads/lineages/bacteria_odb10/hmms/761140at2.hmm
# Target file:     BUSCO/cnambio1/prodigal_output/predicted_genes/predicted.faa
# Option settings: hmmsearch --domtblout BUSCO/cnambio1/run_bacteria_odb10/hmmer_output/761140at2.out --cpu 1 /home/sbraganza/projects/geobacillus_pangenome/geobacillus_thermodenitrificans_pangenome/prepped_fasta/busco_downloads/lineages/bacteria_odb10/hmms/761140at2.hmm BUSCO/cnambio1/prodigal_output/predicted_genes/predicted.faa 
# Current dir:     /home/sbraganza/projects/geobacillus_pangenome/geobacillus_thermodenitrificans_pangenome/prepped_fasta
# Date:            Fri Mar  8 07:38:35 2024
# [ok]
