#                                                                            --- full sequence --- -------------- this domain -------------   hmm coord   ali coord   env coord
# target name        accession   tlen query name           accession   qlen   E-value  score  bias   #  of  c-Evalue  i-Evalue  score  bias  from    to  from    to  from    to  acc description of target
#------------------- ---------- ----- -------------------- ---------- ----- --------- ------ ----- --- --- --------- --------- ------ ----- ----- ----- ----- ----- ----- ----- ---- ---------------------
RSGAB00777:1-672     -            224 776861at2            -            618     3e-78  261.2   1.3   1   1   7.1e-81   3.3e-78  261.1   1.3   406   611     2   222     1   224 0.97 RSGAB00777_1 # 1 # 672 # 1 # ID=3351_1;partial=11;start_type=Edge;rbs_motif=None;rbs_spacer=None;gc_cont=0.552
RSGAB00815:1-1281    -            427 776861at2            -            618   4.9e-48  161.4   0.3   1   1   1.2e-50   5.5e-48  161.2   0.3     9   399     7   425     1   427 0.83 RSGAB00815_1 # 1 # 1281 # 1 # ID=3313_1;partial=11;start_type=Edge;rbs_motif=None;rbs_spacer=None;gc_cont=0.554
RSGAB02981:1-651     -            217 776861at2            -            618   0.00038   16.4   0.0   1   1     1e-06   0.00048   16.1   0.0   415   446     7    38     1    61 0.90 RSGAB02981_1 # 1 # 651 # 1 # ID=523_1;partial=11;start_type=Edge;rbs_motif=None;rbs_spacer=None;gc_cont=0.505
RSGAB02555:1-1785    -            595 776861at2            -            618    0.0027   13.6   0.0   1   1   9.6e-06    0.0044   12.9   0.0   386   428   352   394   339   397 0.85 RSGAB02555_1 # 1 # 1785 # 1 # ID=1135_1;partial=11;start_type=Edge;rbs_motif=None;rbs_spacer=None;gc_cont=0.319
RSGAB02678:1-609     -            203 776861at2            -            618    0.0033   13.3   0.0   1   2     7e-05     0.032   10.0   0.0   413   432    30    49    10    54 0.84 RSGAB02678_1 # 1 # 609 # 1 # ID=997_1;partial=11;start_type=Edge;rbs_motif=None;rbs_spacer=None;gc_cont=0.532
RSGAB02678:1-609     -            203 776861at2            -            618    0.0033   13.3   0.0   2   2      0.04        18    0.9   0.0   588   611   171   194   160   200 0.85 RSGAB02678_1 # 1 # 609 # 1 # ID=997_1;partial=11;start_type=Edge;rbs_motif=None;rbs_spacer=None;gc_cont=0.532
RSGAB00365:1-2325    -            775 776861at2            -            618    0.0063   12.4   0.0   1   1   2.6e-05     0.012   11.5   0.0   396   436   336   376   270   378 0.72 RSGAB00365_1 # 1 # 2325 # 1 # ID=3670_1;partial=11;start_type=Edge;rbs_motif=None;rbs_spacer=None;gc_cont=0.512
RSGAB02882:1-456     -            152 776861at2            -            618     0.011   11.6   0.0   1   1   2.9e-05     0.013   11.3   0.0   402   434    22    54     9    58 0.85 RSGAB02882_1 # 1 # 456 # 1 # ID=620_1;partial=11;start_type=Edge;rbs_motif=None;rbs_spacer=None;gc_cont=0.476
RSGAB02877:1-1929    -            643 776861at2            -            618     0.019   10.8   5.7   1   3    0.0008      0.37    6.6   0.0   399   435    20    56     6    61 0.79 RSGAB02877_1 # 1 # 1929 # 1 # ID=625_1;partial=11;start_type=Edge;rbs_motif=None;rbs_spacer=None;gc_cont=0.491
RSGAB02877:1-1929    -            643 776861at2            -            618     0.019   10.8   5.7   2   3       4.6   2.1e+03   -5.9   2.9   540   559   288   307   286   309 0.84 RSGAB02877_1 # 1 # 1929 # 1 # ID=625_1;partial=11;start_type=Edge;rbs_motif=None;rbs_spacer=None;gc_cont=0.491
RSGAB02877:1-1929    -            643 776861at2            -            618     0.019   10.8   5.7   3   3   0.00065       0.3    6.8   0.0   409   434   359   384   346   387 0.86 RSGAB02877_1 # 1 # 1929 # 1 # ID=625_1;partial=11;start_type=Edge;rbs_motif=None;rbs_spacer=None;gc_cont=0.491
#
# Program:         hmmsearch
# Version:         3.1b2 (February 2015)
# Pipeline mode:   SEARCH
# Query file:      /home/sbraganza/projects/geobacillus_pangenome/geobacillus_thermodenitrificans_pangenome/prepped_fasta/busco_downloads/lineages/bacteria_odb10/hmms/776861at2.hmm
# Target file:     BUSCO/cnambio1/prodigal_output/predicted_genes/predicted.faa
# Option settings: hmmsearch --domtblout BUSCO/cnambio1/run_bacteria_odb10/hmmer_output/776861at2.out --cpu 1 /home/sbraganza/projects/geobacillus_pangenome/geobacillus_thermodenitrificans_pangenome/prepped_fasta/busco_downloads/lineages/bacteria_odb10/hmms/776861at2.hmm BUSCO/cnambio1/prodigal_output/predicted_genes/predicted.faa 
# Current dir:     /home/sbraganza/projects/geobacillus_pangenome/geobacillus_thermodenitrificans_pangenome/prepped_fasta
# Date:            Fri Mar  8 07:38:35 2024
# [ok]
