#                                                                            --- full sequence --- -------------- this domain -------------   hmm coord   ali coord   env coord
# target name        accession   tlen query name           accession   qlen   E-value  score  bias   #  of  c-Evalue  i-Evalue  score  bias  from    to  from    to  from    to  acc description of target
#------------------- ---------- ----- -------------------- ---------- ----- --------- ------ ----- --- --- --------- --------- ------ ----- ----- ----- ----- ----- ----- ----- ---- ---------------------
RSGAB00423:1-999     -            333 874197at2            -            274  4.7e-126  417.3   0.5   1   1  4.2e-128    6e-126  416.9   0.5     3   273    20   319    18   320 0.92 RSGAB00423_1 # 1 # 999 # 1 # ID=3612_1;partial=11;start_type=Edge;rbs_motif=None;rbs_spacer=None;gc_cont=0.566
RSGAB00446:1-1293    -            431 874197at2            -            274   3.1e-12   44.0   0.1   1   2   7.2e-12     1e-09   35.7   0.0    31   100    38   108    10   123 0.73 RSGAB00446_1 # 1 # 1293 # 1 # ID=3109_1;partial=11;start_type=Edge;rbs_motif=None;rbs_spacer=None;gc_cont=0.550
RSGAB00446:1-1293    -            431 874197at2            -            274   3.1e-12   44.0   0.1   2   2    0.0058      0.82    6.5   0.0   131   212   123   203   108   224 0.73 RSGAB00446_1 # 1 # 1293 # 1 # ID=3109_1;partial=11;start_type=Edge;rbs_motif=None;rbs_spacer=None;gc_cont=0.550
RSGAB00364:1-1674    -            558 874197at2            -            274     2e-08   31.4   0.1   1   2   7.2e-07    0.0001   19.3   0.0     3    61    62   116    60   120 0.80 RSGAB00364_1 # 1 # 1674 # 1 # ID=3671_1;partial=11;start_type=Edge;rbs_motif=None;rbs_spacer=None;gc_cont=0.516
RSGAB00364:1-1674    -            558 874197at2            -            274     2e-08   31.4   0.1   2   2    0.0008      0.11    9.3   0.0    87   179   180   289   175   307 0.68 RSGAB00364_1 # 1 # 1674 # 1 # ID=3671_1;partial=11;start_type=Edge;rbs_motif=None;rbs_spacer=None;gc_cont=0.516
RSGAB02177:1-2133    -            711 874197at2            -            274   3.7e-07   27.3   3.8   1   2    0.0049      0.69    6.7   1.7    72    99   179   208   109   212 0.56 RSGAB02177_1 # 1 # 2133 # 1 # ID=1944_1;partial=11;start_type=Edge;rbs_motif=None;rbs_spacer=None;gc_cont=0.519
RSGAB02177:1-2133    -            711 874197at2            -            274   3.7e-07   27.3   3.8   2   2   6.6e-06   0.00094   16.1   0.0    11    59   423   475   414   492 0.78 RSGAB02177_1 # 1 # 2133 # 1 # ID=1944_1;partial=11;start_type=Edge;rbs_motif=None;rbs_spacer=None;gc_cont=0.519
RSGAB00363:1-1263    -            421 874197at2            -            274   1.3e-06   25.5   0.0   1   1   1.9e-08   2.7e-06   24.5   0.0     4    99    67   187    65   197 0.69 RSGAB00363_1 # 1 # 1263 # 1 # ID=3672_1;partial=11;start_type=Edge;rbs_motif=None;rbs_spacer=None;gc_cont=0.489
RSGAB03046:1-1893    -            631 874197at2            -            274   2.7e-06   24.5   0.0   1   1   4.1e-08   5.9e-06   23.4   0.0    33    95   193   263   158   268 0.69 RSGAB03046_1 # 1 # 1893 # 1 # ID=458_1;partial=11;start_type=Edge;rbs_motif=None;rbs_spacer=None;gc_cont=0.507
RSGAB03093:1-1677    -            559 874197at2            -            274   9.1e-06   22.8   0.1   1   2   2.2e-07   3.1e-05   21.0   0.0     4    75    10    78     7   229 0.86 RSGAB03093_1 # 1 # 1677 # 1 # ID=1040_1;partial=11;start_type=Edge;rbs_motif=None;rbs_spacer=None;gc_cont=0.506
RSGAB03093:1-1677    -            559 874197at2            -            274   9.1e-06   22.8   0.1   2   2       2.9   4.1e+02   -2.3   0.0    39    87   459   507   444   514 0.73 RSGAB03093_1 # 1 # 1677 # 1 # ID=1040_1;partial=11;start_type=Edge;rbs_motif=None;rbs_spacer=None;gc_cont=0.506
RSGAB03030:1-2433    -            811 874197at2            -            274   1.1e-05   22.5   1.1   1   2     0.001      0.15    9.0   0.5    35    98   202   285   184   289 0.52 RSGAB03030_1 # 1 # 2433 # 1 # ID=474_1;partial=11;start_type=Edge;rbs_motif=None;rbs_spacer=None;gc_cont=0.515
RSGAB03030:1-2433    -            811 874197at2            -            274   1.1e-05   22.5   1.1   2   2   0.00051     0.072   10.0   0.0    13    59   513   563   507   581 0.72 RSGAB03030_1 # 1 # 2433 # 1 # ID=474_1;partial=11;start_type=Edge;rbs_motif=None;rbs_spacer=None;gc_cont=0.515
RSGAB00365:1-2325    -            775 874197at2            -            274   1.3e-05   22.2   0.0   1   2   8.9e-07   0.00013   19.0   0.0    10    69   322   382   318   393 0.79 RSGAB00365_1 # 1 # 2325 # 1 # ID=3670_1;partial=11;start_type=Edge;rbs_motif=None;rbs_spacer=None;gc_cont=0.512
RSGAB00365:1-2325    -            775 874197at2            -            274   1.3e-05   22.2   0.0   2   2      0.46        66    0.3   0.0   126   165   460   499   446   525 0.84 RSGAB00365_1 # 1 # 2325 # 1 # ID=3670_1;partial=11;start_type=Edge;rbs_motif=None;rbs_spacer=None;gc_cont=0.512
RSGAB02344:1-2583    -            861 874197at2            -            274   1.4e-05   22.2   0.9   1   2    0.0032      0.45    7.4   0.5    37    99   201   284   191   288 0.60 RSGAB02344_1 # 1 # 2583 # 1 # ID=1786_1;partial=11;start_type=Edge;rbs_motif=None;rbs_spacer=None;gc_cont=0.547
RSGAB02344:1-2583    -            861 874197at2            -            274   1.4e-05   22.2   0.9   2   2   0.00051     0.072   10.0   0.0    29    59   594   624   566   632 0.73 RSGAB02344_1 # 1 # 2583 # 1 # ID=1786_1;partial=11;start_type=Edge;rbs_motif=None;rbs_spacer=None;gc_cont=0.547
RSGAB02877:1-1929    -            643 874197at2            -            274   1.9e-05   21.7   0.0   1   2   0.00027     0.038   10.9   0.0    25    69    19    63     7    75 0.75 RSGAB02877_1 # 1 # 1929 # 1 # ID=625_1;partial=11;start_type=Edge;rbs_motif=None;rbs_spacer=None;gc_cont=0.491
RSGAB02877:1-1929    -            643 874197at2            -            274   1.9e-05   21.7   0.0   2   2    0.0017      0.24    8.2   0.0    35    62   358   385   347   401 0.84 RSGAB02877_1 # 1 # 1929 # 1 # ID=625_1;partial=11;start_type=Edge;rbs_motif=None;rbs_spacer=None;gc_cont=0.491
RSGAB01927:1-1392    -            464 874197at2            -            274   7.7e-05   19.7   0.3   1   2   3.7e-06   0.00053   17.0   0.0     7    94    13   114     8   127 0.68 RSGAB01927_1 # 1 # 1392 # 1 # ID=1464_1;partial=11;start_type=Edge;rbs_motif=None;rbs_spacer=None;gc_cont=0.510
RSGAB01927:1-1392    -            464 874197at2            -            274   7.7e-05   19.7   0.3   2   2      0.55        79    0.0   0.0    85    99   268   282   243   296 0.83 RSGAB01927_1 # 1 # 1392 # 1 # ID=1464_1;partial=11;start_type=Edge;rbs_motif=None;rbs_spacer=None;gc_cont=0.510
RSGAB01827:1-930     -            310 874197at2            -            274   0.00024   18.1   0.1   1   2   5.7e-06   0.00081   16.4   0.0    31    98    82   161    43   200 0.58 RSGAB01827_1 # 1 # 930 # 1 # ID=1582_1;partial=11;start_type=Edge;rbs_motif=None;rbs_spacer=None;gc_cont=0.469
RSGAB01827:1-930     -            310 874197at2            -            274   0.00024   18.1   0.1   2   2       3.1   4.4e+02   -2.5   0.0   146   179   208   241   203   246 0.79 RSGAB01827_1 # 1 # 930 # 1 # ID=1582_1;partial=11;start_type=Edge;rbs_motif=None;rbs_spacer=None;gc_cont=0.469
RSGAB02152:1-753     -            251 874197at2            -            274   0.00028   17.9   0.0   1   1   3.3e-06   0.00046   17.2   0.0    34    62    97   125    73   179 0.64 RSGAB02152_1 # 1 # 753 # 1 # ID=1969_1;partial=11;start_type=Edge;rbs_motif=None;rbs_spacer=None;gc_cont=0.462
RSGAB01068:1-750     -            250 874197at2            -            274   0.00074   16.5   0.0   1   2   1.4e-05     0.002   15.1   0.0    34    95    92   163    85   183 0.68 RSGAB01068_1 # 1 # 750 # 1 # ID=2504_1;partial=11;start_type=Edge;rbs_motif=None;rbs_spacer=None;gc_cont=0.525
RSGAB01068:1-750     -            250 874197at2            -            274   0.00074   16.5   0.0   2   2       2.9   4.1e+02   -2.3   0.0   182   206   201   225   168   233 0.69 RSGAB01068_1 # 1 # 750 # 1 # ID=2504_1;partial=11;start_type=Edge;rbs_motif=None;rbs_spacer=None;gc_cont=0.525
RSGAB01358:1-900     -            300 874197at2            -            274    0.0026   14.7   0.2   1   1   0.00011     0.016   12.1   0.2    33    68    58    93    34   204 0.86 RSGAB01358_1 # 1 # 900 # 1 # ID=2770_1;partial=11;start_type=Edge;rbs_motif=None;rbs_spacer=None;gc_cont=0.524
RSGAB02149:1-657     -            219 874197at2            -            274    0.0047   13.8   0.0   1   1   5.5e-05    0.0078   13.1   0.0    35    66    66    98    53   153 0.67 RSGAB02149_1 # 1 # 657 # 1 # ID=1972_1;partial=11;start_type=Edge;rbs_motif=None;rbs_spacer=None;gc_cont=0.411
RSGAB01396:1-1572    -            524 874197at2            -            274    0.0051   13.7   0.5   1   3    0.0073         1    6.2   0.0    32    57    26    51     3    75 0.75 RSGAB01396_1 # 1 # 1572 # 1 # ID=2261_1;partial=11;start_type=Edge;rbs_motif=None;rbs_spacer=None;gc_cont=0.445
RSGAB01396:1-1572    -            524 874197at2            -            274    0.0051   13.7   0.5   2   3     0.016       2.3    5.0   0.0    36    60   299   324   285   338 0.78 RSGAB01396_1 # 1 # 1572 # 1 # ID=2261_1;partial=11;start_type=Edge;rbs_motif=None;rbs_spacer=None;gc_cont=0.445
RSGAB01396:1-1572    -            524 874197at2            -            274    0.0051   13.7   0.5   3   3       5.4   7.7e+02   -3.2   0.1    71   102   417   447   392   462 0.69 RSGAB01396_1 # 1 # 1572 # 1 # ID=2261_1;partial=11;start_type=Edge;rbs_motif=None;rbs_spacer=None;gc_cont=0.445
RSGAB00225:1-756     -            252 874197at2            -            274    0.0056   13.6   0.1   1   3       6.4   9.1e+02   -3.5   0.0   154   176     9    31     7    34 0.77 RSGAB00225_1 # 1 # 756 # 1 # ID=3217_1;partial=11;start_type=Edge;rbs_motif=None;rbs_spacer=None;gc_cont=0.339
RSGAB00225:1-756     -            252 874197at2            -            274    0.0056   13.6   0.1   2   3   0.00012     0.016   12.1   0.0    33    60    99   126    73   178 0.74 RSGAB00225_1 # 1 # 756 # 1 # ID=3217_1;partial=11;start_type=Edge;rbs_motif=None;rbs_spacer=None;gc_cont=0.339
RSGAB00225:1-756     -            252 874197at2            -            274    0.0056   13.6   0.1   3   3       3.8   5.4e+02   -2.7   0.0   189   206   216   233   213   243 0.81 RSGAB00225_1 # 1 # 756 # 1 # ID=3217_1;partial=11;start_type=Edge;rbs_motif=None;rbs_spacer=None;gc_cont=0.339
RSGAB00943:1-756     -            252 874197at2            -            274    0.0056   13.6   0.1   1   3       6.4   9.1e+02   -3.5   0.0   154   176     9    31     7    34 0.77 RSGAB00943_1 # 1 # 756 # 1 # ID=2663_1;partial=11;start_type=Edge;rbs_motif=None;rbs_spacer=None;gc_cont=0.339
RSGAB00943:1-756     -            252 874197at2            -            274    0.0056   13.6   0.1   2   3   0.00012     0.016   12.1   0.0    33    60    99   126    73   178 0.74 RSGAB00943_1 # 1 # 756 # 1 # ID=2663_1;partial=11;start_type=Edge;rbs_motif=None;rbs_spacer=None;gc_cont=0.339
RSGAB00943:1-756     -            252 874197at2            -            274    0.0056   13.6   0.1   3   3       3.8   5.4e+02   -2.7   0.0   189   206   216   233   213   243 0.81 RSGAB00943_1 # 1 # 756 # 1 # ID=2663_1;partial=11;start_type=Edge;rbs_motif=None;rbs_spacer=None;gc_cont=0.339
RSGAB01419:1-756     -            252 874197at2            -            274    0.0056   13.6   0.1   1   3       6.4   9.1e+02   -3.5   0.0   154   176     9    31     7    34 0.77 RSGAB01419_1 # 1 # 756 # 1 # ID=2238_1;partial=11;start_type=Edge;rbs_motif=None;rbs_spacer=None;gc_cont=0.339
RSGAB01419:1-756     -            252 874197at2            -            274    0.0056   13.6   0.1   2   3   0.00012     0.016   12.1   0.0    33    60    99   126    73   178 0.74 RSGAB01419_1 # 1 # 756 # 1 # ID=2238_1;partial=11;start_type=Edge;rbs_motif=None;rbs_spacer=None;gc_cont=0.339
RSGAB01419:1-756     -            252 874197at2            -            274    0.0056   13.6   0.1   3   3       3.8   5.4e+02   -2.7   0.0   189   206   216   233   213   243 0.81 RSGAB01419_1 # 1 # 756 # 1 # ID=2238_1;partial=11;start_type=Edge;rbs_motif=None;rbs_spacer=None;gc_cont=0.339
RSGAB02864:1-948     -            316 874197at2            -            274    0.0061   13.5   0.0   1   1   8.7e-05     0.012   12.5   0.0    35    65    37    67    22    83 0.89 RSGAB02864_1 # 1 # 948 # 1 # ID=813_1;partial=11;start_type=Edge;rbs_motif=None;rbs_spacer=None;gc_cont=0.518
RSGAB03485:1-759     -            253 874197at2            -            274    0.0078   13.1   0.0   1   1   9.3e-05     0.013   12.4   0.0    35    59    99   123    87   184 0.72 RSGAB03485_1 # 1 # 759 # 1 # ID=650_1;partial=11;start_type=Edge;rbs_motif=None;rbs_spacer=None;gc_cont=0.419
RSGAB01743:1-762     -            254 874197at2            -            274    0.0078   13.1   0.0   1   1   9.3e-05     0.013   12.4   0.0    35    59   100   124    88   185 0.72 RSGAB01743_1 # 1 # 762 # 1 # ID=1665_1;partial=11;start_type=Edge;rbs_motif=None;rbs_spacer=None;gc_cont=0.417
RSGAB02619:1-762     -            254 874197at2            -            274    0.0078   13.1   0.0   1   1   9.3e-05     0.013   12.4   0.0    35    59   100   124    88   185 0.72 RSGAB02619_1 # 1 # 762 # 1 # ID=1512_1;partial=11;start_type=Edge;rbs_motif=None;rbs_spacer=None;gc_cont=0.417
RSGAB01902:1-1113    -            371 874197at2            -            274     0.012   12.5   0.1   1   2    0.0012      0.17    8.8   0.1    30    56   173   198   153   221 0.72 RSGAB01902_1 # 1 # 1113 # 1 # ID=1489_1;partial=11;start_type=Edge;rbs_motif=None;rbs_spacer=None;gc_cont=0.539
RSGAB01902:1-1113    -            371 874197at2            -            274     0.012   12.5   0.1   2   2       0.2        28    1.5   0.0    65   106   232   273   211   286 0.80 RSGAB01902_1 # 1 # 1113 # 1 # ID=1489_1;partial=11;start_type=Edge;rbs_motif=None;rbs_spacer=None;gc_cont=0.539
#
# Program:         hmmsearch
# Version:         3.1b2 (February 2015)
# Pipeline mode:   SEARCH
# Query file:      /home/sbraganza/projects/geobacillus_pangenome/geobacillus_thermodenitrificans_pangenome/prepped_fasta/busco_downloads/lineages/bacteria_odb10/hmms/874197at2.hmm
# Target file:     BUSCO/cnambio1/prodigal_output/predicted_genes/predicted.faa
# Option settings: hmmsearch --domtblout BUSCO/cnambio1/run_bacteria_odb10/hmmer_output/874197at2.out --cpu 1 /home/sbraganza/projects/geobacillus_pangenome/geobacillus_thermodenitrificans_pangenome/prepped_fasta/busco_downloads/lineages/bacteria_odb10/hmms/874197at2.hmm BUSCO/cnambio1/prodigal_output/predicted_genes/predicted.faa 
# Current dir:     /home/sbraganza/projects/geobacillus_pangenome/geobacillus_thermodenitrificans_pangenome/prepped_fasta
# Date:            Fri Mar  8 07:38:35 2024
# [ok]
