#                                                                            --- full sequence --- -------------- this domain -------------   hmm coord   ali coord   env coord
# target name        accession   tlen query name           accession   qlen   E-value  score  bias   #  of  c-Evalue  i-Evalue  score  bias  from    to  from    to  from    to  acc description of target
#------------------- ---------- ----- -------------------- ---------- ----- --------- ------ ----- --- --- --------- --------- ------ ----- ----- ----- ----- ----- ----- ----- ---- ---------------------
RSGAB03556:1-1977    -            659 95696at2             -            490  9.8e-233  770.9  14.0   1   2  1.3e-233  5.2e-231  765.2  10.2     1   478    35   590    35   600 0.90 RSGAB03556_1 # 1 # 1977 # 1 # ID=160_1;partial=11;start_type=Edge;rbs_motif=None;rbs_spacer=None;gc_cont=0.530
RSGAB03556:1-1977    -            659 95696at2             -            490  9.8e-233  770.9  14.0   2   2      0.23        93   -0.8   0.2   429   489   588   651   586   652 0.67 RSGAB03556_1 # 1 # 1977 # 1 # ID=160_1;partial=11;start_type=Edge;rbs_motif=None;rbs_spacer=None;gc_cont=0.530
RSGAB03060:1-3531    -           1177 95696at2             -            490   5.8e-18   62.5   7.7   1   4   5.9e-05     0.024   11.0   0.0     2    52    29    79    28    98 0.90 RSGAB03060_1 # 1 # 3531 # 1 # ID=1072_1;partial=11;start_type=Edge;rbs_motif=None;rbs_spacer=None;gc_cont=0.492
RSGAB03060:1-3531    -           1177 95696at2             -            490   5.8e-18   62.5   7.7   2   4   4.5e-07   0.00019   18.0   0.4   122   253   156   312   142   364 0.73 RSGAB03060_1 # 1 # 3531 # 1 # ID=1072_1;partial=11;start_type=Edge;rbs_motif=None;rbs_spacer=None;gc_cont=0.492
RSGAB03060:1-3531    -           1177 95696at2             -            490   5.8e-18   62.5   7.7   3   4     0.063        26    1.0   0.0   341   411   681   752   654   766 0.77 RSGAB03060_1 # 1 # 3531 # 1 # ID=1072_1;partial=11;start_type=Edge;rbs_motif=None;rbs_spacer=None;gc_cont=0.492
RSGAB03060:1-3531    -           1177 95696at2             -            490   5.8e-18   62.5   7.7   4   4   7.6e-11   3.1e-08   30.4   0.2   352   463   852   955   846   963 0.87 RSGAB03060_1 # 1 # 3531 # 1 # ID=1072_1;partial=11;start_type=Edge;rbs_motif=None;rbs_spacer=None;gc_cont=0.492
RSGAB01970:1-2403    -            801 95696at2             -            490   3.3e-12   43.6   0.0   1   2   1.1e-05    0.0044   13.4   0.0     3    52   289   342   287   348 0.83 RSGAB01970_1 # 1 # 2403 # 1 # ID=1421_1;partial=11;start_type=Edge;rbs_motif=None;rbs_spacer=None;gc_cont=0.558
RSGAB01970:1-2403    -            801 95696at2             -            490   3.3e-12   43.6   0.0   2   2     5e-10   2.1e-07   27.7   0.0   345   441   561   666   553   704 0.74 RSGAB01970_1 # 1 # 2403 # 1 # ID=1421_1;partial=11;start_type=Edge;rbs_motif=None;rbs_spacer=None;gc_cont=0.558
RSGAB01955:1-2046    -            682 95696at2             -            490   1.1e-10   38.5   1.2   1   2   2.3e-08   9.6e-06   22.2   0.1   343   409   316   383   303   404 0.89 RSGAB01955_1 # 1 # 2046 # 1 # ID=1436_1;partial=11;start_type=Edge;rbs_motif=None;rbs_spacer=None;gc_cont=0.542
RSGAB01955:1-2046    -            682 95696at2             -            490   1.1e-10   38.5   1.2   2   2   3.8e-06    0.0015   14.9   0.1   357   437   498   574   482   599 0.81 RSGAB01955_1 # 1 # 2046 # 1 # ID=1436_1;partial=11;start_type=Edge;rbs_motif=None;rbs_spacer=None;gc_cont=0.542
RSGAB00535:1-1308    -            436 95696at2             -            490   4.7e-10   36.4   0.3   1   2    0.0049         2    4.7   0.0     6    44    49    93    44   109 0.71 RSGAB00535_1 # 1 # 1308 # 1 # ID=3013_1;partial=11;start_type=Edge;rbs_motif=None;rbs_spacer=None;gc_cont=0.506
RSGAB00535:1-1308    -            436 95696at2             -            490   4.7e-10   36.4   0.3   2   2   1.2e-10   5.1e-08   29.7   0.1   340   409   250   319   233   340 0.92 RSGAB00535_1 # 1 # 1308 # 1 # ID=3013_1;partial=11;start_type=Edge;rbs_motif=None;rbs_spacer=None;gc_cont=0.506
RSGAB02893:1-1401    -            467 95696at2             -            490   2.5e-08   30.8   0.9   1   2     0.013       5.2    3.3   0.1     6    45    47    92    42   102 0.74 RSGAB02893_1 # 1 # 1401 # 1 # ID=610_1;partial=11;start_type=Edge;rbs_motif=None;rbs_spacer=None;gc_cont=0.535
RSGAB02893:1-1401    -            467 95696at2             -            490   2.5e-08   30.8   0.9   2   2   2.1e-09   8.7e-07   25.7   0.1   340   436   244   335   227   394 0.83 RSGAB02893_1 # 1 # 1401 # 1 # ID=610_1;partial=11;start_type=Edge;rbs_motif=None;rbs_spacer=None;gc_cont=0.535
RSGAB02751:1-2994    -            998 95696at2             -            490   3.6e-08   30.2   5.0   1   3    0.0014      0.57    6.5   0.2     5    46    76   118    72   124 0.88 RSGAB02751_1 # 1 # 2994 # 1 # ID=924_1;partial=11;start_type=Edge;rbs_motif=None;rbs_spacer=None;gc_cont=0.312
RSGAB02751:1-2994    -            998 95696at2             -            490   3.6e-08   30.2   5.0   2   3      0.18        76   -0.5   0.0    25    55   183   213   178   216 0.88 RSGAB02751_1 # 1 # 2994 # 1 # ID=924_1;partial=11;start_type=Edge;rbs_motif=None;rbs_spacer=None;gc_cont=0.312
RSGAB02751:1-2994    -            998 95696at2             -            490   3.6e-08   30.2   5.0   3   3   6.7e-09   2.7e-06   24.0   0.2   339   467   284   412   266   434 0.78 RSGAB02751_1 # 1 # 2994 # 1 # ID=924_1;partial=11;start_type=Edge;rbs_motif=None;rbs_spacer=None;gc_cont=0.312
RSGAB03520:1-1374    -            458 95696at2             -            490   6.3e-05   19.5   0.1   1   1   2.4e-07    0.0001   18.9   0.1   350   436   337   418   329   453 0.84 RSGAB03520_1 # 1 # 1374 # 1 # ID=196_1;partial=11;start_type=Edge;rbs_motif=None;rbs_spacer=None;gc_cont=0.566
RSGAB00759:1-1521    -            507 95696at2             -            490   0.00089   15.7   0.0   1   1   4.5e-06    0.0019   14.7   0.0   345   457   237   348   230   352 0.86 RSGAB00759_1 # 1 # 1521 # 1 # ID=3369_1;partial=11;start_type=Edge;rbs_motif=None;rbs_spacer=None;gc_cont=0.583
#
# Program:         hmmsearch
# Version:         3.1b2 (February 2015)
# Pipeline mode:   SEARCH
# Query file:      /home/sbraganza/projects/geobacillus_pangenome/geobacillus_thermodenitrificans_pangenome/prepped_fasta/busco_downloads/lineages/bacteria_odb10/hmms/95696at2.hmm
# Target file:     BUSCO/cnambio1/prodigal_output/predicted_genes/predicted.faa
# Option settings: hmmsearch --domtblout BUSCO/cnambio1/run_bacteria_odb10/hmmer_output/95696at2.out --cpu 1 /home/sbraganza/projects/geobacillus_pangenome/geobacillus_thermodenitrificans_pangenome/prepped_fasta/busco_downloads/lineages/bacteria_odb10/hmms/95696at2.hmm BUSCO/cnambio1/prodigal_output/predicted_genes/predicted.faa 
# Current dir:     /home/sbraganza/projects/geobacillus_pangenome/geobacillus_thermodenitrificans_pangenome/prepped_fasta
# Date:            Fri Mar  8 07:38:36 2024
# [ok]
