#                                                                            --- full sequence --- -------------- this domain -------------   hmm coord   ali coord   env coord
# target name        accession   tlen query name           accession   qlen   E-value  score  bias   #  of  c-Evalue  i-Evalue  score  bias  from    to  from    to  from    to  acc description of target
#------------------- ---------- ----- -------------------- ---------- ----- --------- ------ ----- --- --- --------- --------- ------ ----- ----- ----- ----- ----- ----- ----- ---- ---------------------
RSGAB00522:1-906     -            302 984717at2            -            224   6.2e-72  239.5  10.6   1   1   7.9e-71   1.7e-68  228.2  10.6     1   222    10   292    10   297 0.80 RSGAB00522_1 # 1 # 906 # 1 # ID=3026_1;partial=11;start_type=Edge;rbs_motif=None;rbs_spacer=None;gc_cont=0.490
RSGAB00791:1-1308    -            436 984717at2            -            224     1e-34  117.8   0.8   1   2     8e-20   1.7e-17   61.4   0.0     1   104     5   124     5   134 0.76 RSGAB00791_1 # 1 # 1308 # 1 # ID=3337_1;partial=11;start_type=Edge;rbs_motif=None;rbs_spacer=None;gc_cont=0.509
RSGAB00791:1-1308    -            436 984717at2            -            224     1e-34  117.8   0.8   2   2   1.3e-17   2.8e-15   54.1   0.1     3   106   179   301   177   324 0.71 RSGAB00791_1 # 1 # 1308 # 1 # ID=3337_1;partial=11;start_type=Edge;rbs_motif=None;rbs_spacer=None;gc_cont=0.509
RSGAB03116:1-1386    -            462 984717at2            -            224   3.6e-14   50.5   0.3   1   1   3.5e-16   7.5e-14   49.5   0.3     3   107   228   346   226   363 0.76 RSGAB03116_1 # 1 # 1386 # 1 # ID=440_1;partial=11;start_type=Edge;rbs_motif=None;rbs_spacer=None;gc_cont=0.512
RSGAB01937:1-864     -            288 984717at2            -            224   1.8e-11   41.7   0.4   1   2      0.99   2.1e+02   -1.1   0.2    90   107    52    69    23   110 0.70 RSGAB01937_1 # 1 # 864 # 1 # ID=1454_1;partial=11;start_type=Edge;rbs_motif=None;rbs_spacer=None;gc_cont=0.517
RSGAB01937:1-864     -            288 984717at2            -            224   1.8e-11   41.7   0.4   2   2   3.4e-13   7.4e-11   39.7   0.0     4    63   129   186   126   207 0.89 RSGAB01937_1 # 1 # 864 # 1 # ID=1454_1;partial=11;start_type=Edge;rbs_motif=None;rbs_spacer=None;gc_cont=0.517
RSGAB01565:1-3726    -           1242 984717at2            -            224   1.9e-10   38.4   0.1   1   4    0.0022      0.49    7.6   0.0     2    24    51    73    50   100 0.88 RSGAB01565_1 # 1 # 3726 # 1 # ID=2092_1;partial=11;start_type=Edge;rbs_motif=None;rbs_spacer=None;gc_cont=0.569
RSGAB01565:1-3726    -           1242 984717at2            -            224   1.9e-10   38.4   0.1   2   4   0.00013     0.029   11.6   0.0    49   104   143   209   138   222 0.71 RSGAB01565_1 # 1 # 3726 # 1 # ID=2092_1;partial=11;start_type=Edge;rbs_motif=None;rbs_spacer=None;gc_cont=0.569
RSGAB01565:1-3726    -           1242 984717at2            -            224   1.9e-10   38.4   0.1   3   4    0.0024      0.53    7.5   0.0     2    33   650   681   649   690 0.86 RSGAB01565_1 # 1 # 3726 # 1 # ID=2092_1;partial=11;start_type=Edge;rbs_motif=None;rbs_spacer=None;gc_cont=0.569
RSGAB01565:1-3726    -           1242 984717at2            -            224   1.9e-10   38.4   0.1   4   4    0.0086       1.9    5.7   0.0    48   113   808   873   802   898 0.78 RSGAB01565_1 # 1 # 3726 # 1 # ID=2092_1;partial=11;start_type=Edge;rbs_motif=None;rbs_spacer=None;gc_cont=0.569
RSGAB00366:1-585     -            195 984717at2            -            224     6e-08   30.2   0.0   1   2   8.9e-10   1.9e-07   28.5   0.0     2    59    26    82    25   112 0.85 RSGAB00366_1 # 1 # 585 # 1 # ID=3669_1;partial=11;start_type=Edge;rbs_motif=None;rbs_spacer=None;gc_cont=0.511
RSGAB00366:1-585     -            195 984717at2            -            224     6e-08   30.2   0.0   2   2      0.85   1.8e+02   -0.9   0.0    91   105   134   148   122   165 0.75 RSGAB00366_1 # 1 # 585 # 1 # ID=3669_1;partial=11;start_type=Edge;rbs_motif=None;rbs_spacer=None;gc_cont=0.511
RSGAB01878:1-2205    -            735 984717at2            -            224   7.5e-06   23.3   0.8   1   1   1.2e-07   2.5e-05   21.6   0.8     2   106   241   352   240   371 0.76 RSGAB01878_1 # 1 # 2205 # 1 # ID=1548_1;partial=11;start_type=Edge;rbs_motif=None;rbs_spacer=None;gc_cont=0.512
RSGAB00486:1-1107    -            369 984717at2            -            224   1.1e-05   22.8   0.1   1   1   8.6e-08   1.9e-05   22.0   0.1     2    60   165   226   164   250 0.77 RSGAB00486_1 # 1 # 1107 # 1 # ID=3062_1;partial=11;start_type=Edge;rbs_motif=None;rbs_spacer=None;gc_cont=0.524
RSGAB01643:1-732     -            244 984717at2            -            224   2.8e-05   21.5   0.3   1   1   2.3e-07   5.1e-05   20.6   0.3     2   104     8   113     7   185 0.74 RSGAB01643_1 # 1 # 732 # 1 # ID=2055_1;partial=11;start_type=Edge;rbs_motif=None;rbs_spacer=None;gc_cont=0.496
RSGAB01817:1-1245    -            415 984717at2            -            224   8.9e-05   19.8   0.0   1   1     9e-07    0.0002   18.7   0.0     2    84   199   287   198   366 0.72 RSGAB01817_1 # 1 # 1245 # 1 # ID=1592_1;partial=11;start_type=Edge;rbs_motif=None;rbs_spacer=None;gc_cont=0.549
RSGAB00408:1-1299    -            433 984717at2            -            224   0.00037   17.8   0.0   1   1     8e-06    0.0017   15.6   0.0     2    86   161   250   160   362 0.79 RSGAB00408_1 # 1 # 1299 # 1 # ID=3627_1;partial=11;start_type=Edge;rbs_motif=None;rbs_spacer=None;gc_cont=0.552
RSGAB01245:1-1992    -            664 984717at2            -            224    0.0012   16.2   0.0   1   1   8.1e-06    0.0018   15.6   0.0     1    89     3    94     3   124 0.73 RSGAB01245_1 # 1 # 1992 # 1 # ID=2327_1;partial=11;start_type=Edge;rbs_motif=None;rbs_spacer=None;gc_cont=0.518
RSGAB03127:1-1098    -            366 984717at2            -            224     0.002   15.4   0.1   1   3   9.2e-06     0.002   15.4   0.1     3    20     6    23     4    28 0.89 RSGAB03127_1 # 1 # 1098 # 1 # ID=429_1;partial=11;start_type=Edge;rbs_motif=None;rbs_spacer=None;gc_cont=0.483
RSGAB03127:1-1098    -            366 984717at2            -            224     0.002   15.4   0.1   2   3       4.5   9.7e+02   -3.2   0.0    72   108    96   126    86   140 0.61 RSGAB03127_1 # 1 # 1098 # 1 # ID=429_1;partial=11;start_type=Edge;rbs_motif=None;rbs_spacer=None;gc_cont=0.483
RSGAB03127:1-1098    -            366 984717at2            -            224     0.002   15.4   0.1   3   3       2.2   4.8e+02   -2.2   0.0    74   103   217   245   203   254 0.64 RSGAB03127_1 # 1 # 1098 # 1 # ID=429_1;partial=11;start_type=Edge;rbs_motif=None;rbs_spacer=None;gc_cont=0.483
RSGAB02877:1-1929    -            643 984717at2            -            224    0.0032   14.7   0.2   1   2    0.0028       0.6    7.3   0.0     2    21    32    51    31    55 0.89 RSGAB02877_1 # 1 # 1929 # 1 # ID=625_1;partial=11;start_type=Edge;rbs_motif=None;rbs_spacer=None;gc_cont=0.491
RSGAB02877:1-1929    -            643 984717at2            -            224    0.0032   14.7   0.2   2   2     0.013       2.9    5.0   0.0     2    21   361   379   360   393 0.83 RSGAB02877_1 # 1 # 1929 # 1 # ID=625_1;partial=11;start_type=Edge;rbs_motif=None;rbs_spacer=None;gc_cont=0.491
RSGAB02441:1-795     -            265 984717at2            -            224     0.011   13.0   0.6   1   2   7.5e-05     0.016   12.4   0.1     1    21    34    54    34    78 0.92 RSGAB02441_1 # 1 # 795 # 1 # ID=1248_1;partial=11;start_type=Edge;rbs_motif=None;rbs_spacer=None;gc_cont=0.547
RSGAB02441:1-795     -            265 984717at2            -            224     0.011   13.0   0.6   2   2       4.3   9.3e+02   -3.1   0.0    25    33   204   212   183   230 0.50 RSGAB02441_1 # 1 # 795 # 1 # ID=1248_1;partial=11;start_type=Edge;rbs_motif=None;rbs_spacer=None;gc_cont=0.547
RSGAB01396:1-1572    -            524 984717at2            -            224     0.013   12.8   1.6   1   3    0.0064       1.4    6.1   0.0     2    22    32    52    31   113 0.90 RSGAB01396_1 # 1 # 1572 # 1 # ID=2261_1;partial=11;start_type=Edge;rbs_motif=None;rbs_spacer=None;gc_cont=0.445
RSGAB01396:1-1572    -            524 984717at2            -            224     0.013   12.8   1.6   2   3       6.5   1.4e+03   -3.7   0.1    96   116   240   260   226   263 0.63 RSGAB01396_1 # 1 # 1572 # 1 # ID=2261_1;partial=11;start_type=Edge;rbs_motif=None;rbs_spacer=None;gc_cont=0.445
RSGAB01396:1-1572    -            524 984717at2            -            224     0.013   12.8   1.6   3   3     0.012       2.7    5.2   0.2     2    27   301   326   300   333 0.85 RSGAB01396_1 # 1 # 1572 # 1 # ID=2261_1;partial=11;start_type=Edge;rbs_motif=None;rbs_spacer=None;gc_cont=0.445
RSGAB01057:1-825     -            275 984717at2            -            224     0.025   11.8   2.0   1   2   0.00012     0.027   11.7   0.3     1    20    45    64    45    68 0.91 RSGAB01057_1 # 1 # 825 # 1 # ID=2556_1;partial=11;start_type=Edge;rbs_motif=None;rbs_spacer=None;gc_cont=0.473
RSGAB01057:1-825     -            275 984717at2            -            224     0.025   11.8   2.0   2   2       1.1   2.4e+02   -1.2   0.1    76   100   212   235   185   260 0.46 RSGAB01057_1 # 1 # 825 # 1 # ID=2556_1;partial=11;start_type=Edge;rbs_motif=None;rbs_spacer=None;gc_cont=0.473
#
# Program:         hmmsearch
# Version:         3.1b2 (February 2015)
# Pipeline mode:   SEARCH
# Query file:      /home/sbraganza/projects/geobacillus_pangenome/geobacillus_thermodenitrificans_pangenome/prepped_fasta/busco_downloads/lineages/bacteria_odb10/hmms/984717at2.hmm
# Target file:     BUSCO/cnambio1/prodigal_output/predicted_genes/predicted.faa
# Option settings: hmmsearch --domtblout BUSCO/cnambio1/run_bacteria_odb10/hmmer_output/984717at2.out --cpu 1 /home/sbraganza/projects/geobacillus_pangenome/geobacillus_thermodenitrificans_pangenome/prepped_fasta/busco_downloads/lineages/bacteria_odb10/hmms/984717at2.hmm BUSCO/cnambio1/prodigal_output/predicted_genes/predicted.faa 
# Current dir:     /home/sbraganza/projects/geobacillus_pangenome/geobacillus_thermodenitrificans_pangenome/prepped_fasta
# Date:            Fri Mar  8 07:38:36 2024
# [ok]
